<?xml version="1.0" encoding="UTF-8"?>
<testsuite xmlns:xsi="http://www.w3.org/2001/XMLSchema-instance" xsi:noNamespaceSchemaLocation="https://maven.apache.org/surefire/maven-surefire-plugin/xsd/surefire-test-report-3.0.xsd" version="3.0" name="com.nathan.duoc_usuarios.repository.UsuasrioRepositoryTest" time="3.559" tests="1" errors="0" skipped="0" failures="0">
  <properties>
    <property name="java.specification.version" value="22"/>
    <property name="sun.jnu.encoding" value="UTF-8"/>
    <property name="java.class.path" value="/Users/jonathanbernal/Documents/Duoc/FullStack/Week9/duoc_usuarios/target/test-classes:/Users/jonathanbernal/Documents/Duoc/FullStack/Week9/duoc_usuarios/target/classes:/Users/jonathanbernal/.m2/repository/org/springframework/boot/spring-boot-starter-actuator/3.3.4/spring-boot-starter-actuator-3.3.4.jar:/Users/jonathanbernal/.m2/repository/org/springframework/boot/spring-boot-starter/3.3.4/spring-boot-starter-3.3.4.jar:/Users/jonathanbernal/.m2/repository/org/springframework/boot/spring-boot-starter-logging/3.3.4/spring-boot-starter-logging-3.3.4.jar:/Users/jonathanbernal/.m2/repository/ch/qos/logback/logback-classic/1.5.8/logback-classic-1.5.8.jar:/Users/jonathanbernal/.m2/repository/ch/qos/logback/logback-core/1.5.8/logback-core-1.5.8.jar:/Users/jonathanbernal/.m2/repository/org/apache/logging/log4j/log4j-to-slf4j/2.23.1/log4j-to-slf4j-2.23.1.jar:/Users/jonathanbernal/.m2/repository/org/apache/logging/log4j/log4j-api/2.23.1/log4j-api-2.23.1.jar:/Users/jonathanbernal/.m2/repository/org/slf4j/jul-to-slf4j/2.0.16/jul-to-slf4j-2.0.16.jar:/Users/jonathanbernal/.m2/repository/jakarta/annotation/jakarta.annotation-api/2.1.1/jakarta.annotation-api-2.1.1.jar:/Users/jonathanbernal/.m2/repository/org/yaml/snakeyaml/2.2/snakeyaml-2.2.jar:/Users/jonathanbernal/.m2/repository/org/springframework/boot/spring-boot-actuator-autoconfigure/3.3.4/spring-boot-actuator-autoconfigure-3.3.4.jar:/Users/jonathanbernal/.m2/repository/org/springframework/boot/spring-boot-actuator/3.3.4/spring-boot-actuator-3.3.4.jar:/Users/jonathanbernal/.m2/repository/com/fasterxml/jackson/core/jackson-databind/2.17.2/jackson-databind-2.17.2.jar:/Users/jonathanbernal/.m2/repository/com/fasterxml/jackson/core/jackson-annotations/2.17.2/jackson-annotations-2.17.2.jar:/Users/jonathanbernal/.m2/repository/com/fasterxml/jackson/core/jackson-core/2.17.2/jackson-core-2.17.2.jar:/Users/jonathanbernal/.m2/repository/com/fasterxml/jackson/datatype/jackson-datatype-jsr310/2.17.2/jackson-datatype-jsr310-2.17.2.jar:/Users/jonathanbernal/.m2/repository/io/micrometer/micrometer-observation/1.13.4/micrometer-observation-1.13.4.jar:/Users/jonathanbernal/.m2/repository/io/micrometer/micrometer-commons/1.13.4/micrometer-commons-1.13.4.jar:/Users/jonathanbernal/.m2/repository/io/micrometer/micrometer-jakarta9/1.13.4/micrometer-jakarta9-1.13.4.jar:/Users/jonathanbernal/.m2/repository/io/micrometer/micrometer-core/1.13.4/micrometer-core-1.13.4.jar:/Users/jonathanbernal/.m2/repository/org/hdrhistogram/HdrHistogram/2.2.2/HdrHistogram-2.2.2.jar:/Users/jonathanbernal/.m2/repository/org/latencyutils/LatencyUtils/2.0.3/LatencyUtils-2.0.3.jar:/Users/jonathanbernal/.m2/repository/org/springframework/boot/spring-boot-starter-web/3.3.4/spring-boot-starter-web-3.3.4.jar:/Users/jonathanbernal/.m2/repository/org/springframework/boot/spring-boot-starter-json/3.3.4/spring-boot-starter-json-3.3.4.jar:/Users/jonathanbernal/.m2/repository/com/fasterxml/jackson/datatype/jackson-datatype-jdk8/2.17.2/jackson-datatype-jdk8-2.17.2.jar:/Users/jonathanbernal/.m2/repository/com/fasterxml/jackson/module/jackson-module-parameter-names/2.17.2/jackson-module-parameter-names-2.17.2.jar:/Users/jonathanbernal/.m2/repository/org/springframework/boot/spring-boot-starter-tomcat/3.3.4/spring-boot-starter-tomcat-3.3.4.jar:/Users/jonathanbernal/.m2/repository/org/apache/tomcat/embed/tomcat-embed-core/10.1.30/tomcat-embed-core-10.1.30.jar:/Users/jonathanbernal/.m2/repository/org/apache/tomcat/embed/tomcat-embed-websocket/10.1.30/tomcat-embed-websocket-10.1.30.jar:/Users/jonathanbernal/.m2/repository/org/springframework/spring-web/6.1.13/spring-web-6.1.13.jar:/Users/jonathanbernal/.m2/repository/org/springframework/spring-beans/6.1.13/spring-beans-6.1.13.jar:/Users/jonathanbernal/.m2/repository/org/springframework/spring-webmvc/6.1.13/spring-webmvc-6.1.13.jar:/Users/jonathanbernal/.m2/repository/org/springframework/spring-aop/6.1.13/spring-aop-6.1.13.jar:/Users/jonathanbernal/.m2/repository/org/springframework/spring-context/6.1.13/spring-context-6.1.13.jar:/Users/jonathanbernal/.m2/repository/org/springframework/spring-expression/6.1.13/spring-expression-6.1.13.jar:/Users/jonathanbernal/.m2/repository/org/springframework/boot/spring-boot-devtools/3.3.4/spring-boot-devtools-3.3.4.jar:/Users/jonathanbernal/.m2/repository/org/springframework/boot/spring-boot/3.3.4/spring-boot-3.3.4.jar:/Users/jonathanbernal/.m2/repository/org/springframework/boot/spring-boot-autoconfigure/3.3.4/spring-boot-autoconfigure-3.3.4.jar:/Users/jonathanbernal/.m2/repository/org/projectlombok/lombok/1.18.34/lombok-1.18.34.jar:/Users/jonathanbernal/.m2/repository/org/springframework/boot/spring-boot-starter-test/3.3.4/spring-boot-starter-test-3.3.4.jar:/Users/jonathanbernal/.m2/repository/org/springframework/boot/spring-boot-test/3.3.4/spring-boot-test-3.3.4.jar:/Users/jonathanbernal/.m2/repository/org/springframework/boot/spring-boot-test-autoconfigure/3.3.4/spring-boot-test-autoconfigure-3.3.4.jar:/Users/jonathanbernal/.m2/repository/com/jayway/jsonpath/json-path/2.9.0/json-path-2.9.0.jar:/Users/jonathanbernal/.m2/repository/org/slf4j/slf4j-api/2.0.16/slf4j-api-2.0.16.jar:/Users/jonathanbernal/.m2/repository/jakarta/xml/bind/jakarta.xml.bind-api/4.0.2/jakarta.xml.bind-api-4.0.2.jar:/Users/jonathanbernal/.m2/repository/jakarta/activation/jakarta.activation-api/2.1.3/jakarta.activation-api-2.1.3.jar:/Users/jonathanbernal/.m2/repository/net/minidev/json-smart/2.5.1/json-smart-2.5.1.jar:/Users/jonathanbernal/.m2/repository/net/minidev/accessors-smart/2.5.1/accessors-smart-2.5.1.jar:/Users/jonathanbernal/.m2/repository/org/ow2/asm/asm/9.6/asm-9.6.jar:/Users/jonathanbernal/.m2/repository/org/assertj/assertj-core/3.25.3/assertj-core-3.25.3.jar:/Users/jonathanbernal/.m2/repository/net/bytebuddy/byte-buddy/1.14.19/byte-buddy-1.14.19.jar:/Users/jonathanbernal/.m2/repository/org/awaitility/awaitility/4.2.2/awaitility-4.2.2.jar:/Users/jonathanbernal/.m2/repository/org/junit/jupiter/junit-jupiter/5.10.3/junit-jupiter-5.10.3.jar:/Users/jonathanbernal/.m2/repository/org/junit/jupiter/junit-jupiter-api/5.10.3/junit-jupiter-api-5.10.3.jar:/Users/jonathanbernal/.m2/repository/org/opentest4j/opentest4j/1.3.0/opentest4j-1.3.0.jar:/Users/jonathanbernal/.m2/repository/org/junit/platform/junit-platform-commons/1.10.3/junit-platform-commons-1.10.3.jar:/Users/jonathanbernal/.m2/repository/org/apiguardian/apiguardian-api/1.1.2/apiguardian-api-1.1.2.jar:/Users/jonathanbernal/.m2/repository/org/junit/jupiter/junit-jupiter-params/5.10.3/junit-jupiter-params-5.10.3.jar:/Users/jonathanbernal/.m2/repository/org/junit/jupiter/junit-jupiter-engine/5.10.3/junit-jupiter-engine-5.10.3.jar:/Users/jonathanbernal/.m2/repository/org/junit/platform/junit-platform-engine/1.10.3/junit-platform-engine-1.10.3.jar:/Users/jonathanbernal/.m2/repository/org/mockito/mockito-core/5.11.0/mockito-core-5.11.0.jar:/Users/jonathanbernal/.m2/repository/net/bytebuddy/byte-buddy-agent/1.14.19/byte-buddy-agent-1.14.19.jar:/Users/jonathanbernal/.m2/repository/org/objenesis/objenesis/3.3/objenesis-3.3.jar:/Users/jonathanbernal/.m2/repository/org/mockito/mockito-junit-jupiter/5.11.0/mockito-junit-jupiter-5.11.0.jar:/Users/jonathanbernal/.m2/repository/org/skyscreamer/jsonassert/1.5.3/jsonassert-1.5.3.jar:/Users/jonathanbernal/.m2/repository/com/vaadin/external/google/android-json/0.0.20131108.vaadin1/android-json-0.0.20131108.vaadin1.jar:/Users/jonathanbernal/.m2/repository/org/springframework/spring-core/6.1.13/spring-core-6.1.13.jar:/Users/jonathanbernal/.m2/repository/org/springframework/spring-jcl/6.1.13/spring-jcl-6.1.13.jar:/Users/jonathanbernal/.m2/repository/org/springframework/spring-test/6.1.13/spring-test-6.1.13.jar:/Users/jonathanbernal/.m2/repository/org/xmlunit/xmlunit-core/2.9.1/xmlunit-core-2.9.1.jar:/Users/jonathanbernal/.m2/repository/org/springframework/boot/spring-boot-starter-data-jpa/3.3.4/spring-boot-starter-data-jpa-3.3.4.jar:/Users/jonathanbernal/.m2/repository/org/springframework/boot/spring-boot-starter-aop/3.3.4/spring-boot-starter-aop-3.3.4.jar:/Users/jonathanbernal/.m2/repository/org/aspectj/aspectjweaver/1.9.22.1/aspectjweaver-1.9.22.1.jar:/Users/jonathanbernal/.m2/repository/org/springframework/boot/spring-boot-starter-jdbc/3.3.4/spring-boot-starter-jdbc-3.3.4.jar:/Users/jonathanbernal/.m2/repository/com/zaxxer/HikariCP/5.1.0/HikariCP-5.1.0.jar:/Users/jonathanbernal/.m2/repository/org/springframework/spring-jdbc/6.1.13/spring-jdbc-6.1.13.jar:/Users/jonathanbernal/.m2/repository/org/hibernate/orm/hibernate-core/6.5.3.Final/hibernate-core-6.5.3.Final.jar:/Users/jonathanbernal/.m2/repository/jakarta/persistence/jakarta.persistence-api/3.1.0/jakarta.persistence-api-3.1.0.jar:/Users/jonathanbernal/.m2/repository/jakarta/transaction/jakarta.transaction-api/2.0.1/jakarta.transaction-api-2.0.1.jar:/Users/jonathanbernal/.m2/repository/org/jboss/logging/jboss-logging/3.5.3.Final/jboss-logging-3.5.3.Final.jar:/Users/jonathanbernal/.m2/repository/org/hibernate/common/hibernate-commons-annotations/6.0.6.Final/hibernate-commons-annotations-6.0.6.Final.jar:/Users/jonathanbernal/.m2/repository/io/smallrye/jandex/3.1.2/jandex-3.1.2.jar:/Users/jonathanbernal/.m2/repository/com/fasterxml/classmate/1.7.0/classmate-1.7.0.jar:/Users/jonathanbernal/.m2/repository/org/glassfish/jaxb/jaxb-runtime/4.0.5/jaxb-runtime-4.0.5.jar:/Users/jonathanbernal/.m2/repository/org/glassfish/jaxb/jaxb-core/4.0.5/jaxb-core-4.0.5.jar:/Users/jonathanbernal/.m2/repository/org/eclipse/angus/angus-activation/2.0.2/angus-activation-2.0.2.jar:/Users/jonathanbernal/.m2/repository/org/glassfish/jaxb/txw2/4.0.5/txw2-4.0.5.jar:/Users/jonathanbernal/.m2/repository/com/sun/istack/istack-commons-runtime/4.1.2/istack-commons-runtime-4.1.2.jar:/Users/jonathanbernal/.m2/repository/jakarta/inject/jakarta.inject-api/2.0.1/jakarta.inject-api-2.0.1.jar:/Users/jonathanbernal/.m2/repository/org/antlr/antlr4-runtime/4.13.0/antlr4-runtime-4.13.0.jar:/Users/jonathanbernal/.m2/repository/org/springframework/data/spring-data-jpa/3.3.4/spring-data-jpa-3.3.4.jar:/Users/jonathanbernal/.m2/repository/org/springframework/data/spring-data-commons/3.3.4/spring-data-commons-3.3.4.jar:/Users/jonathanbernal/.m2/repository/org/springframework/spring-orm/6.1.13/spring-orm-6.1.13.jar:/Users/jonathanbernal/.m2/repository/org/springframework/spring-tx/6.1.13/spring-tx-6.1.13.jar:/Users/jonathanbernal/.m2/repository/org/springframework/spring-aspects/6.1.13/spring-aspects-6.1.13.jar:/Users/jonathanbernal/.m2/repository/com/oracle/database/jdbc/ojdbc11/21.9.0.0/ojdbc11-21.9.0.0.jar:/Users/jonathanbernal/.m2/repository/com/oracle/database/security/oraclepki/21.5.0.0/oraclepki-21.5.0.0.jar:/Users/jonathanbernal/.m2/repository/com/oracle/database/security/osdt_cert/21.5.0.0/osdt_cert-21.5.0.0.jar:/Users/jonathanbernal/.m2/repository/com/oracle/database/security/osdt_core/21.5.0.0/osdt_core-21.5.0.0.jar:/Users/jonathanbernal/.m2/repository/org/hamcrest/hamcrest/2.2/hamcrest-2.2.jar:/Users/jonathanbernal/.m2/repository/org/springframework/boot/spring-boot-starter-validation/3.3.4/spring-boot-starter-validation-3.3.4.jar:/Users/jonathanbernal/.m2/repository/org/apache/tomcat/embed/tomcat-embed-el/10.1.30/tomcat-embed-el-10.1.30.jar:/Users/jonathanbernal/.m2/repository/org/hibernate/validator/hibernate-validator/8.0.1.Final/hibernate-validator-8.0.1.Final.jar:/Users/jonathanbernal/.m2/repository/jakarta/validation/jakarta.validation-api/3.0.2/jakarta.validation-api-3.0.2.jar:/Users/jonathanbernal/.m2/repository/org/springframework/boot/spring-boot-starter-hateoas/3.3.4/spring-boot-starter-hateoas-3.3.4.jar:/Users/jonathanbernal/.m2/repository/org/springframework/hateoas/spring-hateoas/2.3.3/spring-hateoas-2.3.3.jar:/Users/jonathanbernal/.m2/repository/org/springframework/plugin/spring-plugin-core/3.0.0/spring-plugin-core-3.0.0.jar:"/>
    <property name="java.vm.vendor" value="Homebrew"/>
    <property name="sun.arch.data.model" value="64"/>
    <property name="java.vendor.url" value="https://github.com/Homebrew/homebrew-core/issues"/>
    <property name="user.timezone" value="America/Santiago"/>
    <property name="org.jboss.logging.provider" value="slf4j"/>
    <property name="os.name" value="Mac OS X"/>
    <property name="java.vm.specification.version" value="22"/>
    <property name="sun.java.launcher" value="SUN_STANDARD"/>
    <property name="user.country" value="419"/>
    <property name="sun.boot.library.path" value="/opt/homebrew/Cellar/openjdk/22.0.2/libexec/openjdk.jdk/Contents/Home/lib"/>
    <property name="sun.java.command" value="/Users/jonathanbernal/Documents/Duoc/FullStack/Week9/duoc_usuarios/target/surefire/surefirebooter-20241007000103872_3.jar /Users/jonathanbernal/Documents/Duoc/FullStack/Week9/duoc_usuarios/target/surefire 2024-10-07T00-01-03_656-jvmRun1 surefire-20241007000103872_1tmp surefire_0-20241007000103872_2tmp"/>
    <property name="http.nonProxyHosts" value="local|*.local|169.254/16|*.169.254/16"/>
    <property name="jdk.debug" value="release"/>
    <property name="surefire.test.class.path" value="/Users/jonathanbernal/Documents/Duoc/FullStack/Week9/duoc_usuarios/target/test-classes:/Users/jonathanbernal/Documents/Duoc/FullStack/Week9/duoc_usuarios/target/classes:/Users/jonathanbernal/.m2/repository/org/springframework/boot/spring-boot-starter-actuator/3.3.4/spring-boot-starter-actuator-3.3.4.jar:/Users/jonathanbernal/.m2/repository/org/springframework/boot/spring-boot-starter/3.3.4/spring-boot-starter-3.3.4.jar:/Users/jonathanbernal/.m2/repository/org/springframework/boot/spring-boot-starter-logging/3.3.4/spring-boot-starter-logging-3.3.4.jar:/Users/jonathanbernal/.m2/repository/ch/qos/logback/logback-classic/1.5.8/logback-classic-1.5.8.jar:/Users/jonathanbernal/.m2/repository/ch/qos/logback/logback-core/1.5.8/logback-core-1.5.8.jar:/Users/jonathanbernal/.m2/repository/org/apache/logging/log4j/log4j-to-slf4j/2.23.1/log4j-to-slf4j-2.23.1.jar:/Users/jonathanbernal/.m2/repository/org/apache/logging/log4j/log4j-api/2.23.1/log4j-api-2.23.1.jar:/Users/jonathanbernal/.m2/repository/org/slf4j/jul-to-slf4j/2.0.16/jul-to-slf4j-2.0.16.jar:/Users/jonathanbernal/.m2/repository/jakarta/annotation/jakarta.annotation-api/2.1.1/jakarta.annotation-api-2.1.1.jar:/Users/jonathanbernal/.m2/repository/org/yaml/snakeyaml/2.2/snakeyaml-2.2.jar:/Users/jonathanbernal/.m2/repository/org/springframework/boot/spring-boot-actuator-autoconfigure/3.3.4/spring-boot-actuator-autoconfigure-3.3.4.jar:/Users/jonathanbernal/.m2/repository/org/springframework/boot/spring-boot-actuator/3.3.4/spring-boot-actuator-3.3.4.jar:/Users/jonathanbernal/.m2/repository/com/fasterxml/jackson/core/jackson-databind/2.17.2/jackson-databind-2.17.2.jar:/Users/jonathanbernal/.m2/repository/com/fasterxml/jackson/core/jackson-annotations/2.17.2/jackson-annotations-2.17.2.jar:/Users/jonathanbernal/.m2/repository/com/fasterxml/jackson/core/jackson-core/2.17.2/jackson-core-2.17.2.jar:/Users/jonathanbernal/.m2/repository/com/fasterxml/jackson/datatype/jackson-datatype-jsr310/2.17.2/jackson-datatype-jsr310-2.17.2.jar:/Users/jonathanbernal/.m2/repository/io/micrometer/micrometer-observation/1.13.4/micrometer-observation-1.13.4.jar:/Users/jonathanbernal/.m2/repository/io/micrometer/micrometer-commons/1.13.4/micrometer-commons-1.13.4.jar:/Users/jonathanbernal/.m2/repository/io/micrometer/micrometer-jakarta9/1.13.4/micrometer-jakarta9-1.13.4.jar:/Users/jonathanbernal/.m2/repository/io/micrometer/micrometer-core/1.13.4/micrometer-core-1.13.4.jar:/Users/jonathanbernal/.m2/repository/org/hdrhistogram/HdrHistogram/2.2.2/HdrHistogram-2.2.2.jar:/Users/jonathanbernal/.m2/repository/org/latencyutils/LatencyUtils/2.0.3/LatencyUtils-2.0.3.jar:/Users/jonathanbernal/.m2/repository/org/springframework/boot/spring-boot-starter-web/3.3.4/spring-boot-starter-web-3.3.4.jar:/Users/jonathanbernal/.m2/repository/org/springframework/boot/spring-boot-starter-json/3.3.4/spring-boot-starter-json-3.3.4.jar:/Users/jonathanbernal/.m2/repository/com/fasterxml/jackson/datatype/jackson-datatype-jdk8/2.17.2/jackson-datatype-jdk8-2.17.2.jar:/Users/jonathanbernal/.m2/repository/com/fasterxml/jackson/module/jackson-module-parameter-names/2.17.2/jackson-module-parameter-names-2.17.2.jar:/Users/jonathanbernal/.m2/repository/org/springframework/boot/spring-boot-starter-tomcat/3.3.4/spring-boot-starter-tomcat-3.3.4.jar:/Users/jonathanbernal/.m2/repository/org/apache/tomcat/embed/tomcat-embed-core/10.1.30/tomcat-embed-core-10.1.30.jar:/Users/jonathanbernal/.m2/repository/org/apache/tomcat/embed/tomcat-embed-websocket/10.1.30/tomcat-embed-websocket-10.1.30.jar:/Users/jonathanbernal/.m2/repository/org/springframework/spring-web/6.1.13/spring-web-6.1.13.jar:/Users/jonathanbernal/.m2/repository/org/springframework/spring-beans/6.1.13/spring-beans-6.1.13.jar:/Users/jonathanbernal/.m2/repository/org/springframework/spring-webmvc/6.1.13/spring-webmvc-6.1.13.jar:/Users/jonathanbernal/.m2/repository/org/springframework/spring-aop/6.1.13/spring-aop-6.1.13.jar:/Users/jonathanbernal/.m2/repository/org/springframework/spring-context/6.1.13/spring-context-6.1.13.jar:/Users/jonathanbernal/.m2/repository/org/springframework/spring-expression/6.1.13/spring-expression-6.1.13.jar:/Users/jonathanbernal/.m2/repository/org/springframework/boot/spring-boot-devtools/3.3.4/spring-boot-devtools-3.3.4.jar:/Users/jonathanbernal/.m2/repository/org/springframework/boot/spring-boot/3.3.4/spring-boot-3.3.4.jar:/Users/jonathanbernal/.m2/repository/org/springframework/boot/spring-boot-autoconfigure/3.3.4/spring-boot-autoconfigure-3.3.4.jar:/Users/jonathanbernal/.m2/repository/org/projectlombok/lombok/1.18.34/lombok-1.18.34.jar:/Users/jonathanbernal/.m2/repository/org/springframework/boot/spring-boot-starter-test/3.3.4/spring-boot-starter-test-3.3.4.jar:/Users/jonathanbernal/.m2/repository/org/springframework/boot/spring-boot-test/3.3.4/spring-boot-test-3.3.4.jar:/Users/jonathanbernal/.m2/repository/org/springframework/boot/spring-boot-test-autoconfigure/3.3.4/spring-boot-test-autoconfigure-3.3.4.jar:/Users/jonathanbernal/.m2/repository/com/jayway/jsonpath/json-path/2.9.0/json-path-2.9.0.jar:/Users/jonathanbernal/.m2/repository/org/slf4j/slf4j-api/2.0.16/slf4j-api-2.0.16.jar:/Users/jonathanbernal/.m2/repository/jakarta/xml/bind/jakarta.xml.bind-api/4.0.2/jakarta.xml.bind-api-4.0.2.jar:/Users/jonathanbernal/.m2/repository/jakarta/activation/jakarta.activation-api/2.1.3/jakarta.activation-api-2.1.3.jar:/Users/jonathanbernal/.m2/repository/net/minidev/json-smart/2.5.1/json-smart-2.5.1.jar:/Users/jonathanbernal/.m2/repository/net/minidev/accessors-smart/2.5.1/accessors-smart-2.5.1.jar:/Users/jonathanbernal/.m2/repository/org/ow2/asm/asm/9.6/asm-9.6.jar:/Users/jonathanbernal/.m2/repository/org/assertj/assertj-core/3.25.3/assertj-core-3.25.3.jar:/Users/jonathanbernal/.m2/repository/net/bytebuddy/byte-buddy/1.14.19/byte-buddy-1.14.19.jar:/Users/jonathanbernal/.m2/repository/org/awaitility/awaitility/4.2.2/awaitility-4.2.2.jar:/Users/jonathanbernal/.m2/repository/org/junit/jupiter/junit-jupiter/5.10.3/junit-jupiter-5.10.3.jar:/Users/jonathanbernal/.m2/repository/org/junit/jupiter/junit-jupiter-api/5.10.3/junit-jupiter-api-5.10.3.jar:/Users/jonathanbernal/.m2/repository/org/opentest4j/opentest4j/1.3.0/opentest4j-1.3.0.jar:/Users/jonathanbernal/.m2/repository/org/junit/platform/junit-platform-commons/1.10.3/junit-platform-commons-1.10.3.jar:/Users/jonathanbernal/.m2/repository/org/apiguardian/apiguardian-api/1.1.2/apiguardian-api-1.1.2.jar:/Users/jonathanbernal/.m2/repository/org/junit/jupiter/junit-jupiter-params/5.10.3/junit-jupiter-params-5.10.3.jar:/Users/jonathanbernal/.m2/repository/org/junit/jupiter/junit-jupiter-engine/5.10.3/junit-jupiter-engine-5.10.3.jar:/Users/jonathanbernal/.m2/repository/org/junit/platform/junit-platform-engine/1.10.3/junit-platform-engine-1.10.3.jar:/Users/jonathanbernal/.m2/repository/org/mockito/mockito-core/5.11.0/mockito-core-5.11.0.jar:/Users/jonathanbernal/.m2/repository/net/bytebuddy/byte-buddy-agent/1.14.19/byte-buddy-agent-1.14.19.jar:/Users/jonathanbernal/.m2/repository/org/objenesis/objenesis/3.3/objenesis-3.3.jar:/Users/jonathanbernal/.m2/repository/org/mockito/mockito-junit-jupiter/5.11.0/mockito-junit-jupiter-5.11.0.jar:/Users/jonathanbernal/.m2/repository/org/skyscreamer/jsonassert/1.5.3/jsonassert-1.5.3.jar:/Users/jonathanbernal/.m2/repository/com/vaadin/external/google/android-json/0.0.20131108.vaadin1/android-json-0.0.20131108.vaadin1.jar:/Users/jonathanbernal/.m2/repository/org/springframework/spring-core/6.1.13/spring-core-6.1.13.jar:/Users/jonathanbernal/.m2/repository/org/springframework/spring-jcl/6.1.13/spring-jcl-6.1.13.jar:/Users/jonathanbernal/.m2/repository/org/springframework/spring-test/6.1.13/spring-test-6.1.13.jar:/Users/jonathanbernal/.m2/repository/org/xmlunit/xmlunit-core/2.9.1/xmlunit-core-2.9.1.jar:/Users/jonathanbernal/.m2/repository/org/springframework/boot/spring-boot-starter-data-jpa/3.3.4/spring-boot-starter-data-jpa-3.3.4.jar:/Users/jonathanbernal/.m2/repository/org/springframework/boot/spring-boot-starter-aop/3.3.4/spring-boot-starter-aop-3.3.4.jar:/Users/jonathanbernal/.m2/repository/org/aspectj/aspectjweaver/1.9.22.1/aspectjweaver-1.9.22.1.jar:/Users/jonathanbernal/.m2/repository/org/springframework/boot/spring-boot-starter-jdbc/3.3.4/spring-boot-starter-jdbc-3.3.4.jar:/Users/jonathanbernal/.m2/repository/com/zaxxer/HikariCP/5.1.0/HikariCP-5.1.0.jar:/Users/jonathanbernal/.m2/repository/org/springframework/spring-jdbc/6.1.13/spring-jdbc-6.1.13.jar:/Users/jonathanbernal/.m2/repository/org/hibernate/orm/hibernate-core/6.5.3.Final/hibernate-core-6.5.3.Final.jar:/Users/jonathanbernal/.m2/repository/jakarta/persistence/jakarta.persistence-api/3.1.0/jakarta.persistence-api-3.1.0.jar:/Users/jonathanbernal/.m2/repository/jakarta/transaction/jakarta.transaction-api/2.0.1/jakarta.transaction-api-2.0.1.jar:/Users/jonathanbernal/.m2/repository/org/jboss/logging/jboss-logging/3.5.3.Final/jboss-logging-3.5.3.Final.jar:/Users/jonathanbernal/.m2/repository/org/hibernate/common/hibernate-commons-annotations/6.0.6.Final/hibernate-commons-annotations-6.0.6.Final.jar:/Users/jonathanbernal/.m2/repository/io/smallrye/jandex/3.1.2/jandex-3.1.2.jar:/Users/jonathanbernal/.m2/repository/com/fasterxml/classmate/1.7.0/classmate-1.7.0.jar:/Users/jonathanbernal/.m2/repository/org/glassfish/jaxb/jaxb-runtime/4.0.5/jaxb-runtime-4.0.5.jar:/Users/jonathanbernal/.m2/repository/org/glassfish/jaxb/jaxb-core/4.0.5/jaxb-core-4.0.5.jar:/Users/jonathanbernal/.m2/repository/org/eclipse/angus/angus-activation/2.0.2/angus-activation-2.0.2.jar:/Users/jonathanbernal/.m2/repository/org/glassfish/jaxb/txw2/4.0.5/txw2-4.0.5.jar:/Users/jonathanbernal/.m2/repository/com/sun/istack/istack-commons-runtime/4.1.2/istack-commons-runtime-4.1.2.jar:/Users/jonathanbernal/.m2/repository/jakarta/inject/jakarta.inject-api/2.0.1/jakarta.inject-api-2.0.1.jar:/Users/jonathanbernal/.m2/repository/org/antlr/antlr4-runtime/4.13.0/antlr4-runtime-4.13.0.jar:/Users/jonathanbernal/.m2/repository/org/springframework/data/spring-data-jpa/3.3.4/spring-data-jpa-3.3.4.jar:/Users/jonathanbernal/.m2/repository/org/springframework/data/spring-data-commons/3.3.4/spring-data-commons-3.3.4.jar:/Users/jonathanbernal/.m2/repository/org/springframework/spring-orm/6.1.13/spring-orm-6.1.13.jar:/Users/jonathanbernal/.m2/repository/org/springframework/spring-tx/6.1.13/spring-tx-6.1.13.jar:/Users/jonathanbernal/.m2/repository/org/springframework/spring-aspects/6.1.13/spring-aspects-6.1.13.jar:/Users/jonathanbernal/.m2/repository/com/oracle/database/jdbc/ojdbc11/21.9.0.0/ojdbc11-21.9.0.0.jar:/Users/jonathanbernal/.m2/repository/com/oracle/database/security/oraclepki/21.5.0.0/oraclepki-21.5.0.0.jar:/Users/jonathanbernal/.m2/repository/com/oracle/database/security/osdt_cert/21.5.0.0/osdt_cert-21.5.0.0.jar:/Users/jonathanbernal/.m2/repository/com/oracle/database/security/osdt_core/21.5.0.0/osdt_core-21.5.0.0.jar:/Users/jonathanbernal/.m2/repository/org/hamcrest/hamcrest/2.2/hamcrest-2.2.jar:/Users/jonathanbernal/.m2/repository/org/springframework/boot/spring-boot-starter-validation/3.3.4/spring-boot-starter-validation-3.3.4.jar:/Users/jonathanbernal/.m2/repository/org/apache/tomcat/embed/tomcat-embed-el/10.1.30/tomcat-embed-el-10.1.30.jar:/Users/jonathanbernal/.m2/repository/org/hibernate/validator/hibernate-validator/8.0.1.Final/hibernate-validator-8.0.1.Final.jar:/Users/jonathanbernal/.m2/repository/jakarta/validation/jakarta.validation-api/3.0.2/jakarta.validation-api-3.0.2.jar:/Users/jonathanbernal/.m2/repository/org/springframework/boot/spring-boot-starter-hateoas/3.3.4/spring-boot-starter-hateoas-3.3.4.jar:/Users/jonathanbernal/.m2/repository/org/springframework/hateoas/spring-hateoas/2.3.3/spring-hateoas-2.3.3.jar:/Users/jonathanbernal/.m2/repository/org/springframework/plugin/spring-plugin-core/3.0.0/spring-plugin-core-3.0.0.jar:"/>
    <property name="sun.cpu.endian" value="little"/>
    <property name="user.home" value="/Users/jonathanbernal"/>
    <property name="user.language" value="es"/>
    <property name="java.specification.vendor" value="Oracle Corporation"/>
    <property name="java.version.date" value="2024-07-16"/>
    <property name="java.home" value="/opt/homebrew/Cellar/openjdk/22.0.2/libexec/openjdk.jdk/Contents/Home"/>
    <property name="file.separator" value="/"/>
    <property name="basedir" value="/Users/jonathanbernal/Documents/Duoc/FullStack/Week9/duoc_usuarios"/>
    <property name="java.vm.compressedOopsMode" value="Zero based"/>
    <property name="line.separator" value="&#10;"/>
    <property name="java.vm.specification.vendor" value="Oracle Corporation"/>
    <property name="java.specification.name" value="Java Platform API Specification"/>
    <property name="FILE_LOG_CHARSET" value="UTF-8"/>
    <property name="java.awt.headless" value="true"/>
    <property name="apple.awt.application.name" value="ForkedBooter"/>
    <property name="surefire.real.class.path" value="/Users/jonathanbernal/Documents/Duoc/FullStack/Week9/duoc_usuarios/target/surefire/surefirebooter-20241007000103872_3.jar"/>
    <property name="sun.management.compiler" value="HotSpot 64-Bit Tiered Compilers"/>
    <property name="ftp.nonProxyHosts" value="local|*.local|169.254/16|*.169.254/16"/>
    <property name="java.runtime.version" value="22.0.2"/>
    <property name="user.name" value="jonathanbernal"/>
    <property name="stdout.encoding" value="UTF-8"/>
    <property name="path.separator" value=":"/>
    <property name="os.version" value="14.5"/>
    <property name="java.runtime.name" value="OpenJDK Runtime Environment"/>
    <property name="skipTest" value="true"/>
    <property name="file.encoding" value="UTF-8"/>
    <property name="java.vm.name" value="OpenJDK 64-Bit Server VM"/>
    <property name="java.vendor.version" value="Homebrew"/>
    <property name="localRepository" value="/Users/jonathanbernal/.m2/repository"/>
    <property name="java.vendor.url.bug" value="https://github.com/Homebrew/homebrew-core/issues"/>
    <property name="java.io.tmpdir" value="/var/folders/nr/9gzlnt1s6xz7qdh8dxxx6c_00000gp/T/"/>
    <property name="com.zaxxer.hikari.pool_number" value="1"/>
    <property name="java.version" value="22.0.2"/>
    <property name="user.dir" value="/Users/jonathanbernal/Documents/Duoc/FullStack/Week9/duoc_usuarios"/>
    <property name="os.arch" value="aarch64"/>
    <property name="java.vm.specification.name" value="Java Virtual Machine Specification"/>
    <property name="PID" value="14033"/>
    <property name="CONSOLE_LOG_CHARSET" value="UTF-8"/>
    <property name="native.encoding" value="UTF-8"/>
    <property name="java.library.path" value="/Users/jonathanbernal/Library/Java/Extensions:/Library/Java/Extensions:/Network/Library/Java/Extensions:/System/Library/Java/Extensions:/usr/lib/java:."/>
    <property name="java.vm.info" value="mixed mode, sharing"/>
    <property name="stderr.encoding" value="UTF-8"/>
    <property name="java.vendor" value="Homebrew"/>
    <property name="java.vm.version" value="22.0.2"/>
    <property name="sun.io.unicode.encoding" value="UnicodeBig"/>
    <property name="socksNonProxyHosts" value="local|*.local|169.254/16|*.169.254/16"/>
    <property name="java.class.version" value="66.0"/>
    <property name="LOGGED_APPLICATION_NAME" value="[duoc_usuarios] "/>
  </properties>
  <testcase name="guardarUsuarioTest" classname="com.nathan.duoc_usuarios.repository.UsuasrioRepositoryTest" time="0.481">
    <system-out><![CDATA[00:01:04.525 [main] INFO org.springframework.test.context.support.AnnotationConfigContextLoaderUtils -- Could not detect default configuration classes for test class [com.nathan.duoc_usuarios.repository.UsuasrioRepositoryTest]: UsuasrioRepositoryTest does not declare any static, non-private, non-final, nested classes annotated with @Configuration.
00:01:04.606 [main] INFO org.springframework.boot.test.context.SpringBootTestContextBootstrapper -- Found @SpringBootConfiguration com.nathan.duoc_usuarios.DuocUsuariosApplication for test class com.nathan.duoc_usuarios.repository.UsuasrioRepositoryTest
00:01:04.649 [main] INFO org.springframework.boot.devtools.restart.RestartApplicationListener -- Restart disabled due to context in which it is running

  .   ____          _            __ _ _
 /\\ / ___'_ __ _ _(_)_ __  __ _ \ \ \ \
( ( )\___ | '_ | '_| | '_ \/ _` | \ \ \ \
 \\/  ___)| |_)| | | | | || (_| |  ) ) ) )
  '  |____| .__|_| |_|_| |_\__, | / / / /
 =========|_|==============|___/=/_/_/_/

 :: Spring Boot ::                (v3.3.4)

2024-10-07T00:01:04.805-03:00 DEBUG 14033 --- [duoc_usuarios] [kground-preinit] o.h.v.i.xml.config.ValidationXmlParser   : Trying to load META-INF/validation.xml for XML based Validator configuration.
2024-10-07T00:01:04.855-03:00 DEBUG 14033 --- [duoc_usuarios] [kground-preinit] o.h.v.i.xml.config.ResourceLoaderHelper  : Trying to load META-INF/validation.xml via TCCL
2024-10-07T00:01:04.855-03:00 DEBUG 14033 --- [duoc_usuarios] [kground-preinit] o.h.v.i.xml.config.ResourceLoaderHelper  : Trying to load META-INF/validation.xml via Hibernate Validator's class loader
2024-10-07T00:01:04.855-03:00 DEBUG 14033 --- [duoc_usuarios] [kground-preinit] o.h.v.i.xml.config.ValidationXmlParser   : No META-INF/validation.xml found. Using annotation based configuration only.
2024-10-07T00:01:04.859-03:00 DEBUG 14033 --- [duoc_usuarios] [kground-preinit] o.h.v.i.e.resolver.TraversableResolvers  : Found jakarta.persistence.Persistence on classpath containing 'getPersistenceUtil'. Assuming JPA 2 environment. Trying to instantiate JPA aware TraversableResolver
2024-10-07T00:01:04.859-03:00 DEBUG 14033 --- [duoc_usuarios] [kground-preinit] o.h.v.i.e.resolver.TraversableResolvers  : Instantiated JPA aware TraversableResolver of type org.hibernate.validator.internal.engine.resolver.JPATraversableResolver.
2024-10-07T00:01:04.871-03:00 DEBUG 14033 --- [duoc_usuarios] [kground-preinit] .h.v.m.ResourceBundleMessageInterpolator : Loaded expression factory via original TCCL
2024-10-07T00:01:04.880-03:00  INFO 14033 --- [duoc_usuarios] [           main] c.n.d.repository.UsuasrioRepositoryTest  : Starting UsuasrioRepositoryTest using Java 22.0.2 with PID 14033 (started by jonathanbernal in /Users/jonathanbernal/Documents/Duoc/FullStack/Week9/duoc_usuarios)
2024-10-07T00:01:04.881-03:00  INFO 14033 --- [duoc_usuarios] [           main] c.n.d.repository.UsuasrioRepositoryTest  : No active profile set, falling back to 1 default profile: "default"
2024-10-07T00:01:04.881-03:00 DEBUG 14033 --- [duoc_usuarios] [           main] o.s.boot.SpringApplication               : Loading source class com.nathan.duoc_usuarios.DuocUsuariosApplication
2024-10-07T00:01:04.888-03:00 DEBUG 14033 --- [duoc_usuarios] [           main] s.c.a.AnnotationConfigApplicationContext : Refreshing org.springframework.context.annotation.AnnotationConfigApplicationContext@28f8e165
2024-10-07T00:01:04.895-03:00 DEBUG 14033 --- [duoc_usuarios] [           main] o.s.b.f.s.DefaultListableBeanFactory     : Creating shared instance of singleton bean 'org.springframework.context.annotation.internalConfigurationAnnotationProcessor'
2024-10-07T00:01:04.902-03:00 DEBUG 14033 --- [duoc_usuarios] [           main] o.s.b.f.s.DefaultListableBeanFactory     : Creating shared instance of singleton bean 'org.springframework.boot.autoconfigure.internalCachingMetadataReaderFactory'
2024-10-07T00:01:04.914-03:00 DEBUG 14033 --- [duoc_usuarios] [kground-preinit] .i.e.ValidatorFactoryConfigurationHelper : HV000252: Using org.hibernate.validator.internal.engine.DefaultPropertyNodeNameProvider as property node name provider.
2024-10-07T00:01:04.917-03:00 DEBUG 14033 --- [duoc_usuarios] [kground-preinit] .i.e.ValidatorFactoryConfigurationHelper : HV000234: Using org.hibernate.validator.messageinterpolation.ResourceBundleMessageInterpolator as ValidatorFactory-scoped message interpolator.
2024-10-07T00:01:04.917-03:00 DEBUG 14033 --- [duoc_usuarios] [kground-preinit] .i.e.ValidatorFactoryConfigurationHelper : HV000234: Using org.hibernate.validator.internal.engine.resolver.JPATraversableResolver as ValidatorFactory-scoped traversable resolver.
2024-10-07T00:01:04.917-03:00 DEBUG 14033 --- [duoc_usuarios] [kground-preinit] .i.e.ValidatorFactoryConfigurationHelper : HV000234: Using org.hibernate.validator.internal.util.ExecutableParameterNameProvider as ValidatorFactory-scoped parameter name provider.
2024-10-07T00:01:04.917-03:00 DEBUG 14033 --- [duoc_usuarios] [kground-preinit] .i.e.ValidatorFactoryConfigurationHelper : HV000234: Using org.hibernate.validator.internal.engine.DefaultClockProvider as ValidatorFactory-scoped clock provider.
2024-10-07T00:01:04.917-03:00 DEBUG 14033 --- [duoc_usuarios] [kground-preinit] .i.e.ValidatorFactoryConfigurationHelper : HV000234: Using org.hibernate.validator.internal.engine.scripting.DefaultScriptEvaluatorFactory as ValidatorFactory-scoped script evaluator factory.
2024-10-07T00:01:05.083-03:00  INFO 14033 --- [duoc_usuarios] [           main] .s.d.r.c.RepositoryConfigurationDelegate : Bootstrapping Spring Data JPA repositories in DEFAULT mode.
2024-10-07T00:01:05.086-03:00 DEBUG 14033 --- [duoc_usuarios] [           main] o.s.b.f.s.DefaultListableBeanFactory     : Creating shared instance of singleton bean 'org.springframework.boot.autoconfigure.AutoConfigurationPackages'
2024-10-07T00:01:05.090-03:00 DEBUG 14033 --- [duoc_usuarios] [           main] o.s.b.a.AutoConfigurationPackages        : @EnableAutoConfiguration was declared on a class in the package 'com.nathan.duoc_usuarios'. Automatic @Repository and @Entity scanning is enabled.
2024-10-07T00:01:05.090-03:00 DEBUG 14033 --- [duoc_usuarios] [           main] .s.d.r.c.RepositoryConfigurationDelegate : Scanning for JPA repositories in packages com.nathan.duoc_usuarios.
2024-10-07T00:01:05.097-03:00 DEBUG 14033 --- [duoc_usuarios] [           main] o.s.d.r.c.RepositoryComponentProvider    : Identified candidate component class: file [/Users/jonathanbernal/Documents/Duoc/FullStack/Week9/duoc_usuarios/target/classes/com/nathan/duoc_usuarios/repository/UsuarioRepository.class]
2024-10-07T00:01:05.115-03:00  INFO 14033 --- [duoc_usuarios] [           main] .s.d.r.c.RepositoryConfigurationDelegate : Finished Spring Data repository scanning in 24 ms. Found 1 JPA repository interface.
2024-10-07T00:01:05.138-03:00 DEBUG 14033 --- [duoc_usuarios] [           main] o.s.b.f.s.DefaultListableBeanFactory     : Creating shared instance of singleton bean 'org.springframework.boot.test.context.ImportsContextCustomizer$ImportsCleanupPostProcessor'
2024-10-07T00:01:05.209-03:00 DEBUG 14033 --- [duoc_usuarios] [           main] o.s.b.f.s.DefaultListableBeanFactory     : Creating shared instance of singleton bean 'org.springframework.boot.test.mock.mockito.MockitoPostProcessor'
2024-10-07T00:01:05.210-03:00 DEBUG 14033 --- [duoc_usuarios] [           main] o.s.b.f.s.DefaultListableBeanFactory     : Creating shared instance of singleton bean 'emBeanDefinitionRegistrarPostProcessor'
2024-10-07T00:01:05.210-03:00 DEBUG 14033 --- [duoc_usuarios] [           main] o.s.b.f.s.DefaultListableBeanFactory     : Creating shared instance of singleton bean 'org.springframework.boot.sql.init.dependency.DatabaseInitializationDependencyConfigurer$DependsOnDatabaseInitializationPostProcessor'
2024-10-07T00:01:05.224-03:00 DEBUG 14033 --- [duoc_usuarios] [           main] o.s.b.f.s.DefaultListableBeanFactory     : Creating shared instance of singleton bean 'org.springframework.context.event.internalEventListenerProcessor'
2024-10-07T00:01:05.225-03:00 DEBUG 14033 --- [duoc_usuarios] [           main] o.s.b.f.s.DefaultListableBeanFactory     : Creating shared instance of singleton bean 'org.springframework.context.event.internalEventListenerFactory'
2024-10-07T00:01:05.226-03:00 DEBUG 14033 --- [duoc_usuarios] [           main] o.s.b.f.s.DefaultListableBeanFactory     : Creating shared instance of singleton bean 'org.springframework.transaction.config.internalTransactionalEventListenerFactory'
2024-10-07T00:01:05.227-03:00 DEBUG 14033 --- [duoc_usuarios] [           main] o.s.b.f.s.DefaultListableBeanFactory     : Creating shared instance of singleton bean 'org.springframework.context.annotation.internalAutowiredAnnotationProcessor'
2024-10-07T00:01:05.228-03:00 DEBUG 14033 --- [duoc_usuarios] [           main] o.s.b.f.s.DefaultListableBeanFactory     : Creating shared instance of singleton bean 'org.springframework.context.annotation.internalCommonAnnotationProcessor'
2024-10-07T00:01:05.230-03:00 DEBUG 14033 --- [duoc_usuarios] [           main] o.s.b.f.s.DefaultListableBeanFactory     : Creating shared instance of singleton bean 'org.springframework.context.annotation.internalPersistenceAnnotationProcessor'
2024-10-07T00:01:05.230-03:00 DEBUG 14033 --- [duoc_usuarios] [           main] o.s.b.f.s.DefaultListableBeanFactory     : Creating shared instance of singleton bean 'org.springframework.boot.test.mock.mockito.MockitoPostProcessor$SpyPostProcessor'
2024-10-07T00:01:05.231-03:00 DEBUG 14033 --- [duoc_usuarios] [           main] o.s.b.f.s.DefaultListableBeanFactory     : Creating shared instance of singleton bean 'jdbcConnectionDetailsHikariBeanPostProcessor'
2024-10-07T00:01:05.233-03:00 DEBUG 14033 --- [duoc_usuarios] [           main] o.s.b.f.s.DefaultListableBeanFactory     : Creating shared instance of singleton bean 'org.springframework.boot.context.properties.ConfigurationPropertiesBindingPostProcessor'
2024-10-07T00:01:05.234-03:00 DEBUG 14033 --- [duoc_usuarios] [           main] o.s.b.f.s.DefaultListableBeanFactory     : Creating shared instance of singleton bean 'org.springframework.boot.context.internalConfigurationPropertiesBinder'
2024-10-07T00:01:05.235-03:00 DEBUG 14033 --- [duoc_usuarios] [           main] o.s.b.f.s.DefaultListableBeanFactory     : Creating shared instance of singleton bean 'org.springframework.aop.config.internalAutoProxyCreator'
2024-10-07T00:01:05.248-03:00 DEBUG 14033 --- [duoc_usuarios] [           main] o.s.b.f.s.DefaultListableBeanFactory     : Creating shared instance of singleton bean 'dataSourceScriptDatabaseInitializer'
2024-10-07T00:01:05.249-03:00 DEBUG 14033 --- [duoc_usuarios] [           main] o.s.b.f.s.DefaultListableBeanFactory     : Creating shared instance of singleton bean 'org.springframework.boot.autoconfigure.sql.init.DataSourceInitializationConfiguration'
2024-10-07T00:01:05.250-03:00 DEBUG 14033 --- [duoc_usuarios] [           main] o.s.b.f.s.DefaultListableBeanFactory     : Creating shared instance of singleton bean 'org.springframework.transaction.config.internalTransactionAdvisor'
2024-10-07T00:01:05.250-03:00 DEBUG 14033 --- [duoc_usuarios] [           main] o.s.b.f.s.DefaultListableBeanFactory     : Creating shared instance of singleton bean 'org.springframework.transaction.annotation.ProxyTransactionManagementConfiguration'
2024-10-07T00:01:05.259-03:00 DEBUG 14033 --- [duoc_usuarios] [           main] o.s.b.f.s.DefaultListableBeanFactory     : Creating shared instance of singleton bean 'transactionAttributeSource'
2024-10-07T00:01:05.260-03:00 DEBUG 14033 --- [duoc_usuarios] [           main] o.s.b.f.s.DefaultListableBeanFactory     : Creating shared instance of singleton bean 'transactionInterceptor'
2024-10-07T00:01:05.260-03:00 DEBUG 14033 --- [duoc_usuarios] [           main] o.s.b.f.s.DefaultListableBeanFactory     : Autowiring by type from bean name 'transactionInterceptor' via factory method to bean named 'transactionAttributeSource'
2024-10-07T00:01:05.263-03:00 DEBUG 14033 --- [duoc_usuarios] [           main] o.s.b.f.s.DefaultListableBeanFactory     : Autowiring by type from bean name 'org.springframework.transaction.config.internalTransactionAdvisor' via factory method to bean named 'transactionAttributeSource'
2024-10-07T00:01:05.263-03:00 DEBUG 14033 --- [duoc_usuarios] [           main] o.s.b.f.s.DefaultListableBeanFactory     : Autowiring by type from bean name 'org.springframework.transaction.config.internalTransactionAdvisor' via factory method to bean named 'transactionInterceptor'
2024-10-07T00:01:05.266-03:00 DEBUG 14033 --- [duoc_usuarios] [           main] o.s.b.f.s.DefaultListableBeanFactory     : Creating shared instance of singleton bean 'dataSource'
2024-10-07T00:01:05.266-03:00 DEBUG 14033 --- [duoc_usuarios] [           main] o.s.b.f.s.DefaultListableBeanFactory     : Creating shared instance of singleton bean 'org.springframework.boot.autoconfigure.jdbc.DataSourceConfiguration$Hikari'
2024-10-07T00:01:05.267-03:00 DEBUG 14033 --- [duoc_usuarios] [           main] o.s.b.f.s.DefaultListableBeanFactory     : Creating shared instance of singleton bean 'spring.datasource-org.springframework.boot.autoconfigure.jdbc.DataSourceProperties'
2024-10-07T00:01:05.268-03:00 DEBUG 14033 --- [duoc_usuarios] [           main] o.s.b.f.s.DefaultListableBeanFactory     : Creating shared instance of singleton bean 'org.springframework.boot.context.properties.BoundConfigurationProperties'
2024-10-07T00:01:05.281-03:00 DEBUG 14033 --- [duoc_usuarios] [           main] o.s.b.f.s.DefaultListableBeanFactory     : Creating shared instance of singleton bean 'jdbcConnectionDetails'
2024-10-07T00:01:05.281-03:00 DEBUG 14033 --- [duoc_usuarios] [           main] o.s.b.f.s.DefaultListableBeanFactory     : Creating shared instance of singleton bean 'org.springframework.boot.autoconfigure.jdbc.DataSourceAutoConfiguration$PooledDataSourceConfiguration'
2024-10-07T00:01:05.281-03:00 DEBUG 14033 --- [duoc_usuarios] [           main] o.s.b.f.s.DefaultListableBeanFactory     : Autowiring by type from bean name 'jdbcConnectionDetails' via factory method to bean named 'spring.datasource-org.springframework.boot.autoconfigure.jdbc.DataSourceProperties'
2024-10-07T00:01:05.282-03:00 DEBUG 14033 --- [duoc_usuarios] [           main] o.s.b.f.s.DefaultListableBeanFactory     : Autowiring by type from bean name 'dataSource' via factory method to bean named 'spring.datasource-org.springframework.boot.autoconfigure.jdbc.DataSourceProperties'
2024-10-07T00:01:05.282-03:00 DEBUG 14033 --- [duoc_usuarios] [           main] o.s.b.f.s.DefaultListableBeanFactory     : Autowiring by type from bean name 'dataSource' via factory method to bean named 'jdbcConnectionDetails'
2024-10-07T00:01:05.380-03:00 DEBUG 14033 --- [duoc_usuarios] [           main] o.s.b.f.s.DefaultListableBeanFactory     : Creating shared instance of singleton bean 'spring.sql.init-org.springframework.boot.autoconfigure.sql.init.SqlInitializationProperties'
2024-10-07T00:01:05.382-03:00 DEBUG 14033 --- [duoc_usuarios] [           main] o.s.b.f.s.DefaultListableBeanFactory     : Autowiring by type from bean name 'dataSourceScriptDatabaseInitializer' via factory method to bean named 'dataSource'
2024-10-07T00:01:05.382-03:00 DEBUG 14033 --- [duoc_usuarios] [           main] o.s.b.f.s.DefaultListableBeanFactory     : Autowiring by type from bean name 'dataSourceScriptDatabaseInitializer' via factory method to bean named 'spring.sql.init-org.springframework.boot.autoconfigure.sql.init.SqlInitializationProperties'
2024-10-07T00:01:05.385-03:00 DEBUG 14033 --- [duoc_usuarios] [           main] o.s.b.f.s.DefaultListableBeanFactory     : Creating shared instance of singleton bean 'entityManagerFactory'
2024-10-07T00:01:05.385-03:00 DEBUG 14033 --- [duoc_usuarios] [           main] o.s.b.f.s.DefaultListableBeanFactory     : Creating shared instance of singleton bean 'org.springframework.boot.autoconfigure.orm.jpa.HibernateJpaConfiguration'
2024-10-07T00:01:05.386-03:00 DEBUG 14033 --- [duoc_usuarios] [           main] o.s.b.f.s.DefaultListableBeanFactory     : Creating shared instance of singleton bean 'spring.jpa-org.springframework.boot.autoconfigure.orm.jpa.JpaProperties'
2024-10-07T00:01:05.388-03:00 DEBUG 14033 --- [duoc_usuarios] [           main] o.s.b.f.s.DefaultListableBeanFactory     : Creating shared instance of singleton bean 'spring.jpa.hibernate-org.springframework.boot.autoconfigure.orm.jpa.HibernateProperties'
2024-10-07T00:01:05.389-03:00 DEBUG 14033 --- [duoc_usuarios] [           main] o.s.b.f.s.DefaultListableBeanFactory     : Autowiring by type from bean name 'org.springframework.boot.autoconfigure.orm.jpa.HibernateJpaConfiguration' via constructor to bean named 'dataSource'
2024-10-07T00:01:05.389-03:00 DEBUG 14033 --- [duoc_usuarios] [           main] o.s.b.f.s.DefaultListableBeanFactory     : Autowiring by type from bean name 'org.springframework.boot.autoconfigure.orm.jpa.HibernateJpaConfiguration' via constructor to bean named 'spring.jpa-org.springframework.boot.autoconfigure.orm.jpa.JpaProperties'
2024-10-07T00:01:05.389-03:00 DEBUG 14033 --- [duoc_usuarios] [           main] o.s.b.f.s.DefaultListableBeanFactory     : Autowiring by type from bean name 'org.springframework.boot.autoconfigure.orm.jpa.HibernateJpaConfiguration' via constructor to bean named 'org.springframework.beans.factory.support.DefaultListableBeanFactory@4d6f197e'
2024-10-07T00:01:05.389-03:00 DEBUG 14033 --- [duoc_usuarios] [           main] o.s.b.f.s.DefaultListableBeanFactory     : Autowiring by type from bean name 'org.springframework.boot.autoconfigure.orm.jpa.HibernateJpaConfiguration' via constructor to bean named 'spring.jpa.hibernate-org.springframework.boot.autoconfigure.orm.jpa.HibernateProperties'
2024-10-07T00:01:05.391-03:00 DEBUG 14033 --- [duoc_usuarios] [           main] o.s.b.f.s.DefaultListableBeanFactory     : Creating shared instance of singleton bean 'hikariPoolDataSourceMetadataProvider'
2024-10-07T00:01:05.391-03:00 DEBUG 14033 --- [duoc_usuarios] [           main] o.s.b.f.s.DefaultListableBeanFactory     : Creating shared instance of singleton bean 'org.springframework.boot.autoconfigure.jdbc.metadata.DataSourcePoolMetadataProvidersConfiguration$HikariPoolDataSourceMetadataProviderConfiguration'
2024-10-07T00:01:05.394-03:00 DEBUG 14033 --- [duoc_usuarios] [           main] o.s.b.f.s.DefaultListableBeanFactory     : Creating shared instance of singleton bean 'entityManagerFactoryBuilder'
2024-10-07T00:01:05.394-03:00 DEBUG 14033 --- [duoc_usuarios] [           main] o.s.b.f.s.DefaultListableBeanFactory     : Creating shared instance of singleton bean 'jpaVendorAdapter'
2024-10-07T00:01:05.400-03:00 DEBUG 14033 --- [duoc_usuarios] [           main] o.s.b.f.s.DefaultListableBeanFactory     : Autowiring by type from bean name 'entityManagerFactoryBuilder' via factory method to bean named 'jpaVendorAdapter'
2024-10-07T00:01:05.402-03:00 DEBUG 14033 --- [duoc_usuarios] [           main] o.s.b.f.s.DefaultListableBeanFactory     : Creating shared instance of singleton bean 'persistenceManagedTypes'
2024-10-07T00:01:05.402-03:00 DEBUG 14033 --- [duoc_usuarios] [           main] o.s.b.f.s.DefaultListableBeanFactory     : Autowiring by type from bean name 'persistenceManagedTypes' via factory method to bean named 'org.springframework.beans.factory.support.DefaultListableBeanFactory@4d6f197e'
2024-10-07T00:01:05.402-03:00 DEBUG 14033 --- [duoc_usuarios] [           main] o.s.b.f.s.DefaultListableBeanFactory     : Autowiring by type from bean name 'persistenceManagedTypes' via factory method to bean named 'org.springframework.context.annotation.AnnotationConfigApplicationContext@28f8e165'
2024-10-07T00:01:05.407-03:00 DEBUG 14033 --- [duoc_usuarios] [           main] o.s.b.f.s.DefaultListableBeanFactory     : Autowiring by type from bean name 'entityManagerFactory' via factory method to bean named 'entityManagerFactoryBuilder'
2024-10-07T00:01:05.407-03:00 DEBUG 14033 --- [duoc_usuarios] [           main] o.s.b.f.s.DefaultListableBeanFactory     : Autowiring by type from bean name 'entityManagerFactory' via factory method to bean named 'persistenceManagedTypes'
2024-10-07T00:01:05.414-03:00 DEBUG 14033 --- [duoc_usuarios] [           main] j.LocalContainerEntityManagerFactoryBean : Building JPA container EntityManagerFactory for persistence unit 'default'
2024-10-07T00:01:05.432-03:00 DEBUG 14033 --- [duoc_usuarios] [           main] o.hibernate.jpa.internal.util.LogHelper  : PersistenceUnitInfo [
	name: default
	persistence provider classname: null
	classloader: jdk.internal.loader.ClassLoaders$AppClassLoader@43e45247
	excludeUnlistedClasses: true
	JTA datasource: null
	Non JTA datasource: HikariDataSource (null)
	Transaction type: RESOURCE_LOCAL
	PU root URL: file:/Users/jonathanbernal/Documents/Duoc/FullStack/Week9/duoc_usuarios/target/test-classes/
	Shared Cache Mode: UNSPECIFIED
	Validation Mode: AUTO
	Jar files URLs []
	Managed classes names [
		com.nathan.duoc_usuarios.dto.UsuarioDto]
	Mapping files names []
	Properties []
2024-10-07T00:01:05.439-03:00 DEBUG 14033 --- [duoc_usuarios] [           main] o.h.i.internal.IntegratorServiceImpl     : Adding Integrator [org.hibernate.boot.beanvalidation.BeanValidationIntegrator].
2024-10-07T00:01:05.439-03:00 DEBUG 14033 --- [duoc_usuarios] [           main] o.h.i.internal.IntegratorServiceImpl     : Adding Integrator [org.hibernate.cache.internal.CollectionCacheInvalidator].
2024-10-07T00:01:05.460-03:00  INFO 14033 --- [duoc_usuarios] [           main] org.hibernate.Version                    : HHH000412: Hibernate ORM core version 6.5.3.Final
2024-10-07T00:01:05.460-03:00 DEBUG 14033 --- [duoc_usuarios] [           main] org.hibernate.cfg.Environment            : HHH000206: 'hibernate.properties' not found
2024-10-07T00:01:05.473-03:00 DEBUG 14033 --- [duoc_usuarios] [           main] org.hibernate.orm.idgen.factory          : Registering IdentifierGenerator strategy [uuid2] -> [org.hibernate.id.UUIDGenerator]
2024-10-07T00:01:05.473-03:00 DEBUG 14033 --- [duoc_usuarios] [           main] org.hibernate.orm.idgen.factory          : Registering IdentifierGenerator strategy [guid] -> [org.hibernate.id.GUIDGenerator]
2024-10-07T00:01:05.474-03:00 DEBUG 14033 --- [duoc_usuarios] [           main] org.hibernate.orm.idgen.factory          : Registering IdentifierGenerator strategy [uuid] -> [org.hibernate.id.UUIDHexGenerator]
2024-10-07T00:01:05.474-03:00 DEBUG 14033 --- [duoc_usuarios] [           main] org.hibernate.orm.idgen.factory          : Registering IdentifierGenerator strategy [uuid.hex] -> [org.hibernate.id.UUIDHexGenerator]
2024-10-07T00:01:05.474-03:00 DEBUG 14033 --- [duoc_usuarios] [           main] org.hibernate.orm.idgen.factory          : Registering IdentifierGenerator strategy [assigned] -> [org.hibernate.id.Assigned]
2024-10-07T00:01:05.475-03:00 DEBUG 14033 --- [duoc_usuarios] [           main] org.hibernate.orm.idgen.factory          : Registering IdentifierGenerator strategy [identity] -> [org.hibernate.id.IdentityGenerator]
2024-10-07T00:01:05.475-03:00 DEBUG 14033 --- [duoc_usuarios] [           main] org.hibernate.orm.idgen.factory          : Registering IdentifierGenerator strategy [select] -> [org.hibernate.id.SelectGenerator]
2024-10-07T00:01:05.475-03:00 DEBUG 14033 --- [duoc_usuarios] [           main] org.hibernate.orm.idgen.factory          : Registering IdentifierGenerator strategy [sequence] -> [org.hibernate.id.enhanced.SequenceStyleGenerator]
2024-10-07T00:01:05.476-03:00 DEBUG 14033 --- [duoc_usuarios] [           main] org.hibernate.orm.idgen.factory          : Registering IdentifierGenerator strategy [increment] -> [org.hibernate.id.IncrementGenerator]
2024-10-07T00:01:05.476-03:00 DEBUG 14033 --- [duoc_usuarios] [           main] org.hibernate.orm.idgen.factory          : Registering IdentifierGenerator strategy [foreign] -> [org.hibernate.id.ForeignGenerator]
2024-10-07T00:01:05.476-03:00 DEBUG 14033 --- [duoc_usuarios] [           main] org.hibernate.orm.idgen.factory          : Registering IdentifierGenerator strategy [enhanced-sequence] -> [org.hibernate.id.enhanced.SequenceStyleGenerator]
2024-10-07T00:01:05.476-03:00 DEBUG 14033 --- [duoc_usuarios] [           main] org.hibernate.orm.idgen.factory          : Registering IdentifierGenerator strategy [enhanced-table] -> [org.hibernate.id.enhanced.TableGenerator]
2024-10-07T00:01:05.480-03:00 DEBUG 14033 --- [duoc_usuarios] [           main] o.h.c.internal.RegionFactoryInitiator    : Cannot default RegionFactory based on registered strategies as `[]` RegionFactory strategies were registered
2024-10-07T00:01:05.480-03:00  INFO 14033 --- [duoc_usuarios] [           main] o.h.c.internal.RegionFactoryInitiator    : HHH000026: Second-level cache disabled
2024-10-07T00:01:05.524-03:00 DEBUG 14033 --- [duoc_usuarios] [           main] org.hibernate.type.BasicTypeRegistry     : Adding type registration boolean -> org.hibernate.type.BasicTypeReference@500051c5
2024-10-07T00:01:05.524-03:00 DEBUG 14033 --- [duoc_usuarios] [           main] org.hibernate.type.BasicTypeRegistry     : Adding type registration boolean -> org.hibernate.type.BasicTypeReference@500051c5
2024-10-07T00:01:05.524-03:00 DEBUG 14033 --- [duoc_usuarios] [           main] org.hibernate.type.BasicTypeRegistry     : Adding type registration java.lang.Boolean -> org.hibernate.type.BasicTypeReference@500051c5
2024-10-07T00:01:05.524-03:00 DEBUG 14033 --- [duoc_usuarios] [           main] org.hibernate.type.BasicTypeRegistry     : Adding type registration numeric_boolean -> org.hibernate.type.BasicTypeReference@ec7b5de
2024-10-07T00:01:05.524-03:00 DEBUG 14033 --- [duoc_usuarios] [           main] org.hibernate.type.BasicTypeRegistry     : Adding type registration org.hibernate.type.NumericBooleanConverter -> org.hibernate.type.BasicTypeReference@ec7b5de
2024-10-07T00:01:05.524-03:00 DEBUG 14033 --- [duoc_usuarios] [           main] org.hibernate.type.BasicTypeRegistry     : Adding type registration true_false -> org.hibernate.type.BasicTypeReference@4c19d42e
2024-10-07T00:01:05.524-03:00 DEBUG 14033 --- [duoc_usuarios] [           main] org.hibernate.type.BasicTypeRegistry     : Adding type registration org.hibernate.type.TrueFalseConverter -> org.hibernate.type.BasicTypeReference@4c19d42e
2024-10-07T00:01:05.524-03:00 DEBUG 14033 --- [duoc_usuarios] [           main] org.hibernate.type.BasicTypeRegistry     : Adding type registration yes_no -> org.hibernate.type.BasicTypeReference@373e6b9d
2024-10-07T00:01:05.524-03:00 DEBUG 14033 --- [duoc_usuarios] [           main] org.hibernate.type.BasicTypeRegistry     : Adding type registration org.hibernate.type.YesNoConverter -> org.hibernate.type.BasicTypeReference@373e6b9d
2024-10-07T00:01:05.524-03:00 DEBUG 14033 --- [duoc_usuarios] [           main] org.hibernate.type.BasicTypeRegistry     : Adding type registration byte -> org.hibernate.type.BasicTypeReference@65629ac6
2024-10-07T00:01:05.524-03:00 DEBUG 14033 --- [duoc_usuarios] [           main] org.hibernate.type.BasicTypeRegistry     : Adding type registration byte -> org.hibernate.type.BasicTypeReference@65629ac6
2024-10-07T00:01:05.525-03:00 DEBUG 14033 --- [duoc_usuarios] [           main] org.hibernate.type.BasicTypeRegistry     : Adding type registration java.lang.Byte -> org.hibernate.type.BasicTypeReference@65629ac6
2024-10-07T00:01:05.525-03:00 DEBUG 14033 --- [duoc_usuarios] [           main] org.hibernate.type.BasicTypeRegistry     : Adding type registration binary -> org.hibernate.type.BasicTypeReference@56b8aaf1
2024-10-07T00:01:05.525-03:00 DEBUG 14033 --- [duoc_usuarios] [           main] org.hibernate.type.BasicTypeRegistry     : Adding type registration byte[] -> org.hibernate.type.BasicTypeReference@56b8aaf1
2024-10-07T00:01:05.525-03:00 DEBUG 14033 --- [duoc_usuarios] [           main] org.hibernate.type.BasicTypeRegistry     : Adding type registration [B -> org.hibernate.type.BasicTypeReference@56b8aaf1
2024-10-07T00:01:05.525-03:00 DEBUG 14033 --- [duoc_usuarios] [           main] org.hibernate.type.BasicTypeRegistry     : Adding type registration binary_wrapper -> org.hibernate.type.BasicTypeReference@5482bcac
2024-10-07T00:01:05.525-03:00 DEBUG 14033 --- [duoc_usuarios] [           main] org.hibernate.type.BasicTypeRegistry     : Adding type registration wrapper-binary -> org.hibernate.type.BasicTypeReference@5482bcac
2024-10-07T00:01:05.525-03:00 DEBUG 14033 --- [duoc_usuarios] [           main] org.hibernate.type.BasicTypeRegistry     : Adding type registration image -> org.hibernate.type.BasicTypeReference@10244722
2024-10-07T00:01:05.525-03:00 DEBUG 14033 --- [duoc_usuarios] [           main] org.hibernate.type.BasicTypeRegistry     : Adding type registration blob -> org.hibernate.type.BasicTypeReference@61615b4a
2024-10-07T00:01:05.525-03:00 DEBUG 14033 --- [duoc_usuarios] [           main] org.hibernate.type.BasicTypeRegistry     : Adding type registration java.sql.Blob -> org.hibernate.type.BasicTypeReference@61615b4a
2024-10-07T00:01:05.525-03:00 DEBUG 14033 --- [duoc_usuarios] [           main] org.hibernate.type.BasicTypeRegistry     : Adding type registration materialized_blob -> org.hibernate.type.BasicTypeReference@721d8ab5
2024-10-07T00:01:05.525-03:00 DEBUG 14033 --- [duoc_usuarios] [           main] org.hibernate.type.BasicTypeRegistry     : Adding type registration materialized_blob_wrapper -> org.hibernate.type.BasicTypeReference@33bb3f86
2024-10-07T00:01:05.525-03:00 DEBUG 14033 --- [duoc_usuarios] [           main] org.hibernate.type.BasicTypeRegistry     : Adding type registration short -> org.hibernate.type.BasicTypeReference@1946384
2024-10-07T00:01:05.525-03:00 DEBUG 14033 --- [duoc_usuarios] [           main] org.hibernate.type.BasicTypeRegistry     : Adding type registration short -> org.hibernate.type.BasicTypeReference@1946384
2024-10-07T00:01:05.525-03:00 DEBUG 14033 --- [duoc_usuarios] [           main] org.hibernate.type.BasicTypeRegistry     : Adding type registration java.lang.Short -> org.hibernate.type.BasicTypeReference@1946384
2024-10-07T00:01:05.525-03:00 DEBUG 14033 --- [duoc_usuarios] [           main] org.hibernate.type.BasicTypeRegistry     : Adding type registration integer -> org.hibernate.type.BasicTypeReference@6ac4c3f7
2024-10-07T00:01:05.525-03:00 DEBUG 14033 --- [duoc_usuarios] [           main] org.hibernate.type.BasicTypeRegistry     : Adding type registration int -> org.hibernate.type.BasicTypeReference@6ac4c3f7
2024-10-07T00:01:05.525-03:00 DEBUG 14033 --- [duoc_usuarios] [           main] org.hibernate.type.BasicTypeRegistry     : Adding type registration java.lang.Integer -> org.hibernate.type.BasicTypeReference@6ac4c3f7
2024-10-07T00:01:05.525-03:00 DEBUG 14033 --- [duoc_usuarios] [           main] org.hibernate.type.BasicTypeRegistry     : Adding type registration long -> org.hibernate.type.BasicTypeReference@7412a438
2024-10-07T00:01:05.525-03:00 DEBUG 14033 --- [duoc_usuarios] [           main] org.hibernate.type.BasicTypeRegistry     : Adding type registration long -> org.hibernate.type.BasicTypeReference@7412a438
2024-10-07T00:01:05.525-03:00 DEBUG 14033 --- [duoc_usuarios] [           main] org.hibernate.type.BasicTypeRegistry     : Adding type registration java.lang.Long -> org.hibernate.type.BasicTypeReference@7412a438
2024-10-07T00:01:05.526-03:00 DEBUG 14033 --- [duoc_usuarios] [           main] org.hibernate.type.BasicTypeRegistry     : Adding type registration float -> org.hibernate.type.BasicTypeReference@1e3ff233
2024-10-07T00:01:05.526-03:00 DEBUG 14033 --- [duoc_usuarios] [           main] org.hibernate.type.BasicTypeRegistry     : Adding type registration float -> org.hibernate.type.BasicTypeReference@1e3ff233
2024-10-07T00:01:05.526-03:00 DEBUG 14033 --- [duoc_usuarios] [           main] org.hibernate.type.BasicTypeRegistry     : Adding type registration java.lang.Float -> org.hibernate.type.BasicTypeReference@1e3ff233
2024-10-07T00:01:05.526-03:00 DEBUG 14033 --- [duoc_usuarios] [           main] org.hibernate.type.BasicTypeRegistry     : Adding type registration double -> org.hibernate.type.BasicTypeReference@3c952a33
2024-10-07T00:01:05.526-03:00 DEBUG 14033 --- [duoc_usuarios] [           main] org.hibernate.type.BasicTypeRegistry     : Adding type registration double -> org.hibernate.type.BasicTypeReference@3c952a33
2024-10-07T00:01:05.526-03:00 DEBUG 14033 --- [duoc_usuarios] [           main] org.hibernate.type.BasicTypeRegistry     : Adding type registration java.lang.Double -> org.hibernate.type.BasicTypeReference@3c952a33
2024-10-07T00:01:05.526-03:00 DEBUG 14033 --- [duoc_usuarios] [           main] org.hibernate.type.BasicTypeRegistry     : Adding type registration big_integer -> org.hibernate.type.BasicTypeReference@70029d2d
2024-10-07T00:01:05.526-03:00 DEBUG 14033 --- [duoc_usuarios] [           main] org.hibernate.type.BasicTypeRegistry     : Adding type registration java.math.BigInteger -> org.hibernate.type.BasicTypeReference@70029d2d
2024-10-07T00:01:05.526-03:00 DEBUG 14033 --- [duoc_usuarios] [           main] org.hibernate.type.BasicTypeRegistry     : Adding type registration big_decimal -> org.hibernate.type.BasicTypeReference@1150d471
2024-10-07T00:01:05.526-03:00 DEBUG 14033 --- [duoc_usuarios] [           main] org.hibernate.type.BasicTypeRegistry     : Adding type registration java.math.BigDecimal -> org.hibernate.type.BasicTypeReference@1150d471
2024-10-07T00:01:05.526-03:00 DEBUG 14033 --- [duoc_usuarios] [           main] org.hibernate.type.BasicTypeRegistry     : Adding type registration character -> org.hibernate.type.BasicTypeReference@709f0202
2024-10-07T00:01:05.526-03:00 DEBUG 14033 --- [duoc_usuarios] [           main] org.hibernate.type.BasicTypeRegistry     : Adding type registration char -> org.hibernate.type.BasicTypeReference@709f0202
2024-10-07T00:01:05.526-03:00 DEBUG 14033 --- [duoc_usuarios] [           main] org.hibernate.type.BasicTypeRegistry     : Adding type registration java.lang.Character -> org.hibernate.type.BasicTypeReference@709f0202
2024-10-07T00:01:05.526-03:00 DEBUG 14033 --- [duoc_usuarios] [           main] org.hibernate.type.BasicTypeRegistry     : Adding type registration character_nchar -> org.hibernate.type.BasicTypeReference@654e6a90
2024-10-07T00:01:05.526-03:00 DEBUG 14033 --- [duoc_usuarios] [           main] org.hibernate.type.BasicTypeRegistry     : Adding type registration string -> org.hibernate.type.BasicTypeReference@14168e1
2024-10-07T00:01:05.526-03:00 DEBUG 14033 --- [duoc_usuarios] [           main] org.hibernate.type.BasicTypeRegistry     : Adding type registration java.lang.String -> org.hibernate.type.BasicTypeReference@14168e1
2024-10-07T00:01:05.526-03:00 DEBUG 14033 --- [duoc_usuarios] [           main] org.hibernate.type.BasicTypeRegistry     : Adding type registration nstring -> org.hibernate.type.BasicTypeReference@16a5c7e4
2024-10-07T00:01:05.526-03:00 DEBUG 14033 --- [duoc_usuarios] [           main] org.hibernate.type.BasicTypeRegistry     : Adding type registration characters -> org.hibernate.type.BasicTypeReference@1e225820
2024-10-07T00:01:05.526-03:00 DEBUG 14033 --- [duoc_usuarios] [           main] org.hibernate.type.BasicTypeRegistry     : Adding type registration char[] -> org.hibernate.type.BasicTypeReference@1e225820
2024-10-07T00:01:05.526-03:00 DEBUG 14033 --- [duoc_usuarios] [           main] org.hibernate.type.BasicTypeRegistry     : Adding type registration [C -> org.hibernate.type.BasicTypeReference@1e225820
2024-10-07T00:01:05.526-03:00 DEBUG 14033 --- [duoc_usuarios] [           main] org.hibernate.type.BasicTypeRegistry     : Adding type registration wrapper-characters -> org.hibernate.type.BasicTypeReference@8aeab9e
2024-10-07T00:01:05.527-03:00 DEBUG 14033 --- [duoc_usuarios] [           main] org.hibernate.type.BasicTypeRegistry     : Adding type registration text -> org.hibernate.type.BasicTypeReference@2a2dc0a
2024-10-07T00:01:05.527-03:00 DEBUG 14033 --- [duoc_usuarios] [           main] org.hibernate.type.BasicTypeRegistry     : Adding type registration ntext -> org.hibernate.type.BasicTypeReference@3a00b15d
2024-10-07T00:01:05.527-03:00 DEBUG 14033 --- [duoc_usuarios] [           main] org.hibernate.type.BasicTypeRegistry     : Adding type registration clob -> org.hibernate.type.BasicTypeReference@36ef1d65
2024-10-07T00:01:05.527-03:00 DEBUG 14033 --- [duoc_usuarios] [           main] org.hibernate.type.BasicTypeRegistry     : Adding type registration java.sql.Clob -> org.hibernate.type.BasicTypeReference@36ef1d65
2024-10-07T00:01:05.527-03:00 DEBUG 14033 --- [duoc_usuarios] [           main] org.hibernate.type.BasicTypeRegistry     : Adding type registration nclob -> org.hibernate.type.BasicTypeReference@4be0a27d
2024-10-07T00:01:05.527-03:00 DEBUG 14033 --- [duoc_usuarios] [           main] org.hibernate.type.BasicTypeRegistry     : Adding type registration java.sql.NClob -> org.hibernate.type.BasicTypeReference@4be0a27d
2024-10-07T00:01:05.527-03:00 DEBUG 14033 --- [duoc_usuarios] [           main] org.hibernate.type.BasicTypeRegistry     : Adding type registration materialized_clob -> org.hibernate.type.BasicTypeReference@5f366587
2024-10-07T00:01:05.527-03:00 DEBUG 14033 --- [duoc_usuarios] [           main] org.hibernate.type.BasicTypeRegistry     : Adding type registration materialized_clob_char_array -> org.hibernate.type.BasicTypeReference@6003ad65
2024-10-07T00:01:05.527-03:00 DEBUG 14033 --- [duoc_usuarios] [           main] org.hibernate.type.BasicTypeRegistry     : Adding type registration materialized_clob_character_array -> org.hibernate.type.BasicTypeReference@2ec99035
2024-10-07T00:01:05.527-03:00 DEBUG 14033 --- [duoc_usuarios] [           main] org.hibernate.type.BasicTypeRegistry     : Adding type registration materialized_nclob -> org.hibernate.type.BasicTypeReference@60743cdb
2024-10-07T00:01:05.527-03:00 DEBUG 14033 --- [duoc_usuarios] [           main] org.hibernate.type.BasicTypeRegistry     : Adding type registration materialized_nclob_character_array -> org.hibernate.type.BasicTypeReference@c02670f
2024-10-07T00:01:05.527-03:00 DEBUG 14033 --- [duoc_usuarios] [           main] org.hibernate.type.BasicTypeRegistry     : Adding type registration materialized_nclob_char_array -> org.hibernate.type.BasicTypeReference@71179b6f
2024-10-07T00:01:05.527-03:00 DEBUG 14033 --- [duoc_usuarios] [           main] org.hibernate.type.BasicTypeRegistry     : Adding type registration Duration -> org.hibernate.type.BasicTypeReference@13bdf540
2024-10-07T00:01:05.527-03:00 DEBUG 14033 --- [duoc_usuarios] [           main] org.hibernate.type.BasicTypeRegistry     : Adding type registration java.time.Duration -> org.hibernate.type.BasicTypeReference@13bdf540
2024-10-07T00:01:05.527-03:00 DEBUG 14033 --- [duoc_usuarios] [           main] org.hibernate.type.BasicTypeRegistry     : Adding type registration LocalDateTime -> org.hibernate.type.BasicTypeReference@526e8108
2024-10-07T00:01:05.527-03:00 DEBUG 14033 --- [duoc_usuarios] [           main] org.hibernate.type.BasicTypeRegistry     : Adding type registration java.time.LocalDateTime -> org.hibernate.type.BasicTypeReference@526e8108
2024-10-07T00:01:05.527-03:00 DEBUG 14033 --- [duoc_usuarios] [           main] org.hibernate.type.BasicTypeRegistry     : Adding type registration LocalDate -> org.hibernate.type.BasicTypeReference@4dcbae55
2024-10-07T00:01:05.527-03:00 DEBUG 14033 --- [duoc_usuarios] [           main] org.hibernate.type.BasicTypeRegistry     : Adding type registration java.time.LocalDate -> org.hibernate.type.BasicTypeReference@4dcbae55
2024-10-07T00:01:05.527-03:00 DEBUG 14033 --- [duoc_usuarios] [           main] org.hibernate.type.BasicTypeRegistry     : Adding type registration LocalTime -> org.hibernate.type.BasicTypeReference@4a9860
2024-10-07T00:01:05.527-03:00 DEBUG 14033 --- [duoc_usuarios] [           main] org.hibernate.type.BasicTypeRegistry     : Adding type registration java.time.LocalTime -> org.hibernate.type.BasicTypeReference@4a9860
2024-10-07T00:01:05.527-03:00 DEBUG 14033 --- [duoc_usuarios] [           main] org.hibernate.type.BasicTypeRegistry     : Adding type registration OffsetDateTime -> org.hibernate.type.BasicTypeReference@7ca16adc
2024-10-07T00:01:05.527-03:00 DEBUG 14033 --- [duoc_usuarios] [           main] org.hibernate.type.BasicTypeRegistry     : Adding type registration java.time.OffsetDateTime -> org.hibernate.type.BasicTypeReference@7ca16adc
2024-10-07T00:01:05.527-03:00 DEBUG 14033 --- [duoc_usuarios] [           main] org.hibernate.type.BasicTypeRegistry     : Adding type registration OffsetDateTimeWithTimezone -> org.hibernate.type.BasicTypeReference@5ae1c281
2024-10-07T00:01:05.528-03:00 DEBUG 14033 --- [duoc_usuarios] [           main] org.hibernate.type.BasicTypeRegistry     : Adding type registration OffsetDateTimeWithoutTimezone -> org.hibernate.type.BasicTypeReference@4ac8768e
2024-10-07T00:01:05.528-03:00 DEBUG 14033 --- [duoc_usuarios] [           main] org.hibernate.type.BasicTypeRegistry     : Adding type registration OffsetTime -> org.hibernate.type.BasicTypeReference@1e957e2f
2024-10-07T00:01:05.528-03:00 DEBUG 14033 --- [duoc_usuarios] [           main] org.hibernate.type.BasicTypeRegistry     : Adding type registration java.time.OffsetTime -> org.hibernate.type.BasicTypeReference@1e957e2f
2024-10-07T00:01:05.528-03:00 DEBUG 14033 --- [duoc_usuarios] [           main] org.hibernate.type.BasicTypeRegistry     : Adding type registration OffsetTimeUtc -> org.hibernate.type.BasicTypeReference@691500ab
2024-10-07T00:01:05.528-03:00 DEBUG 14033 --- [duoc_usuarios] [           main] org.hibernate.type.BasicTypeRegistry     : Adding type registration OffsetTimeWithTimezone -> org.hibernate.type.BasicTypeReference@3db432c2
2024-10-07T00:01:05.528-03:00 DEBUG 14033 --- [duoc_usuarios] [           main] org.hibernate.type.BasicTypeRegistry     : Adding type registration OffsetTimeWithoutTimezone -> org.hibernate.type.BasicTypeReference@34414ffc
2024-10-07T00:01:05.528-03:00 DEBUG 14033 --- [duoc_usuarios] [           main] org.hibernate.type.BasicTypeRegistry     : Adding type registration ZonedDateTime -> org.hibernate.type.BasicTypeReference@1903b5d
2024-10-07T00:01:05.528-03:00 DEBUG 14033 --- [duoc_usuarios] [           main] org.hibernate.type.BasicTypeRegistry     : Adding type registration java.time.ZonedDateTime -> org.hibernate.type.BasicTypeReference@1903b5d
2024-10-07T00:01:05.528-03:00 DEBUG 14033 --- [duoc_usuarios] [           main] org.hibernate.type.BasicTypeRegistry     : Adding type registration ZonedDateTimeWithTimezone -> org.hibernate.type.BasicTypeReference@4041739c
2024-10-07T00:01:05.528-03:00 DEBUG 14033 --- [duoc_usuarios] [           main] org.hibernate.type.BasicTypeRegistry     : Adding type registration ZonedDateTimeWithoutTimezone -> org.hibernate.type.BasicTypeReference@5cff6b74
2024-10-07T00:01:05.528-03:00 DEBUG 14033 --- [duoc_usuarios] [           main] org.hibernate.type.BasicTypeRegistry     : Adding type registration date -> org.hibernate.type.BasicTypeReference@627ff1b8
2024-10-07T00:01:05.528-03:00 DEBUG 14033 --- [duoc_usuarios] [           main] org.hibernate.type.BasicTypeRegistry     : Adding type registration java.sql.Date -> org.hibernate.type.BasicTypeReference@627ff1b8
2024-10-07T00:01:05.528-03:00 DEBUG 14033 --- [duoc_usuarios] [           main] org.hibernate.type.BasicTypeRegistry     : Adding type registration time -> org.hibernate.type.BasicTypeReference@62b57479
2024-10-07T00:01:05.528-03:00 DEBUG 14033 --- [duoc_usuarios] [           main] org.hibernate.type.BasicTypeRegistry     : Adding type registration java.sql.Time -> org.hibernate.type.BasicTypeReference@62b57479
2024-10-07T00:01:05.528-03:00 DEBUG 14033 --- [duoc_usuarios] [           main] org.hibernate.type.BasicTypeRegistry     : Adding type registration timestamp -> org.hibernate.type.BasicTypeReference@29a33620
2024-10-07T00:01:05.528-03:00 DEBUG 14033 --- [duoc_usuarios] [           main] org.hibernate.type.BasicTypeRegistry     : Adding type registration java.sql.Timestamp -> org.hibernate.type.BasicTypeReference@29a33620
2024-10-07T00:01:05.528-03:00 DEBUG 14033 --- [duoc_usuarios] [           main] org.hibernate.type.BasicTypeRegistry     : Adding type registration java.util.Date -> org.hibernate.type.BasicTypeReference@29a33620
2024-10-07T00:01:05.528-03:00 DEBUG 14033 --- [duoc_usuarios] [           main] org.hibernate.type.BasicTypeRegistry     : Adding type registration calendar -> org.hibernate.type.BasicTypeReference@ea04cab
2024-10-07T00:01:05.528-03:00 DEBUG 14033 --- [duoc_usuarios] [           main] org.hibernate.type.BasicTypeRegistry     : Adding type registration java.util.Calendar -> org.hibernate.type.BasicTypeReference@ea04cab
2024-10-07T00:01:05.528-03:00 DEBUG 14033 --- [duoc_usuarios] [           main] org.hibernate.type.BasicTypeRegistry     : Adding type registration java.util.GregorianCalendar -> org.hibernate.type.BasicTypeReference@ea04cab
2024-10-07T00:01:05.529-03:00 DEBUG 14033 --- [duoc_usuarios] [           main] org.hibernate.type.BasicTypeRegistry     : Adding type registration calendar_date -> org.hibernate.type.BasicTypeReference@134f8ef6
2024-10-07T00:01:05.529-03:00 DEBUG 14033 --- [duoc_usuarios] [           main] org.hibernate.type.BasicTypeRegistry     : Adding type registration calendar_time -> org.hibernate.type.BasicTypeReference@6a32191e
2024-10-07T00:01:05.529-03:00 DEBUG 14033 --- [duoc_usuarios] [           main] org.hibernate.type.BasicTypeRegistry     : Adding type registration instant -> org.hibernate.type.BasicTypeReference@66fbc5e7
2024-10-07T00:01:05.529-03:00 DEBUG 14033 --- [duoc_usuarios] [           main] org.hibernate.type.BasicTypeRegistry     : Adding type registration java.time.Instant -> org.hibernate.type.BasicTypeReference@66fbc5e7
2024-10-07T00:01:05.529-03:00 DEBUG 14033 --- [duoc_usuarios] [           main] org.hibernate.type.BasicTypeRegistry     : Adding type registration uuid -> org.hibernate.type.BasicTypeReference@9accff0
2024-10-07T00:01:05.529-03:00 DEBUG 14033 --- [duoc_usuarios] [           main] org.hibernate.type.BasicTypeRegistry     : Adding type registration java.util.UUID -> org.hibernate.type.BasicTypeReference@9accff0
2024-10-07T00:01:05.529-03:00 DEBUG 14033 --- [duoc_usuarios] [           main] org.hibernate.type.BasicTypeRegistry     : Adding type registration pg-uuid -> org.hibernate.type.BasicTypeReference@9accff0
2024-10-07T00:01:05.529-03:00 DEBUG 14033 --- [duoc_usuarios] [           main] org.hibernate.type.BasicTypeRegistry     : Adding type registration uuid-binary -> org.hibernate.type.BasicTypeReference@52559a69
2024-10-07T00:01:05.529-03:00 DEBUG 14033 --- [duoc_usuarios] [           main] org.hibernate.type.BasicTypeRegistry     : Adding type registration uuid-char -> org.hibernate.type.BasicTypeReference@285583d4
2024-10-07T00:01:05.529-03:00 DEBUG 14033 --- [duoc_usuarios] [           main] org.hibernate.type.BasicTypeRegistry     : Adding type registration class -> org.hibernate.type.BasicTypeReference@1039bfc4
2024-10-07T00:01:05.529-03:00 DEBUG 14033 --- [duoc_usuarios] [           main] org.hibernate.type.BasicTypeRegistry     : Adding type registration java.lang.Class -> org.hibernate.type.BasicTypeReference@1039bfc4
2024-10-07T00:01:05.529-03:00 DEBUG 14033 --- [duoc_usuarios] [           main] org.hibernate.type.BasicTypeRegistry     : Adding type registration currency -> org.hibernate.type.BasicTypeReference@7f85217c
2024-10-07T00:01:05.529-03:00 DEBUG 14033 --- [duoc_usuarios] [           main] org.hibernate.type.BasicTypeRegistry     : Adding type registration Currency -> org.hibernate.type.BasicTypeReference@7f85217c
2024-10-07T00:01:05.529-03:00 DEBUG 14033 --- [duoc_usuarios] [           main] org.hibernate.type.BasicTypeRegistry     : Adding type registration java.util.Currency -> org.hibernate.type.BasicTypeReference@7f85217c
2024-10-07T00:01:05.529-03:00 DEBUG 14033 --- [duoc_usuarios] [           main] org.hibernate.type.BasicTypeRegistry     : Adding type registration locale -> org.hibernate.type.BasicTypeReference@1fd7a37
2024-10-07T00:01:05.529-03:00 DEBUG 14033 --- [duoc_usuarios] [           main] org.hibernate.type.BasicTypeRegistry     : Adding type registration java.util.Locale -> org.hibernate.type.BasicTypeReference@1fd7a37
2024-10-07T00:01:05.529-03:00 DEBUG 14033 --- [duoc_usuarios] [           main] org.hibernate.type.BasicTypeRegistry     : Adding type registration serializable -> org.hibernate.type.BasicTypeReference@5b202ff
2024-10-07T00:01:05.529-03:00 DEBUG 14033 --- [duoc_usuarios] [           main] org.hibernate.type.BasicTypeRegistry     : Adding type registration java.io.Serializable -> org.hibernate.type.BasicTypeReference@5b202ff
2024-10-07T00:01:05.529-03:00 DEBUG 14033 --- [duoc_usuarios] [           main] org.hibernate.type.BasicTypeRegistry     : Adding type registration timezone -> org.hibernate.type.BasicTypeReference@58a84a12
2024-10-07T00:01:05.529-03:00 DEBUG 14033 --- [duoc_usuarios] [           main] org.hibernate.type.BasicTypeRegistry     : Adding type registration java.util.TimeZone -> org.hibernate.type.BasicTypeReference@58a84a12
2024-10-07T00:01:05.529-03:00 DEBUG 14033 --- [duoc_usuarios] [           main] org.hibernate.type.BasicTypeRegistry     : Adding type registration ZoneOffset -> org.hibernate.type.BasicTypeReference@e700eba
2024-10-07T00:01:05.529-03:00 DEBUG 14033 --- [duoc_usuarios] [           main] org.hibernate.type.BasicTypeRegistry     : Adding type registration java.time.ZoneOffset -> org.hibernate.type.BasicTypeReference@e700eba
2024-10-07T00:01:05.530-03:00 DEBUG 14033 --- [duoc_usuarios] [           main] org.hibernate.type.BasicTypeRegistry     : Adding type registration url -> org.hibernate.type.BasicTypeReference@6436e181
2024-10-07T00:01:05.530-03:00 DEBUG 14033 --- [duoc_usuarios] [           main] org.hibernate.type.BasicTypeRegistry     : Adding type registration java.net.URL -> org.hibernate.type.BasicTypeReference@6436e181
2024-10-07T00:01:05.530-03:00 DEBUG 14033 --- [duoc_usuarios] [           main] org.hibernate.type.BasicTypeRegistry     : Adding type registration vector -> org.hibernate.type.BasicTypeReference@7186b202
2024-10-07T00:01:05.530-03:00 DEBUG 14033 --- [duoc_usuarios] [           main] org.hibernate.type.BasicTypeRegistry     : Adding type registration row_version -> org.hibernate.type.BasicTypeReference@6b649efa
2024-10-07T00:01:05.532-03:00 DEBUG 14033 --- [duoc_usuarios] [           main] org.hibernate.type.BasicTypeRegistry     : Adding type registration object -> org.hibernate.type.JavaObjectType@5a7df831
2024-10-07T00:01:05.532-03:00 DEBUG 14033 --- [duoc_usuarios] [           main] org.hibernate.type.BasicTypeRegistry     : Adding type registration java.lang.Object -> org.hibernate.type.JavaObjectType@5a7df831
2024-10-07T00:01:05.533-03:00 DEBUG 14033 --- [duoc_usuarios] [           main] org.hibernate.type.BasicTypeRegistry     : Adding type registration null -> org.hibernate.type.NullType@604d23fa
2024-10-07T00:01:05.533-03:00 DEBUG 14033 --- [duoc_usuarios] [           main] org.hibernate.type.BasicTypeRegistry     : Adding type registration imm_date -> org.hibernate.type.BasicTypeReference@1cc8416a
2024-10-07T00:01:05.533-03:00 DEBUG 14033 --- [duoc_usuarios] [           main] org.hibernate.type.BasicTypeRegistry     : Adding type registration imm_time -> org.hibernate.type.BasicTypeReference@331ff3ac
2024-10-07T00:01:05.533-03:00 DEBUG 14033 --- [duoc_usuarios] [           main] org.hibernate.type.BasicTypeRegistry     : Adding type registration imm_timestamp -> org.hibernate.type.BasicTypeReference@2e5e6fc4
2024-10-07T00:01:05.533-03:00 DEBUG 14033 --- [duoc_usuarios] [           main] org.hibernate.type.BasicTypeRegistry     : Adding type registration imm_calendar -> org.hibernate.type.BasicTypeReference@2785db06
2024-10-07T00:01:05.533-03:00 DEBUG 14033 --- [duoc_usuarios] [           main] org.hibernate.type.BasicTypeRegistry     : Adding type registration imm_calendar_date -> org.hibernate.type.BasicTypeReference@79980d8d
2024-10-07T00:01:05.533-03:00 DEBUG 14033 --- [duoc_usuarios] [           main] org.hibernate.type.BasicTypeRegistry     : Adding type registration imm_calendar_time -> org.hibernate.type.BasicTypeReference@35d60381
2024-10-07T00:01:05.533-03:00 DEBUG 14033 --- [duoc_usuarios] [           main] org.hibernate.type.BasicTypeRegistry     : Adding type registration imm_binary -> org.hibernate.type.BasicTypeReference@68ab6ab0
2024-10-07T00:01:05.533-03:00 DEBUG 14033 --- [duoc_usuarios] [           main] org.hibernate.type.BasicTypeRegistry     : Adding type registration imm_serializable -> org.hibernate.type.BasicTypeReference@61ffd148
2024-10-07T00:01:05.535-03:00 DEBUG 14033 --- [duoc_usuarios] [           main] o.h.boot.internal.BootstrapContextImpl   : Injecting JPA temp ClassLoader [org.springframework.instrument.classloading.SimpleThrowawayClassLoader@3c232051] into BootstrapContext; was [null]
2024-10-07T00:01:05.535-03:00 DEBUG 14033 --- [duoc_usuarios] [           main] o.h.boot.internal.ClassLoaderAccessImpl  : ClassLoaderAccessImpl#injectTempClassLoader(org.springframework.instrument.classloading.SimpleThrowawayClassLoader@3c232051) [was null]
2024-10-07T00:01:05.535-03:00 DEBUG 14033 --- [duoc_usuarios] [           main] o.h.boot.internal.BootstrapContextImpl   : Injecting ScanEnvironment [org.hibernate.jpa.boot.internal.StandardJpaScanEnvironmentImpl@4130a648] into BootstrapContext; was [null]
2024-10-07T00:01:05.535-03:00 DEBUG 14033 --- [duoc_usuarios] [           main] o.h.boot.internal.BootstrapContextImpl   : Injecting ScanOptions [org.hibernate.boot.archive.scan.internal.StandardScanOptions@61ff6a49] into BootstrapContext; was [org.hibernate.boot.archive.scan.internal.StandardScanOptions@18dd5ed3]
2024-10-07T00:01:05.646-03:00  INFO 14033 --- [duoc_usuarios] [           main] o.s.o.j.p.SpringPersistenceUnitInfo      : No LoadTimeWeaver setup: ignoring JPA class transformer
2024-10-07T00:01:05.647-03:00 DEBUG 14033 --- [duoc_usuarios] [           main] o.h.boot.internal.BootstrapContextImpl   : Injecting JPA temp ClassLoader [null] into BootstrapContext; was [org.springframework.instrument.classloading.SimpleThrowawayClassLoader@3c232051]
2024-10-07T00:01:05.647-03:00 DEBUG 14033 --- [duoc_usuarios] [           main] o.h.boot.internal.ClassLoaderAccessImpl  : ClassLoaderAccessImpl#injectTempClassLoader(null) [was org.springframework.instrument.classloading.SimpleThrowawayClassLoader@3c232051]
2024-10-07T00:01:05.662-03:00  INFO 14033 --- [duoc_usuarios] [           main] com.zaxxer.hikari.HikariDataSource       : HikariPool-1 - Starting...
2024-10-07T00:01:05.665-03:00  WARN 14033 --- [duoc_usuarios] [           main] c.zaxxer.hikari.util.DriverDataSource    : Registered driver with driverClassName=oracle.jdbc.driver.OracleDriver was not found, trying direct instantiation.
2024-10-07T00:01:06.588-03:00  INFO 14033 --- [duoc_usuarios] [           main] com.zaxxer.hikari.pool.HikariPool        : HikariPool-1 - Added connection oracle.jdbc.driver.T4CConnection@133aacbe
2024-10-07T00:01:06.589-03:00  INFO 14033 --- [duoc_usuarios] [           main] com.zaxxer.hikari.HikariDataSource       : HikariPool-1 - Start completed.
2024-10-07T00:01:06.591-03:00 DEBUG 14033 --- [duoc_usuarios] [           main] o.h.e.j.e.i.JdbcEnvironmentInitiator     : Database ->
	   name : Oracle
	version : Oracle Database 23ai Enterprise Edition Release 23.0.0.0.0 - Production
Version 23.6.0.24.07
	  major : 23
	  minor : 0
2024-10-07T00:01:06.591-03:00 DEBUG 14033 --- [duoc_usuarios] [           main] o.h.e.j.e.i.JdbcEnvironmentInitiator     : Driver ->
	   name : Oracle JDBC driver
	version : 21.9.0.0.0
	  major : 21
	  minor : 9
2024-10-07T00:01:06.591-03:00 DEBUG 14033 --- [duoc_usuarios] [           main] o.h.e.j.e.i.JdbcEnvironmentInitiator     : JDBC version : 4.3
2024-10-07T00:01:06.675-03:00  WARN 14033 --- [duoc_usuarios] [           main] org.hibernate.orm.deprecation            : HHH90000025: OracleDialect does not need to be specified explicitly using 'hibernate.dialect' (remove the property setting and it will be selected by default)
2024-10-07T00:01:06.675-03:00 DEBUG 14033 --- [duoc_usuarios] [           main] org.hibernate.orm.dialect                : HHH035001: Using dialect: org.hibernate.dialect.OracleDialect, version: 23.0
2024-10-07T00:01:06.730-03:00 DEBUG 14033 --- [duoc_usuarios] [           main] o.h.t.d.jdbc.spi.JdbcTypeRegistry        : addDescriptor(NCharTypeDescriptor) replaced previous registration(CharTypeDescriptor)
2024-10-07T00:01:06.730-03:00 DEBUG 14033 --- [duoc_usuarios] [           main] o.h.t.d.jdbc.spi.JdbcTypeRegistry        : addDescriptor(NVarcharTypeDescriptor) replaced previous registration(VarcharTypeDescriptor)
2024-10-07T00:01:06.730-03:00 DEBUG 14033 --- [duoc_usuarios] [           main] o.h.t.d.jdbc.spi.JdbcTypeRegistry        : addDescriptor(LongNVarcharTypeDescriptor) replaced previous registration(LongVarcharTypeDescriptor)
2024-10-07T00:01:06.731-03:00 DEBUG 14033 --- [duoc_usuarios] [           main] o.h.t.d.jdbc.spi.JdbcTypeRegistry        : addDescriptor(NClobTypeDescriptor(DEFAULT)) replaced previous registration(ClobTypeDescriptor(DEFAULT))
2024-10-07T00:01:06.733-03:00 DEBUG 14033 --- [duoc_usuarios] [           main] o.h.t.d.jdbc.spi.JdbcTypeRegistry        : addDescriptor(2005, ClobTypeDescriptor(STREAM_BINDING)) replaced previous registration(ClobTypeDescriptor(DEFAULT))
2024-10-07T00:01:06.734-03:00 DEBUG 14033 --- [duoc_usuarios] [           main] o.h.t.d.jdbc.spi.JdbcTypeRegistry        : addDescriptor(BooleanTypeDescriptor) replaced previous registration(BooleanTypeDescriptor)
2024-10-07T00:01:06.737-03:00 DEBUG 14033 --- [duoc_usuarios] [           main] org.hibernate.type.BasicTypeRegistry     : Adding type registration null -> org.hibernate.type.NullType@12a6e8ed
2024-10-07T00:01:06.737-03:00 DEBUG 14033 --- [duoc_usuarios] [           main] org.hibernate.type.BasicTypeRegistry     : Type registration key [null] overrode previous entry : `org.hibernate.type.NullType@604d23fa`
2024-10-07T00:01:06.737-03:00 DEBUG 14033 --- [duoc_usuarios] [           main] org.hibernate.type.BasicTypeRegistry     : Adding type registration JAVA_OBJECT -> org.hibernate.type.JavaObjectType@5996d6f2
2024-10-07T00:01:06.737-03:00 DEBUG 14033 --- [duoc_usuarios] [           main] org.hibernate.type.BasicTypeRegistry     : Adding type registration java.lang.Object -> org.hibernate.type.JavaObjectType@5996d6f2
2024-10-07T00:01:06.737-03:00 DEBUG 14033 --- [duoc_usuarios] [           main] org.hibernate.type.BasicTypeRegistry     : Type registration key [java.lang.Object] overrode previous entry : `org.hibernate.type.JavaObjectType@5a7df831`
2024-10-07T00:01:06.740-03:00 DEBUG 14033 --- [duoc_usuarios] [           main] org.hibernate.type.BasicTypeRegistry     : Adding type registration org.hibernate.type.DurationType -> basicType@1(java.time.Duration,3015)
2024-10-07T00:01:06.740-03:00 DEBUG 14033 --- [duoc_usuarios] [           main] org.hibernate.type.BasicTypeRegistry     : Adding type registration Duration -> basicType@1(java.time.Duration,3015)
2024-10-07T00:01:06.740-03:00 DEBUG 14033 --- [duoc_usuarios] [           main] org.hibernate.type.BasicTypeRegistry     : Adding type registration java.time.Duration -> basicType@1(java.time.Duration,3015)
2024-10-07T00:01:06.741-03:00 DEBUG 14033 --- [duoc_usuarios] [           main] o.h.type.spi.TypeConfiguration$Scope     : Scoping TypeConfiguration [org.hibernate.type.spi.TypeConfiguration@6b030101] to MetadataBuildingContext [org.hibernate.boot.internal.MetadataBuildingContextRootImpl@60a4e619]
2024-10-07T00:01:06.760-03:00 DEBUG 14033 --- [duoc_usuarios] [           main] o.h.boot.model.relational.Namespace      : Created database namespace [logicalName=Name{catalog=null, schema=null}, physicalName=Name{catalog=null, schema=null}]
2024-10-07T00:01:06.774-03:00 DEBUG 14033 --- [duoc_usuarios] [           main] o.h.boot.model.internal.EntityBinder     : Binding entity from annotated class: com.nathan.duoc_usuarios.dto.UsuarioDto
2024-10-07T00:01:06.777-03:00 DEBUG 14033 --- [duoc_usuarios] [           main] o.h.boot.model.internal.EntityBinder     : Import with entity name UsuarioDto
2024-10-07T00:01:06.780-03:00 DEBUG 14033 --- [duoc_usuarios] [           main] o.h.boot.model.internal.EntityBinder     : Bind entity com.nathan.duoc_usuarios.dto.UsuarioDto on table us_usuario
2024-10-07T00:01:06.784-03:00 DEBUG 14033 --- [duoc_usuarios] [           main] o.h.boot.model.internal.AnnotatedColumn  : Binding column: AnnotatedDiscriminatorColumn(column='DTYPE')
2024-10-07T00:01:06.792-03:00 DEBUG 14033 --- [duoc_usuarios] [           main] o.h.boot.model.internal.AnnotatedColumn  : Binding column: AnnotatedColumn(column='usuario_id')
2024-10-07T00:01:06.793-03:00 DEBUG 14033 --- [duoc_usuarios] [           main] o.h.boot.internal.ClassLoaderAccessImpl  : Not known whether passed class name [com.nathan.duoc_usuarios.dto.UsuarioDto] is safe
2024-10-07T00:01:06.793-03:00 DEBUG 14033 --- [duoc_usuarios] [           main] o.h.boot.internal.ClassLoaderAccessImpl  : No temp ClassLoader provided; using live ClassLoader for loading potentially unsafe class : com.nathan.duoc_usuarios.dto.UsuarioDto
2024-10-07T00:01:06.795-03:00 DEBUG 14033 --- [duoc_usuarios] [           main] o.h.boot.model.internal.PropertyBinder   : MetadataSourceProcessor property usuarioId with lazy=false
2024-10-07T00:01:06.797-03:00 DEBUG 14033 --- [duoc_usuarios] [           main] o.h.b.m.internal.AbstractPropertyHolder  : Attempting to locate auto-apply AttributeConverter for property [com.nathan.duoc_usuarios.dto.UsuarioDto:usuarioId]
2024-10-07T00:01:06.799-03:00 DEBUG 14033 --- [duoc_usuarios] [           main] o.h.b.model.internal.BasicValueBinder    : building BasicValue for usuarioId
2024-10-07T00:01:06.801-03:00 DEBUG 14033 --- [duoc_usuarios] [           main] org.hibernate.mapping.BasicValue         : Skipping column re-registration: us_usuario.usuario_id
2024-10-07T00:01:06.803-03:00 DEBUG 14033 --- [duoc_usuarios] [           main] o.h.boot.model.internal.PropertyBinder   : Building property usuarioId
2024-10-07T00:01:06.806-03:00 DEBUG 14033 --- [duoc_usuarios] [           main] o.h.boot.model.internal.BinderHelper     : #makeIdGenerator(BasicValue([Column(usuario_id)]), usuarioId, org.hibernate.id.enhanced.SequenceStyleGenerator, rol_secuence, ...)
2024-10-07T00:01:06.806-03:00 DEBUG 14033 --- [duoc_usuarios] [           main] o.h.boot.model.internal.AnnotatedColumn  : Binding column: AnnotatedColumn(column='alias')
2024-10-07T00:01:06.806-03:00 DEBUG 14033 --- [duoc_usuarios] [           main] o.h.boot.model.internal.PropertyBinder   : MetadataSourceProcessor property alias with lazy=false
2024-10-07T00:01:06.807-03:00 DEBUG 14033 --- [duoc_usuarios] [           main] o.h.b.m.internal.AbstractPropertyHolder  : Attempting to locate auto-apply AttributeConverter for property [com.nathan.duoc_usuarios.dto.UsuarioDto:alias]
2024-10-07T00:01:06.807-03:00 DEBUG 14033 --- [duoc_usuarios] [           main] o.h.b.model.internal.BasicValueBinder    : building BasicValue for alias
2024-10-07T00:01:06.807-03:00 DEBUG 14033 --- [duoc_usuarios] [           main] org.hibernate.mapping.BasicValue         : Skipping column re-registration: us_usuario.alias
2024-10-07T00:01:06.807-03:00 DEBUG 14033 --- [duoc_usuarios] [           main] o.h.boot.model.internal.PropertyBinder   : Building property alias
2024-10-07T00:01:06.807-03:00 DEBUG 14033 --- [duoc_usuarios] [           main] o.h.boot.model.internal.AnnotatedColumn  : Binding column: AnnotatedColumn(column='apellidos')
2024-10-07T00:01:06.807-03:00 DEBUG 14033 --- [duoc_usuarios] [           main] o.h.boot.model.internal.PropertyBinder   : MetadataSourceProcessor property apellidos with lazy=false
2024-10-07T00:01:06.807-03:00 DEBUG 14033 --- [duoc_usuarios] [           main] o.h.b.m.internal.AbstractPropertyHolder  : Attempting to locate auto-apply AttributeConverter for property [com.nathan.duoc_usuarios.dto.UsuarioDto:apellidos]
2024-10-07T00:01:06.807-03:00 DEBUG 14033 --- [duoc_usuarios] [           main] o.h.b.model.internal.BasicValueBinder    : building BasicValue for apellidos
2024-10-07T00:01:06.807-03:00 DEBUG 14033 --- [duoc_usuarios] [           main] org.hibernate.mapping.BasicValue         : Skipping column re-registration: us_usuario.apellidos
2024-10-07T00:01:06.807-03:00 DEBUG 14033 --- [duoc_usuarios] [           main] o.h.boot.model.internal.PropertyBinder   : Building property apellidos
2024-10-07T00:01:06.807-03:00 DEBUG 14033 --- [duoc_usuarios] [           main] o.h.boot.model.internal.AnnotatedColumn  : Binding column: AnnotatedColumn(column='direccion')
2024-10-07T00:01:06.807-03:00 DEBUG 14033 --- [duoc_usuarios] [           main] o.h.boot.model.internal.PropertyBinder   : MetadataSourceProcessor property direccion with lazy=false
2024-10-07T00:01:06.807-03:00 DEBUG 14033 --- [duoc_usuarios] [           main] o.h.b.m.internal.AbstractPropertyHolder  : Attempting to locate auto-apply AttributeConverter for property [com.nathan.duoc_usuarios.dto.UsuarioDto:direccion]
2024-10-07T00:01:06.808-03:00 DEBUG 14033 --- [duoc_usuarios] [           main] o.h.b.model.internal.BasicValueBinder    : building BasicValue for direccion
2024-10-07T00:01:06.808-03:00 DEBUG 14033 --- [duoc_usuarios] [           main] org.hibernate.mapping.BasicValue         : Skipping column re-registration: us_usuario.direccion
2024-10-07T00:01:06.808-03:00 DEBUG 14033 --- [duoc_usuarios] [           main] o.h.boot.model.internal.PropertyBinder   : Building property direccion
2024-10-07T00:01:06.808-03:00 DEBUG 14033 --- [duoc_usuarios] [           main] o.h.boot.model.internal.AnnotatedColumn  : Binding column: AnnotatedColumn(column='key_word')
2024-10-07T00:01:06.808-03:00 DEBUG 14033 --- [duoc_usuarios] [           main] o.h.boot.model.internal.PropertyBinder   : MetadataSourceProcessor property keyWord with lazy=false
2024-10-07T00:01:06.808-03:00 DEBUG 14033 --- [duoc_usuarios] [           main] o.h.b.m.internal.AbstractPropertyHolder  : Attempting to locate auto-apply AttributeConverter for property [com.nathan.duoc_usuarios.dto.UsuarioDto:keyWord]
2024-10-07T00:01:06.808-03:00 DEBUG 14033 --- [duoc_usuarios] [           main] o.h.b.model.internal.BasicValueBinder    : building BasicValue for keyWord
2024-10-07T00:01:06.808-03:00 DEBUG 14033 --- [duoc_usuarios] [           main] org.hibernate.mapping.BasicValue         : Skipping column re-registration: us_usuario.key_word
2024-10-07T00:01:06.808-03:00 DEBUG 14033 --- [duoc_usuarios] [           main] o.h.boot.model.internal.PropertyBinder   : Building property keyWord
2024-10-07T00:01:06.808-03:00 DEBUG 14033 --- [duoc_usuarios] [           main] o.h.boot.model.internal.AnnotatedColumn  : Binding column: AnnotatedColumn(column='nombres')
2024-10-07T00:01:06.808-03:00 DEBUG 14033 --- [duoc_usuarios] [           main] o.h.boot.model.internal.PropertyBinder   : MetadataSourceProcessor property nombres with lazy=false
2024-10-07T00:01:06.808-03:00 DEBUG 14033 --- [duoc_usuarios] [           main] o.h.b.m.internal.AbstractPropertyHolder  : Attempting to locate auto-apply AttributeConverter for property [com.nathan.duoc_usuarios.dto.UsuarioDto:nombres]
2024-10-07T00:01:06.809-03:00 DEBUG 14033 --- [duoc_usuarios] [           main] o.h.b.model.internal.BasicValueBinder    : building BasicValue for nombres
2024-10-07T00:01:06.809-03:00 DEBUG 14033 --- [duoc_usuarios] [           main] org.hibernate.mapping.BasicValue         : Skipping column re-registration: us_usuario.nombres
2024-10-07T00:01:06.809-03:00 DEBUG 14033 --- [duoc_usuarios] [           main] o.h.boot.model.internal.PropertyBinder   : Building property nombres
2024-10-07T00:01:06.809-03:00 DEBUG 14033 --- [duoc_usuarios] [           main] o.h.boot.model.internal.AnnotatedColumn  : Binding column: AnnotatedColumn(column='password')
2024-10-07T00:01:06.809-03:00 DEBUG 14033 --- [duoc_usuarios] [           main] o.h.boot.model.internal.PropertyBinder   : MetadataSourceProcessor property password with lazy=false
2024-10-07T00:01:06.809-03:00 DEBUG 14033 --- [duoc_usuarios] [           main] o.h.b.m.internal.AbstractPropertyHolder  : Attempting to locate auto-apply AttributeConverter for property [com.nathan.duoc_usuarios.dto.UsuarioDto:password]
2024-10-07T00:01:06.809-03:00 DEBUG 14033 --- [duoc_usuarios] [           main] o.h.b.model.internal.BasicValueBinder    : building BasicValue for password
2024-10-07T00:01:06.809-03:00 DEBUG 14033 --- [duoc_usuarios] [           main] org.hibernate.mapping.BasicValue         : Skipping column re-registration: us_usuario.password
2024-10-07T00:01:06.809-03:00 DEBUG 14033 --- [duoc_usuarios] [           main] o.h.boot.model.internal.PropertyBinder   : Building property password
2024-10-07T00:01:06.809-03:00 DEBUG 14033 --- [duoc_usuarios] [           main] o.h.boot.model.internal.AnnotatedColumn  : Binding column: AnnotatedColumn(column='rol_id')
2024-10-07T00:01:06.809-03:00 DEBUG 14033 --- [duoc_usuarios] [           main] o.h.boot.model.internal.PropertyBinder   : MetadataSourceProcessor property rol with lazy=false
2024-10-07T00:01:06.809-03:00 DEBUG 14033 --- [duoc_usuarios] [           main] o.h.b.m.internal.AbstractPropertyHolder  : Attempting to locate auto-apply AttributeConverter for property [com.nathan.duoc_usuarios.dto.UsuarioDto:rol]
2024-10-07T00:01:06.809-03:00 DEBUG 14033 --- [duoc_usuarios] [           main] o.h.b.model.internal.BasicValueBinder    : building BasicValue for rol
2024-10-07T00:01:06.809-03:00 DEBUG 14033 --- [duoc_usuarios] [           main] org.hibernate.mapping.BasicValue         : Skipping column re-registration: us_usuario.rol_id
2024-10-07T00:01:06.809-03:00 DEBUG 14033 --- [duoc_usuarios] [           main] o.h.boot.model.internal.PropertyBinder   : Building property rol
2024-10-07T00:01:06.809-03:00 DEBUG 14033 --- [duoc_usuarios] [           main] o.h.boot.model.internal.AnnotatedColumn  : Binding column: AnnotatedColumn(column='vigencia')
2024-10-07T00:01:06.809-03:00 DEBUG 14033 --- [duoc_usuarios] [           main] o.h.boot.model.internal.PropertyBinder   : MetadataSourceProcessor property vigencia with lazy=false
2024-10-07T00:01:06.809-03:00 DEBUG 14033 --- [duoc_usuarios] [           main] o.h.b.m.internal.AbstractPropertyHolder  : Attempting to locate auto-apply AttributeConverter for property [com.nathan.duoc_usuarios.dto.UsuarioDto:vigencia]
2024-10-07T00:01:06.809-03:00 DEBUG 14033 --- [duoc_usuarios] [           main] o.h.b.model.internal.BasicValueBinder    : building BasicValue for vigencia
2024-10-07T00:01:06.809-03:00 DEBUG 14033 --- [duoc_usuarios] [           main] org.hibernate.mapping.BasicValue         : Skipping column re-registration: us_usuario.vigencia
2024-10-07T00:01:06.810-03:00 DEBUG 14033 --- [duoc_usuarios] [           main] o.h.boot.model.internal.PropertyBinder   : Building property vigencia
2024-10-07T00:01:06.810-03:00 DEBUG 14033 --- [duoc_usuarios] [           main] o.h.b.r.c.i.ClassLoaderServiceImpl       : HHH000194: Package not found or no package-info.java: com.nathan.duoc_usuarios.dto
2024-10-07T00:01:06.813-03:00 DEBUG 14033 --- [duoc_usuarios] [           main] o.h.b.model.internal.BasicValueBinder    : Starting `BasicValueBinder#fillSimpleValue` for usuarioId
2024-10-07T00:01:06.814-03:00 DEBUG 14033 --- [duoc_usuarios] [           main] o.h.b.model.internal.BasicValueBinder    : Starting `BasicValueBinder#fillSimpleValue` for alias
2024-10-07T00:01:06.814-03:00 DEBUG 14033 --- [duoc_usuarios] [           main] o.h.b.model.internal.BasicValueBinder    : Starting `BasicValueBinder#fillSimpleValue` for apellidos
2024-10-07T00:01:06.814-03:00 DEBUG 14033 --- [duoc_usuarios] [           main] o.h.b.model.internal.BasicValueBinder    : Starting `BasicValueBinder#fillSimpleValue` for direccion
2024-10-07T00:01:06.814-03:00 DEBUG 14033 --- [duoc_usuarios] [           main] o.h.b.model.internal.BasicValueBinder    : Starting `BasicValueBinder#fillSimpleValue` for keyWord
2024-10-07T00:01:06.814-03:00 DEBUG 14033 --- [duoc_usuarios] [           main] o.h.b.model.internal.BasicValueBinder    : Starting `BasicValueBinder#fillSimpleValue` for nombres
2024-10-07T00:01:06.815-03:00 DEBUG 14033 --- [duoc_usuarios] [           main] o.h.b.model.internal.BasicValueBinder    : Starting `BasicValueBinder#fillSimpleValue` for password
2024-10-07T00:01:06.815-03:00 DEBUG 14033 --- [duoc_usuarios] [           main] o.h.b.model.internal.BasicValueBinder    : Starting `BasicValueBinder#fillSimpleValue` for rol
2024-10-07T00:01:06.815-03:00 DEBUG 14033 --- [duoc_usuarios] [           main] o.h.b.model.internal.BasicValueBinder    : Starting `BasicValueBinder#fillSimpleValue` for vigencia
2024-10-07T00:01:06.816-03:00 DEBUG 14033 --- [duoc_usuarios] [           main] org.hibernate.mapping.PrimaryKey         : Forcing column [usuario_id] to be non-null as it is part of the primary key for table [us_usuario]
2024-10-07T00:01:06.879-03:00 DEBUG 14033 --- [duoc_usuarios] [           main] o.hibernate.internal.SessionFactoryImpl  : Building session factory
2024-10-07T00:01:06.900-03:00 DEBUG 14033 --- [duoc_usuarios] [           main] .h.s.i.SessionFactoryServiceRegistryImpl : EventListenerRegistry access via ServiceRegistry is deprecated.  Use `sessionFactory.getEventEngine().getListenerRegistry()` instead
2024-10-07T00:01:06.900-03:00 DEBUG 14033 --- [duoc_usuarios] [           main] o.hibernate.internal.SessionFactoryImpl  : Instantiating SessionFactory with settings: {java.specification.version=22, hibernate.resource.beans.container=org.springframework.orm.hibernate5.SpringBeanContainer@1ff81b0d, hibernate.connection.handling_mode=DELAYED_ACQUISITION_AND_HOLD, sun.jnu.encoding=UTF-8, hibernate.dialect=org.hibernate.dialect.OracleDialect, hibernate.implicit_naming_strategy=org.springframework.boot.orm.jpa.hibernate.SpringImplicitNamingStrategy, java.class.path=/Users/jonathanbernal/Documents/Duoc/FullStack/Week9/duoc_usuarios/target/test-classes:/Users/jonathanbernal/Documents/Duoc/FullStack/Week9/duoc_usuarios/target/classes:/Users/jonathanbernal/.m2/repository/org/springframework/boot/spring-boot-starter-actuator/3.3.4/spring-boot-starter-actuator-3.3.4.jar:/Users/jonathanbernal/.m2/repository/org/springframework/boot/spring-boot-starter/3.3.4/spring-boot-starter-3.3.4.jar:/Users/jonathanbernal/.m2/repository/org/springframework/boot/spring-boot-starter-logging/3.3.4/spring-boot-starter-logging-3.3.4.jar:/Users/jonathanbernal/.m2/repository/ch/qos/logback/logback-classic/1.5.8/logback-classic-1.5.8.jar:/Users/jonathanbernal/.m2/repository/ch/qos/logback/logback-core/1.5.8/logback-core-1.5.8.jar:/Users/jonathanbernal/.m2/repository/org/apache/logging/log4j/log4j-to-slf4j/2.23.1/log4j-to-slf4j-2.23.1.jar:/Users/jonathanbernal/.m2/repository/org/apache/logging/log4j/log4j-api/2.23.1/log4j-api-2.23.1.jar:/Users/jonathanbernal/.m2/repository/org/slf4j/jul-to-slf4j/2.0.16/jul-to-slf4j-2.0.16.jar:/Users/jonathanbernal/.m2/repository/jakarta/annotation/jakarta.annotation-api/2.1.1/jakarta.annotation-api-2.1.1.jar:/Users/jonathanbernal/.m2/repository/org/yaml/snakeyaml/2.2/snakeyaml-2.2.jar:/Users/jonathanbernal/.m2/repository/org/springframework/boot/spring-boot-actuator-autoconfigure/3.3.4/spring-boot-actuator-autoconfigure-3.3.4.jar:/Users/jonathanbernal/.m2/repository/org/springframework/boot/spring-boot-actuator/3.3.4/spring-boot-actuator-3.3.4.jar:/Users/jonathanbernal/.m2/repository/com/fasterxml/jackson/core/jackson-databind/2.17.2/jackson-databind-2.17.2.jar:/Users/jonathanbernal/.m2/repository/com/fasterxml/jackson/core/jackson-annotations/2.17.2/jackson-annotations-2.17.2.jar:/Users/jonathanbernal/.m2/repository/com/fasterxml/jackson/core/jackson-core/2.17.2/jackson-core-2.17.2.jar:/Users/jonathanbernal/.m2/repository/com/fasterxml/jackson/datatype/jackson-datatype-jsr310/2.17.2/jackson-datatype-jsr310-2.17.2.jar:/Users/jonathanbernal/.m2/repository/io/micrometer/micrometer-observation/1.13.4/micrometer-observation-1.13.4.jar:/Users/jonathanbernal/.m2/repository/io/micrometer/micrometer-commons/1.13.4/micrometer-commons-1.13.4.jar:/Users/jonathanbernal/.m2/repository/io/micrometer/micrometer-jakarta9/1.13.4/micrometer-jakarta9-1.13.4.jar:/Users/jonathanbernal/.m2/repository/io/micrometer/micrometer-core/1.13.4/micrometer-core-1.13.4.jar:/Users/jonathanbernal/.m2/repository/org/hdrhistogram/HdrHistogram/2.2.2/HdrHistogram-2.2.2.jar:/Users/jonathanbernal/.m2/repository/org/latencyutils/LatencyUtils/2.0.3/LatencyUtils-2.0.3.jar:/Users/jonathanbernal/.m2/repository/org/springframework/boot/spring-boot-starter-web/3.3.4/spring-boot-starter-web-3.3.4.jar:/Users/jonathanbernal/.m2/repository/org/springframework/boot/spring-boot-starter-json/3.3.4/spring-boot-starter-json-3.3.4.jar:/Users/jonathanbernal/.m2/repository/com/fasterxml/jackson/datatype/jackson-datatype-jdk8/2.17.2/jackson-datatype-jdk8-2.17.2.jar:/Users/jonathanbernal/.m2/repository/com/fasterxml/jackson/module/jackson-module-parameter-names/2.17.2/jackson-module-parameter-names-2.17.2.jar:/Users/jonathanbernal/.m2/repository/org/springframework/boot/spring-boot-starter-tomcat/3.3.4/spring-boot-starter-tomcat-3.3.4.jar:/Users/jonathanbernal/.m2/repository/org/apache/tomcat/embed/tomcat-embed-core/10.1.30/tomcat-embed-core-10.1.30.jar:/Users/jonathanbernal/.m2/repository/org/apache/tomcat/embed/tomcat-embed-websocket/10.1.30/tomcat-embed-websocket-10.1.30.jar:/Users/jonathanbernal/.m2/repository/org/springframework/spring-web/6.1.13/spring-web-6.1.13.jar:/Users/jonathanbernal/.m2/repository/org/springframework/spring-beans/6.1.13/spring-beans-6.1.13.jar:/Users/jonathanbernal/.m2/repository/org/springframework/spring-webmvc/6.1.13/spring-webmvc-6.1.13.jar:/Users/jonathanbernal/.m2/repository/org/springframework/spring-aop/6.1.13/spring-aop-6.1.13.jar:/Users/jonathanbernal/.m2/repository/org/springframework/spring-context/6.1.13/spring-context-6.1.13.jar:/Users/jonathanbernal/.m2/repository/org/springframework/spring-expression/6.1.13/spring-expression-6.1.13.jar:/Users/jonathanbernal/.m2/repository/org/springframework/boot/spring-boot-devtools/3.3.4/spring-boot-devtools-3.3.4.jar:/Users/jonathanbernal/.m2/repository/org/springframework/boot/spring-boot/3.3.4/spring-boot-3.3.4.jar:/Users/jonathanbernal/.m2/repository/org/springframework/boot/spring-boot-autoconfigure/3.3.4/spring-boot-autoconfigure-3.3.4.jar:/Users/jonathanbernal/.m2/repository/org/projectlombok/lombok/1.18.34/lombok-1.18.34.jar:/Users/jonathanbernal/.m2/repository/org/springframework/boot/spring-boot-starter-test/3.3.4/spring-boot-starter-test-3.3.4.jar:/Users/jonathanbernal/.m2/repository/org/springframework/boot/spring-boot-test/3.3.4/spring-boot-test-3.3.4.jar:/Users/jonathanbernal/.m2/repository/org/springframework/boot/spring-boot-test-autoconfigure/3.3.4/spring-boot-test-autoconfigure-3.3.4.jar:/Users/jonathanbernal/.m2/repository/com/jayway/jsonpath/json-path/2.9.0/json-path-2.9.0.jar:/Users/jonathanbernal/.m2/repository/org/slf4j/slf4j-api/2.0.16/slf4j-api-2.0.16.jar:/Users/jonathanbernal/.m2/repository/jakarta/xml/bind/jakarta.xml.bind-api/4.0.2/jakarta.xml.bind-api-4.0.2.jar:/Users/jonathanbernal/.m2/repository/jakarta/activation/jakarta.activation-api/2.1.3/jakarta.activation-api-2.1.3.jar:/Users/jonathanbernal/.m2/repository/net/minidev/json-smart/2.5.1/json-smart-2.5.1.jar:/Users/jonathanbernal/.m2/repository/net/minidev/accessors-smart/2.5.1/accessors-smart-2.5.1.jar:/Users/jonathanbernal/.m2/repository/org/ow2/asm/asm/9.6/asm-9.6.jar:/Users/jonathanbernal/.m2/repository/org/assertj/assertj-core/3.25.3/assertj-core-3.25.3.jar:/Users/jonathanbernal/.m2/repository/net/bytebuddy/byte-buddy/1.14.19/byte-buddy-1.14.19.jar:/Users/jonathanbernal/.m2/repository/org/awaitility/awaitility/4.2.2/awaitility-4.2.2.jar:/Users/jonathanbernal/.m2/repository/org/junit/jupiter/junit-jupiter/5.10.3/junit-jupiter-5.10.3.jar:/Users/jonathanbernal/.m2/repository/org/junit/jupiter/junit-jupiter-api/5.10.3/junit-jupiter-api-5.10.3.jar:/Users/jonathanbernal/.m2/repository/org/opentest4j/opentest4j/1.3.0/opentest4j-1.3.0.jar:/Users/jonathanbernal/.m2/repository/org/junit/platform/junit-platform-commons/1.10.3/junit-platform-commons-1.10.3.jar:/Users/jonathanbernal/.m2/repository/org/apiguardian/apiguardian-api/1.1.2/apiguardian-api-1.1.2.jar:/Users/jonathanbernal/.m2/repository/org/junit/jupiter/junit-jupiter-params/5.10.3/junit-jupiter-params-5.10.3.jar:/Users/jonathanbernal/.m2/repository/org/junit/jupiter/junit-jupiter-engine/5.10.3/junit-jupiter-engine-5.10.3.jar:/Users/jonathanbernal/.m2/repository/org/junit/platform/junit-platform-engine/1.10.3/junit-platform-engine-1.10.3.jar:/Users/jonathanbernal/.m2/repository/org/mockito/mockito-core/5.11.0/mockito-core-5.11.0.jar:/Users/jonathanbernal/.m2/repository/net/bytebuddy/byte-buddy-agent/1.14.19/byte-buddy-agent-1.14.19.jar:/Users/jonathanbernal/.m2/repository/org/objenesis/objenesis/3.3/objenesis-3.3.jar:/Users/jonathanbernal/.m2/repository/org/mockito/mockito-junit-jupiter/5.11.0/mockito-junit-jupiter-5.11.0.jar:/Users/jonathanbernal/.m2/repository/org/skyscreamer/jsonassert/1.5.3/jsonassert-1.5.3.jar:/Users/jonathanbernal/.m2/repository/com/vaadin/external/google/android-json/0.0.20131108.vaadin1/android-json-0.0.20131108.vaadin1.jar:/Users/jonathanbernal/.m2/repository/org/springframework/spring-core/6.1.13/spring-core-6.1.13.jar:/Users/jonathanbernal/.m2/repository/org/springframework/spring-jcl/6.1.13/spring-jcl-6.1.13.jar:/Users/jonathanbernal/.m2/repository/org/springframework/spring-test/6.1.13/spring-test-6.1.13.jar:/Users/jonathanbernal/.m2/repository/org/xmlunit/xmlunit-core/2.9.1/xmlunit-core-2.9.1.jar:/Users/jonathanbernal/.m2/repository/org/springframework/boot/spring-boot-starter-data-jpa/3.3.4/spring-boot-starter-data-jpa-3.3.4.jar:/Users/jonathanbernal/.m2/repository/org/springframework/boot/spring-boot-starter-aop/3.3.4/spring-boot-starter-aop-3.3.4.jar:/Users/jonathanbernal/.m2/repository/org/aspectj/aspectjweaver/1.9.22.1/aspectjweaver-1.9.22.1.jar:/Users/jonathanbernal/.m2/repository/org/springframework/boot/spring-boot-starter-jdbc/3.3.4/spring-boot-starter-jdbc-3.3.4.jar:/Users/jonathanbernal/.m2/repository/com/zaxxer/HikariCP/5.1.0/HikariCP-5.1.0.jar:/Users/jonathanbernal/.m2/repository/org/springframework/spring-jdbc/6.1.13/spring-jdbc-6.1.13.jar:/Users/jonathanbernal/.m2/repository/org/hibernate/orm/hibernate-core/6.5.3.Final/hibernate-core-6.5.3.Final.jar:/Users/jonathanbernal/.m2/repository/jakarta/persistence/jakarta.persistence-api/3.1.0/jakarta.persistence-api-3.1.0.jar:/Users/jonathanbernal/.m2/repository/jakarta/transaction/jakarta.transaction-api/2.0.1/jakarta.transaction-api-2.0.1.jar:/Users/jonathanbernal/.m2/repository/org/jboss/logging/jboss-logging/3.5.3.Final/jboss-logging-3.5.3.Final.jar:/Users/jonathanbernal/.m2/repository/org/hibernate/common/hibernate-commons-annotations/6.0.6.Final/hibernate-commons-annotations-6.0.6.Final.jar:/Users/jonathanbernal/.m2/repository/io/smallrye/jandex/3.1.2/jandex-3.1.2.jar:/Users/jonathanbernal/.m2/repository/com/fasterxml/classmate/1.7.0/classmate-1.7.0.jar:/Users/jonathanbernal/.m2/repository/org/glassfish/jaxb/jaxb-runtime/4.0.5/jaxb-runtime-4.0.5.jar:/Users/jonathanbernal/.m2/repository/org/glassfish/jaxb/jaxb-core/4.0.5/jaxb-core-4.0.5.jar:/Users/jonathanbernal/.m2/repository/org/eclipse/angus/angus-activation/2.0.2/angus-activation-2.0.2.jar:/Users/jonathanbernal/.m2/repository/org/glassfish/jaxb/txw2/4.0.5/txw2-4.0.5.jar:/Users/jonathanbernal/.m2/repository/com/sun/istack/istack-commons-runtime/4.1.2/istack-commons-runtime-4.1.2.jar:/Users/jonathanbernal/.m2/repository/jakarta/inject/jakarta.inject-api/2.0.1/jakarta.inject-api-2.0.1.jar:/Users/jonathanbernal/.m2/repository/org/antlr/antlr4-runtime/4.13.0/antlr4-runtime-4.13.0.jar:/Users/jonathanbernal/.m2/repository/org/springframework/data/spring-data-jpa/3.3.4/spring-data-jpa-3.3.4.jar:/Users/jonathanbernal/.m2/repository/org/springframework/data/spring-data-commons/3.3.4/spring-data-commons-3.3.4.jar:/Users/jonathanbernal/.m2/repository/org/springframework/spring-orm/6.1.13/spring-orm-6.1.13.jar:/Users/jonathanbernal/.m2/repository/org/springframework/spring-tx/6.1.13/spring-tx-6.1.13.jar:/Users/jonathanbernal/.m2/repository/org/springframework/spring-aspects/6.1.13/spring-aspects-6.1.13.jar:/Users/jonathanbernal/.m2/repository/com/oracle/database/jdbc/ojdbc11/21.9.0.0/ojdbc11-21.9.0.0.jar:/Users/jonathanbernal/.m2/repository/com/oracle/database/security/oraclepki/21.5.0.0/oraclepki-21.5.0.0.jar:/Users/jonathanbernal/.m2/repository/com/oracle/database/security/osdt_cert/21.5.0.0/osdt_cert-21.5.0.0.jar:/Users/jonathanbernal/.m2/repository/com/oracle/database/security/osdt_core/21.5.0.0/osdt_core-21.5.0.0.jar:/Users/jonathanbernal/.m2/repository/org/hamcrest/hamcrest/2.2/hamcrest-2.2.jar:/Users/jonathanbernal/.m2/repository/org/springframework/boot/spring-boot-starter-validation/3.3.4/spring-boot-starter-validation-3.3.4.jar:/Users/jonathanbernal/.m2/repository/org/apache/tomcat/embed/tomcat-embed-el/10.1.30/tomcat-embed-el-10.1.30.jar:/Users/jonathanbernal/.m2/repository/org/hibernate/validator/hibernate-validator/8.0.1.Final/hibernate-validator-8.0.1.Final.jar:/Users/jonathanbernal/.m2/repository/jakarta/validation/jakarta.validation-api/3.0.2/jakarta.validation-api-3.0.2.jar:/Users/jonathanbernal/.m2/repository/org/springframework/boot/spring-boot-starter-hateoas/3.3.4/spring-boot-starter-hateoas-3.3.4.jar:/Users/jonathanbernal/.m2/repository/org/springframework/hateoas/spring-hateoas/2.3.3/spring-hateoas-2.3.3.jar:/Users/jonathanbernal/.m2/repository/org/springframework/plugin/spring-plugin-core/3.0.0/spring-plugin-core-3.0.0.jar:, java.vm.vendor=Homebrew, sun.arch.data.model=64, java.vendor.url=https://github.com/Homebrew/homebrew-core/issues, user.timezone=America/Santiago, jakarta.persistence.sharedCache.mode=UNSPECIFIED, org.jboss.logging.provider=slf4j, java.vm.specification.version=22, os.name=Mac OS X, jakarta.persistence.nonJtaDataSource=HikariDataSource (HikariPool-1), sun.java.launcher=SUN_STANDARD, user.country=419, sun.boot.library.path=/opt/homebrew/Cellar/openjdk/22.0.2/libexec/openjdk.jdk/Contents/Home/lib, sun.java.command=/Users/jonathanbernal/Documents/Duoc/FullStack/Week9/duoc_usuarios/target/surefire/surefirebooter-20241007000103872_3.jar /Users/jonathanbernal/Documents/Duoc/FullStack/Week9/duoc_usuarios/target/surefire 2024-10-07T00-01-03_656-jvmRun1 surefire-20241007000103872_1tmp surefire_0-20241007000103872_2tmp, javax.persistence.nonJtaDataSource=HikariDataSource (HikariPool-1), hibernate.transaction.jta.platform=org.hibernate.engine.transaction.jta.platform.internal.NoJtaPlatform@1c610f, http.nonProxyHosts=local|*.local|169.254/16|*.169.254/16, jdk.debug=release, surefire.test.class.path=/Users/jonathanbernal/Documents/Duoc/FullStack/Week9/duoc_usuarios/target/test-classes:/Users/jonathanbernal/Documents/Duoc/FullStack/Week9/duoc_usuarios/target/classes:/Users/jonathanbernal/.m2/repository/org/springframework/boot/spring-boot-starter-actuator/3.3.4/spring-boot-starter-actuator-3.3.4.jar:/Users/jonathanbernal/.m2/repository/org/springframework/boot/spring-boot-starter/3.3.4/spring-boot-starter-3.3.4.jar:/Users/jonathanbernal/.m2/repository/org/springframework/boot/spring-boot-starter-logging/3.3.4/spring-boot-starter-logging-3.3.4.jar:/Users/jonathanbernal/.m2/repository/ch/qos/logback/logback-classic/1.5.8/logback-classic-1.5.8.jar:/Users/jonathanbernal/.m2/repository/ch/qos/logback/logback-core/1.5.8/logback-core-1.5.8.jar:/Users/jonathanbernal/.m2/repository/org/apache/logging/log4j/log4j-to-slf4j/2.23.1/log4j-to-slf4j-2.23.1.jar:/Users/jonathanbernal/.m2/repository/org/apache/logging/log4j/log4j-api/2.23.1/log4j-api-2.23.1.jar:/Users/jonathanbernal/.m2/repository/org/slf4j/jul-to-slf4j/2.0.16/jul-to-slf4j-2.0.16.jar:/Users/jonathanbernal/.m2/repository/jakarta/annotation/jakarta.annotation-api/2.1.1/jakarta.annotation-api-2.1.1.jar:/Users/jonathanbernal/.m2/repository/org/yaml/snakeyaml/2.2/snakeyaml-2.2.jar:/Users/jonathanbernal/.m2/repository/org/springframework/boot/spring-boot-actuator-autoconfigure/3.3.4/spring-boot-actuator-autoconfigure-3.3.4.jar:/Users/jonathanbernal/.m2/repository/org/springframework/boot/spring-boot-actuator/3.3.4/spring-boot-actuator-3.3.4.jar:/Users/jonathanbernal/.m2/repository/com/fasterxml/jackson/core/jackson-databind/2.17.2/jackson-databind-2.17.2.jar:/Users/jonathanbernal/.m2/repository/com/fasterxml/jackson/core/jackson-annotations/2.17.2/jackson-annotations-2.17.2.jar:/Users/jonathanbernal/.m2/repository/com/fasterxml/jackson/core/jackson-core/2.17.2/jackson-core-2.17.2.jar:/Users/jonathanbernal/.m2/repository/com/fasterxml/jackson/datatype/jackson-datatype-jsr310/2.17.2/jackson-datatype-jsr310-2.17.2.jar:/Users/jonathanbernal/.m2/repository/io/micrometer/micrometer-observation/1.13.4/micrometer-observation-1.13.4.jar:/Users/jonathanbernal/.m2/repository/io/micrometer/micrometer-commons/1.13.4/micrometer-commons-1.13.4.jar:/Users/jonathanbernal/.m2/repository/io/micrometer/micrometer-jakarta9/1.13.4/micrometer-jakarta9-1.13.4.jar:/Users/jonathanbernal/.m2/repository/io/micrometer/micrometer-core/1.13.4/micrometer-core-1.13.4.jar:/Users/jonathanbernal/.m2/repository/org/hdrhistogram/HdrHistogram/2.2.2/HdrHistogram-2.2.2.jar:/Users/jonathanbernal/.m2/repository/org/latencyutils/LatencyUtils/2.0.3/LatencyUtils-2.0.3.jar:/Users/jonathanbernal/.m2/repository/org/springframework/boot/spring-boot-starter-web/3.3.4/spring-boot-starter-web-3.3.4.jar:/Users/jonathanbernal/.m2/repository/org/springframework/boot/spring-boot-starter-json/3.3.4/spring-boot-starter-json-3.3.4.jar:/Users/jonathanbernal/.m2/repository/com/fasterxml/jackson/datatype/jackson-datatype-jdk8/2.17.2/jackson-datatype-jdk8-2.17.2.jar:/Users/jonathanbernal/.m2/repository/com/fasterxml/jackson/module/jackson-module-parameter-names/2.17.2/jackson-module-parameter-names-2.17.2.jar:/Users/jonathanbernal/.m2/repository/org/springframework/boot/spring-boot-starter-tomcat/3.3.4/spring-boot-starter-tomcat-3.3.4.jar:/Users/jonathanbernal/.m2/repository/org/apache/tomcat/embed/tomcat-embed-core/10.1.30/tomcat-embed-core-10.1.30.jar:/Users/jonathanbernal/.m2/repository/org/apache/tomcat/embed/tomcat-embed-websocket/10.1.30/tomcat-embed-websocket-10.1.30.jar:/Users/jonathanbernal/.m2/repository/org/springframework/spring-web/6.1.13/spring-web-6.1.13.jar:/Users/jonathanbernal/.m2/repository/org/springframework/spring-beans/6.1.13/spring-beans-6.1.13.jar:/Users/jonathanbernal/.m2/repository/org/springframework/spring-webmvc/6.1.13/spring-webmvc-6.1.13.jar:/Users/jonathanbernal/.m2/repository/org/springframework/spring-aop/6.1.13/spring-aop-6.1.13.jar:/Users/jonathanbernal/.m2/repository/org/springframework/spring-context/6.1.13/spring-context-6.1.13.jar:/Users/jonathanbernal/.m2/repository/org/springframework/spring-expression/6.1.13/spring-expression-6.1.13.jar:/Users/jonathanbernal/.m2/repository/org/springframework/boot/spring-boot-devtools/3.3.4/spring-boot-devtools-3.3.4.jar:/Users/jonathanbernal/.m2/repository/org/springframework/boot/spring-boot/3.3.4/spring-boot-3.3.4.jar:/Users/jonathanbernal/.m2/repository/org/springframework/boot/spring-boot-autoconfigure/3.3.4/spring-boot-autoconfigure-3.3.4.jar:/Users/jonathanbernal/.m2/repository/org/projectlombok/lombok/1.18.34/lombok-1.18.34.jar:/Users/jonathanbernal/.m2/repository/org/springframework/boot/spring-boot-starter-test/3.3.4/spring-boot-starter-test-3.3.4.jar:/Users/jonathanbernal/.m2/repository/org/springframework/boot/spring-boot-test/3.3.4/spring-boot-test-3.3.4.jar:/Users/jonathanbernal/.m2/repository/org/springframework/boot/spring-boot-test-autoconfigure/3.3.4/spring-boot-test-autoconfigure-3.3.4.jar:/Users/jonathanbernal/.m2/repository/com/jayway/jsonpath/json-path/2.9.0/json-path-2.9.0.jar:/Users/jonathanbernal/.m2/repository/org/slf4j/slf4j-api/2.0.16/slf4j-api-2.0.16.jar:/Users/jonathanbernal/.m2/repository/jakarta/xml/bind/jakarta.xml.bind-api/4.0.2/jakarta.xml.bind-api-4.0.2.jar:/Users/jonathanbernal/.m2/repository/jakarta/activation/jakarta.activation-api/2.1.3/jakarta.activation-api-2.1.3.jar:/Users/jonathanbernal/.m2/repository/net/minidev/json-smart/2.5.1/json-smart-2.5.1.jar:/Users/jonathanbernal/.m2/repository/net/minidev/accessors-smart/2.5.1/accessors-smart-2.5.1.jar:/Users/jonathanbernal/.m2/repository/org/ow2/asm/asm/9.6/asm-9.6.jar:/Users/jonathanbernal/.m2/repository/org/assertj/assertj-core/3.25.3/assertj-core-3.25.3.jar:/Users/jonathanbernal/.m2/repository/net/bytebuddy/byte-buddy/1.14.19/byte-buddy-1.14.19.jar:/Users/jonathanbernal/.m2/repository/org/awaitility/awaitility/4.2.2/awaitility-4.2.2.jar:/Users/jonathanbernal/.m2/repository/org/junit/jupiter/junit-jupiter/5.10.3/junit-jupiter-5.10.3.jar:/Users/jonathanbernal/.m2/repository/org/junit/jupiter/junit-jupiter-api/5.10.3/junit-jupiter-api-5.10.3.jar:/Users/jonathanbernal/.m2/repository/org/opentest4j/opentest4j/1.3.0/opentest4j-1.3.0.jar:/Users/jonathanbernal/.m2/repository/org/junit/platform/junit-platform-commons/1.10.3/junit-platform-commons-1.10.3.jar:/Users/jonathanbernal/.m2/repository/org/apiguardian/apiguardian-api/1.1.2/apiguardian-api-1.1.2.jar:/Users/jonathanbernal/.m2/repository/org/junit/jupiter/junit-jupiter-params/5.10.3/junit-jupiter-params-5.10.3.jar:/Users/jonathanbernal/.m2/repository/org/junit/jupiter/junit-jupiter-engine/5.10.3/junit-jupiter-engine-5.10.3.jar:/Users/jonathanbernal/.m2/repository/org/junit/platform/junit-platform-engine/1.10.3/junit-platform-engine-1.10.3.jar:/Users/jonathanbernal/.m2/repository/org/mockito/mockito-core/5.11.0/mockito-core-5.11.0.jar:/Users/jonathanbernal/.m2/repository/net/bytebuddy/byte-buddy-agent/1.14.19/byte-buddy-agent-1.14.19.jar:/Users/jonathanbernal/.m2/repository/org/objenesis/objenesis/3.3/objenesis-3.3.jar:/Users/jonathanbernal/.m2/repository/org/mockito/mockito-junit-jupiter/5.11.0/mockito-junit-jupiter-5.11.0.jar:/Users/jonathanbernal/.m2/repository/org/skyscreamer/jsonassert/1.5.3/jsonassert-1.5.3.jar:/Users/jonathanbernal/.m2/repository/com/vaadin/external/google/android-json/0.0.20131108.vaadin1/android-json-0.0.20131108.vaadin1.jar:/Users/jonathanbernal/.m2/repository/org/springframework/spring-core/6.1.13/spring-core-6.1.13.jar:/Users/jonathanbernal/.m2/repository/org/springframework/spring-jcl/6.1.13/spring-jcl-6.1.13.jar:/Users/jonathanbernal/.m2/repository/org/springframework/spring-test/6.1.13/spring-test-6.1.13.jar:/Users/jonathanbernal/.m2/repository/org/xmlunit/xmlunit-core/2.9.1/xmlunit-core-2.9.1.jar:/Users/jonathanbernal/.m2/repository/org/springframework/boot/spring-boot-starter-data-jpa/3.3.4/spring-boot-starter-data-jpa-3.3.4.jar:/Users/jonathanbernal/.m2/repository/org/springframework/boot/spring-boot-starter-aop/3.3.4/spring-boot-starter-aop-3.3.4.jar:/Users/jonathanbernal/.m2/repository/org/aspectj/aspectjweaver/1.9.22.1/aspectjweaver-1.9.22.1.jar:/Users/jonathanbernal/.m2/repository/org/springframework/boot/spring-boot-starter-jdbc/3.3.4/spring-boot-starter-jdbc-3.3.4.jar:/Users/jonathanbernal/.m2/repository/com/zaxxer/HikariCP/5.1.0/HikariCP-5.1.0.jar:/Users/jonathanbernal/.m2/repository/org/springframework/spring-jdbc/6.1.13/spring-jdbc-6.1.13.jar:/Users/jonathanbernal/.m2/repository/org/hibernate/orm/hibernate-core/6.5.3.Final/hibernate-core-6.5.3.Final.jar:/Users/jonathanbernal/.m2/repository/jakarta/persistence/jakarta.persistence-api/3.1.0/jakarta.persistence-api-3.1.0.jar:/Users/jonathanbernal/.m2/repository/jakarta/transaction/jakarta.transaction-api/2.0.1/jakarta.transaction-api-2.0.1.jar:/Users/jonathanbernal/.m2/repository/org/jboss/logging/jboss-logging/3.5.3.Final/jboss-logging-3.5.3.Final.jar:/Users/jonathanbernal/.m2/repository/org/hibernate/common/hibernate-commons-annotations/6.0.6.Final/hibernate-commons-annotations-6.0.6.Final.jar:/Users/jonathanbernal/.m2/repository/io/smallrye/jandex/3.1.2/jandex-3.1.2.jar:/Users/jonathanbernal/.m2/repository/com/fasterxml/classmate/1.7.0/classmate-1.7.0.jar:/Users/jonathanbernal/.m2/repository/org/glassfish/jaxb/jaxb-runtime/4.0.5/jaxb-runtime-4.0.5.jar:/Users/jonathanbernal/.m2/repository/org/glassfish/jaxb/jaxb-core/4.0.5/jaxb-core-4.0.5.jar:/Users/jonathanbernal/.m2/repository/org/eclipse/angus/angus-activation/2.0.2/angus-activation-2.0.2.jar:/Users/jonathanbernal/.m2/repository/org/glassfish/jaxb/txw2/4.0.5/txw2-4.0.5.jar:/Users/jonathanbernal/.m2/repository/com/sun/istack/istack-commons-runtime/4.1.2/istack-commons-runtime-4.1.2.jar:/Users/jonathanbernal/.m2/repository/jakarta/inject/jakarta.inject-api/2.0.1/jakarta.inject-api-2.0.1.jar:/Users/jonathanbernal/.m2/repository/org/antlr/antlr4-runtime/4.13.0/antlr4-runtime-4.13.0.jar:/Users/jonathanbernal/.m2/repository/org/springframework/data/spring-data-jpa/3.3.4/spring-data-jpa-3.3.4.jar:/Users/jonathanbernal/.m2/repository/org/springframework/data/spring-data-commons/3.3.4/spring-data-commons-3.3.4.jar:/Users/jonathanbernal/.m2/repository/org/springframework/spring-orm/6.1.13/spring-orm-6.1.13.jar:/Users/jonathanbernal/.m2/repository/org/springframework/spring-tx/6.1.13/spring-tx-6.1.13.jar:/Users/jonathanbernal/.m2/repository/org/springframework/spring-aspects/6.1.13/spring-aspects-6.1.13.jar:/Users/jonathanbernal/.m2/repository/com/oracle/database/jdbc/ojdbc11/21.9.0.0/ojdbc11-21.9.0.0.jar:/Users/jonathanbernal/.m2/repository/com/oracle/database/security/oraclepki/21.5.0.0/oraclepki-21.5.0.0.jar:/Users/jonathanbernal/.m2/repository/com/oracle/database/security/osdt_cert/21.5.0.0/osdt_cert-21.5.0.0.jar:/Users/jonathanbernal/.m2/repository/com/oracle/database/security/osdt_core/21.5.0.0/osdt_core-21.5.0.0.jar:/Users/jonathanbernal/.m2/repository/org/hamcrest/hamcrest/2.2/hamcrest-2.2.jar:/Users/jonathanbernal/.m2/repository/org/springframework/boot/spring-boot-starter-validation/3.3.4/spring-boot-starter-validation-3.3.4.jar:/Users/jonathanbernal/.m2/repository/org/apache/tomcat/embed/tomcat-embed-el/10.1.30/tomcat-embed-el-10.1.30.jar:/Users/jonathanbernal/.m2/repository/org/hibernate/validator/hibernate-validator/8.0.1.Final/hibernate-validator-8.0.1.Final.jar:/Users/jonathanbernal/.m2/repository/jakarta/validation/jakarta.validation-api/3.0.2/jakarta.validation-api-3.0.2.jar:/Users/jonathanbernal/.m2/repository/org/springframework/boot/spring-boot-starter-hateoas/3.3.4/spring-boot-starter-hateoas-3.3.4.jar:/Users/jonathanbernal/.m2/repository/org/springframework/hateoas/spring-hateoas/2.3.3/spring-hateoas-2.3.3.jar:/Users/jonathanbernal/.m2/repository/org/springframework/plugin/spring-plugin-core/3.0.0/spring-plugin-core-3.0.0.jar:, sun.cpu.endian=little, hibernate.cdi.extensions=true, user.home=/Users/jonathanbernal, user.language=es, java.specification.vendor=Oracle Corporation, java.version.date=2024-07-16, java.home=/opt/homebrew/Cellar/openjdk/22.0.2/libexec/openjdk.jdk/Contents/Home, file.separator=/, basedir=/Users/jonathanbernal/Documents/Duoc/FullStack/Week9/duoc_usuarios, java.vm.compressedOopsMode=Zero based, line.separator=
, hibernate.persistenceUnitName=default, java.vm.specification.vendor=Oracle Corporation, java.specification.name=Java Platform API Specification, FILE_LOG_CHARSET=UTF-8, hibernate.transaction.coordinator_class=class org.hibernate.resource.transaction.backend.jdbc.internal.JdbcResourceLocalTransactionCoordinatorBuilderImpl, java.awt.headless=true, apple.awt.application.name=ForkedBooter, surefire.real.class.path=/Users/jonathanbernal/Documents/Duoc/FullStack/Week9/duoc_usuarios/target/surefire/surefirebooter-20241007000103872_3.jar, jakarta.persistence.validation.mode=AUTO, sun.management.compiler=HotSpot 64-Bit Tiered Compilers, ftp.nonProxyHosts=local|*.local|169.254/16|*.169.254/16, java.runtime.version=22.0.2, user.name=jonathanbernal, stdout.encoding=UTF-8, path.separator=:, os.version=14.5, skipTest=true, java.runtime.name=OpenJDK Runtime Environment, file.encoding=UTF-8, java.vm.name=OpenJDK 64-Bit Server VM, hibernate.show_sql=true, java.vendor.version=Homebrew, localRepository=/Users/jonathanbernal/.m2/repository, java.vendor.url.bug=https://github.com/Homebrew/homebrew-core/issues, java.io.tmpdir=/var/folders/nr/9gzlnt1s6xz7qdh8dxxx6c_00000gp/T/, java.version=22.0.2, hibernate.physical_naming_strategy=org.hibernate.boot.model.naming.CamelCaseToUnderscoresNamingStrategy, user.dir=/Users/jonathanbernal/Documents/Duoc/FullStack/Week9/duoc_usuarios, os.arch=aarch64, java.vm.specification.name=Java Virtual Machine Specification, PID=14033, CONSOLE_LOG_CHARSET=UTF-8, hibernate.boot.CfgXmlAccessService.key=org.hibernate.boot.registry.StandardServiceRegistryBuilder$1@773c7147, native.encoding=UTF-8, java.library.path=/Users/jonathanbernal/Library/Java/Extensions:/Library/Java/Extensions:/Network/Library/Java/Extensions:/System/Library/Java/Extensions:/usr/lib/java:., stderr.encoding=UTF-8, java.vendor=Homebrew, java.vm.info=mixed mode, sharing, java.vm.version=22.0.2, sun.io.unicode.encoding=UnicodeBig, hibernate.archive.scanner=org.hibernate.boot.archive.scan.internal.DisabledScanner, hibernate.connection.datasource=HikariDataSource (HikariPool-1), socksNonProxyHosts=local|*.local|169.254/16|*.169.254/16, java.class.version=66.0, LOGGED_APPLICATION_NAME=[duoc_usuarios] }
2024-10-07T00:01:06.902-03:00 DEBUG 14033 --- [duoc_usuarios] [           main] o.hibernate.internal.SessionFactoryImpl  : Session factory constructed with filter configurations : {}
2024-10-07T00:01:06.905-03:00 DEBUG 14033 --- [duoc_usuarios] [           main] o.h.v.i.xml.config.ValidationXmlParser   : Trying to load META-INF/validation.xml for XML based Validator configuration.
2024-10-07T00:01:06.905-03:00 DEBUG 14033 --- [duoc_usuarios] [           main] o.h.v.i.xml.config.ResourceLoaderHelper  : Trying to load META-INF/validation.xml via TCCL
2024-10-07T00:01:06.905-03:00 DEBUG 14033 --- [duoc_usuarios] [           main] o.h.v.i.xml.config.ResourceLoaderHelper  : Trying to load META-INF/validation.xml via Hibernate Validator's class loader
2024-10-07T00:01:06.905-03:00 DEBUG 14033 --- [duoc_usuarios] [           main] o.h.v.i.xml.config.ValidationXmlParser   : No META-INF/validation.xml found. Using annotation based configuration only.
2024-10-07T00:01:06.905-03:00 DEBUG 14033 --- [duoc_usuarios] [           main] o.h.v.i.e.resolver.TraversableResolvers  : Found jakarta.persistence.Persistence on classpath containing 'getPersistenceUtil'. Assuming JPA 2 environment. Trying to instantiate JPA aware TraversableResolver
2024-10-07T00:01:06.905-03:00 DEBUG 14033 --- [duoc_usuarios] [           main] o.h.v.i.e.resolver.TraversableResolvers  : Instantiated JPA aware TraversableResolver of type org.hibernate.validator.internal.engine.resolver.JPATraversableResolver.
2024-10-07T00:01:06.905-03:00 DEBUG 14033 --- [duoc_usuarios] [           main] .h.v.m.ResourceBundleMessageInterpolator : Loaded expression factory via original TCCL
2024-10-07T00:01:06.906-03:00 DEBUG 14033 --- [duoc_usuarios] [           main] .i.e.ValidatorFactoryConfigurationHelper : HV000252: Using org.hibernate.validator.internal.engine.DefaultPropertyNodeNameProvider as property node name provider.
2024-10-07T00:01:06.906-03:00 DEBUG 14033 --- [duoc_usuarios] [           main] .i.e.ValidatorFactoryConfigurationHelper : HV000234: Using org.hibernate.validator.messageinterpolation.ResourceBundleMessageInterpolator as ValidatorFactory-scoped message interpolator.
2024-10-07T00:01:06.906-03:00 DEBUG 14033 --- [duoc_usuarios] [           main] .i.e.ValidatorFactoryConfigurationHelper : HV000234: Using org.hibernate.validator.internal.engine.resolver.JPATraversableResolver as ValidatorFactory-scoped traversable resolver.
2024-10-07T00:01:06.906-03:00 DEBUG 14033 --- [duoc_usuarios] [           main] .i.e.ValidatorFactoryConfigurationHelper : HV000234: Using org.hibernate.validator.internal.util.ExecutableParameterNameProvider as ValidatorFactory-scoped parameter name provider.
2024-10-07T00:01:06.907-03:00 DEBUG 14033 --- [duoc_usuarios] [           main] .i.e.ValidatorFactoryConfigurationHelper : HV000234: Using org.hibernate.validator.internal.engine.DefaultClockProvider as ValidatorFactory-scoped clock provider.
2024-10-07T00:01:06.907-03:00 DEBUG 14033 --- [duoc_usuarios] [           main] .i.e.ValidatorFactoryConfigurationHelper : HV000234: Using org.hibernate.validator.internal.engine.scripting.DefaultScriptEvaluatorFactory as ValidatorFactory-scoped script evaluator factory.
2024-10-07T00:01:06.907-03:00 DEBUG 14033 --- [duoc_usuarios] [           main] o.h.boot.internal.ClassLoaderAccessImpl  : Not known whether passed class name [com.nathan.duoc_usuarios.dto.UsuarioDto] is safe
2024-10-07T00:01:06.907-03:00 DEBUG 14033 --- [duoc_usuarios] [           main] o.h.boot.internal.ClassLoaderAccessImpl  : No temp ClassLoader provided; using live ClassLoader for loading potentially unsafe class : com.nathan.duoc_usuarios.dto.UsuarioDto
2024-10-07T00:01:06.931-03:00 DEBUG 14033 --- [duoc_usuarios] [           main] .h.s.i.SessionFactoryServiceRegistryImpl : EventListenerRegistry access via ServiceRegistry is deprecated.  Use `sessionFactory.getEventEngine().getListenerRegistry()` instead
2024-10-07T00:01:06.934-03:00 DEBUG 14033 --- [duoc_usuarios] [           main] .h.t.s.s.SchemaManagementToolCoordinator : No schema actions specified for contributor `orm`; doing nothing
2024-10-07T00:01:06.960-03:00 DEBUG 14033 --- [duoc_usuarios] [           main] o.h.q.sqm.function.SqmFunctionRegistry   : Registered SqmFunctionTemplate [NamedSqmFunctionTemplate(max)] under max; prior registration was null
2024-10-07T00:01:06.960-03:00 DEBUG 14033 --- [duoc_usuarios] [           main] o.h.q.sqm.function.SqmFunctionRegistry   : Registered SqmFunctionTemplate [NamedSqmFunctionTemplate(min)] under min; prior registration was null
2024-10-07T00:01:06.960-03:00 DEBUG 14033 --- [duoc_usuarios] [           main] o.h.q.sqm.function.SqmFunctionRegistry   : Registered SqmFunctionTemplate [NamedSqmFunctionTemplate(sum)] under sum; prior registration was null
2024-10-07T00:01:06.960-03:00 DEBUG 14033 --- [duoc_usuarios] [           main] o.h.q.sqm.function.SqmFunctionRegistry   : Registered SqmFunctionTemplate [NamedSqmFunctionTemplate(avg)] under avg; prior registration was null
2024-10-07T00:01:06.961-03:00 DEBUG 14033 --- [duoc_usuarios] [           main] o.h.q.sqm.function.SqmFunctionRegistry   : Registered SqmFunctionTemplate [org.hibernate.dialect.function.CountFunction@453a30f8] under count; prior registration was null
2024-10-07T00:01:06.961-03:00 DEBUG 14033 --- [duoc_usuarios] [           main] o.h.q.sqm.function.SqmFunctionRegistry   : Registered SqmFunctionTemplate [org.hibernate.dialect.function.EveryAnyEmulation@20155dae] under every; prior registration was null
2024-10-07T00:01:06.961-03:00 DEBUG 14033 --- [duoc_usuarios] [           main] o.h.q.sqm.function.SqmFunctionRegistry   : Registered SqmFunctionTemplate [org.hibernate.dialect.function.EveryAnyEmulation@6c49ea0c] under any; prior registration was null
2024-10-07T00:01:06.962-03:00 DEBUG 14033 --- [duoc_usuarios] [           main] o.h.q.sqm.function.SqmFunctionRegistry   : Registered SqmFunctionTemplate [NamedSqmFunctionTemplate(floor)] under floor; prior registration was null
2024-10-07T00:01:06.962-03:00 DEBUG 14033 --- [duoc_usuarios] [           main] o.h.q.sqm.function.SqmFunctionRegistry   : Registered SqmFunctionTemplate [NamedSqmFunctionTemplate(ceiling)] under ceiling; prior registration was null
2024-10-07T00:01:06.962-03:00 DEBUG 14033 --- [duoc_usuarios] [           main] o.h.q.sqm.function.SqmFunctionRegistry   : Registered SqmFunctionTemplate [NamedSqmFunctionTemplate(mod)] under mod; prior registration was null
2024-10-07T00:01:06.962-03:00 DEBUG 14033 --- [duoc_usuarios] [           main] o.h.q.sqm.function.SqmFunctionRegistry   : Registered SqmFunctionTemplate [NamedSqmFunctionTemplate(abs)] under abs; prior registration was null
2024-10-07T00:01:06.962-03:00 DEBUG 14033 --- [duoc_usuarios] [           main] o.h.q.sqm.function.SqmFunctionRegistry   : Registered SqmFunctionTemplate [NamedSqmFunctionTemplate(sign)] under sign; prior registration was null
2024-10-07T00:01:06.962-03:00 DEBUG 14033 --- [duoc_usuarios] [           main] o.h.q.sqm.function.SqmFunctionRegistry   : Registered SqmFunctionTemplate [NamedSqmFunctionTemplate(sqrt)] under sqrt; prior registration was null
2024-10-07T00:01:06.962-03:00 DEBUG 14033 --- [duoc_usuarios] [           main] o.h.q.sqm.function.SqmFunctionRegistry   : Registered SqmFunctionTemplate [NamedSqmFunctionTemplate(ln)] under ln; prior registration was null
2024-10-07T00:01:06.962-03:00 DEBUG 14033 --- [duoc_usuarios] [           main] o.h.q.sqm.function.SqmFunctionRegistry   : Registered SqmFunctionTemplate [NamedSqmFunctionTemplate(exp)] under exp; prior registration was null
2024-10-07T00:01:06.962-03:00 DEBUG 14033 --- [duoc_usuarios] [           main] o.h.q.sqm.function.SqmFunctionRegistry   : Registered SqmFunctionTemplate [NamedSqmFunctionTemplate(power)] under power; prior registration was null
2024-10-07T00:01:06.962-03:00 DEBUG 14033 --- [duoc_usuarios] [           main] o.h.q.sqm.function.SqmFunctionRegistry   : Registered SqmFunctionTemplate [NamedSqmFunctionTemplate(round)] under round; prior registration was null
2024-10-07T00:01:06.962-03:00 DEBUG 14033 --- [duoc_usuarios] [           main] o.h.q.sqm.function.SqmFunctionRegistry   : Registered SqmFunctionTemplate [NamedSqmFunctionTemplate(sin)] under sin; prior registration was null
2024-10-07T00:01:06.962-03:00 DEBUG 14033 --- [duoc_usuarios] [           main] o.h.q.sqm.function.SqmFunctionRegistry   : Registered SqmFunctionTemplate [NamedSqmFunctionTemplate(cos)] under cos; prior registration was null
2024-10-07T00:01:06.962-03:00 DEBUG 14033 --- [duoc_usuarios] [           main] o.h.q.sqm.function.SqmFunctionRegistry   : Registered SqmFunctionTemplate [NamedSqmFunctionTemplate(tan)] under tan; prior registration was null
2024-10-07T00:01:06.962-03:00 DEBUG 14033 --- [duoc_usuarios] [           main] o.h.q.sqm.function.SqmFunctionRegistry   : Registered SqmFunctionTemplate [NamedSqmFunctionTemplate(asin)] under asin; prior registration was null
2024-10-07T00:01:06.962-03:00 DEBUG 14033 --- [duoc_usuarios] [           main] o.h.q.sqm.function.SqmFunctionRegistry   : Registered SqmFunctionTemplate [NamedSqmFunctionTemplate(acos)] under acos; prior registration was null
2024-10-07T00:01:06.962-03:00 DEBUG 14033 --- [duoc_usuarios] [           main] o.h.q.sqm.function.SqmFunctionRegistry   : Registered SqmFunctionTemplate [NamedSqmFunctionTemplate(atan)] under atan; prior registration was null
2024-10-07T00:01:06.962-03:00 DEBUG 14033 --- [duoc_usuarios] [           main] o.h.q.sqm.function.SqmFunctionRegistry   : Registered SqmFunctionTemplate [NamedSqmFunctionTemplate(atan2)] under atan2; prior registration was null
2024-10-07T00:01:06.963-03:00 DEBUG 14033 --- [duoc_usuarios] [           main] o.h.q.sqm.function.SqmFunctionRegistry   : Registered SqmFunctionTemplate [org.hibernate.query.sqm.function.PatternBasedSqmFunctionDescriptor@57f1a1de] under sinh; prior registration was null
2024-10-07T00:01:06.963-03:00 DEBUG 14033 --- [duoc_usuarios] [           main] o.h.q.sqm.function.SqmFunctionRegistry   : Registered SqmFunctionTemplate [org.hibernate.query.sqm.function.PatternBasedSqmFunctionDescriptor@4a6ef712] under cosh; prior registration was null
2024-10-07T00:01:06.963-03:00 DEBUG 14033 --- [duoc_usuarios] [           main] o.h.q.sqm.function.SqmFunctionRegistry   : Registered SqmFunctionTemplate [org.hibernate.query.sqm.function.PatternBasedSqmFunctionDescriptor@98712fa] under tanh; prior registration was null
2024-10-07T00:01:06.963-03:00 DEBUG 14033 --- [duoc_usuarios] [           main] o.h.q.sqm.function.SqmFunctionRegistry   : Registered SqmFunctionTemplate [org.hibernate.query.sqm.function.PatternBasedSqmFunctionDescriptor@61288814] under pi; prior registration was null
2024-10-07T00:01:06.963-03:00 DEBUG 14033 --- [duoc_usuarios] [           main] o.h.q.sqm.function.SqmFunctionRegistry   : Registered SqmFunctionTemplate [org.hibernate.query.sqm.function.PatternBasedSqmFunctionDescriptor@3b8d2abe] under log; prior registration was null
2024-10-07T00:01:06.964-03:00 DEBUG 14033 --- [duoc_usuarios] [           main] o.h.q.sqm.function.SqmFunctionRegistry   : Registered SqmFunctionTemplate [NamedSqmFunctionTemplate(coalesce)] under coalesce; prior registration was null
2024-10-07T00:01:06.964-03:00 DEBUG 14033 --- [duoc_usuarios] [           main] o.h.q.sqm.function.SqmFunctionRegistry   : Registered SqmFunctionTemplate [NamedSqmFunctionTemplate(nullif)] under nullif; prior registration was null
2024-10-07T00:01:06.964-03:00 DEBUG 14033 --- [duoc_usuarios] [           main] o.h.q.sqm.function.SqmFunctionRegistry   : Registered SqmFunctionTemplate [NamedSqmFunctionTemplate(left)] under left; prior registration was null
2024-10-07T00:01:06.964-03:00 DEBUG 14033 --- [duoc_usuarios] [           main] o.h.q.sqm.function.SqmFunctionRegistry   : Registered SqmFunctionTemplate [NamedSqmFunctionTemplate(right)] under right; prior registration was null
2024-10-07T00:01:06.964-03:00 DEBUG 14033 --- [duoc_usuarios] [           main] o.h.q.sqm.function.SqmFunctionRegistry   : Registered SqmFunctionTemplate [NamedSqmFunctionTemplate(replace)] under replace; prior registration was null
2024-10-07T00:01:06.964-03:00 DEBUG 14033 --- [duoc_usuarios] [           main] o.h.q.sqm.function.SqmFunctionRegistry   : Registered SqmFunctionTemplate [NamedSqmFunctionTemplate(concat)] under concat; prior registration was null
2024-10-07T00:01:06.964-03:00 DEBUG 14033 --- [duoc_usuarios] [           main] o.h.q.sqm.function.SqmFunctionRegistry   : Registered SqmFunctionTemplate [NamedSqmFunctionTemplate(lower)] under lower; prior registration was null
2024-10-07T00:01:06.964-03:00 DEBUG 14033 --- [duoc_usuarios] [           main] o.h.q.sqm.function.SqmFunctionRegistry   : Registered SqmFunctionTemplate [NamedSqmFunctionTemplate(upper)] under upper; prior registration was null
2024-10-07T00:01:06.964-03:00 DEBUG 14033 --- [duoc_usuarios] [           main] o.h.q.sqm.function.SqmFunctionRegistry   : Registered SqmFunctionTemplate [NamedSqmFunctionTemplate(substring)] under substring; prior registration was null
2024-10-07T00:01:06.964-03:00 DEBUG 14033 --- [duoc_usuarios] [           main] o.h.q.sqm.function.SqmFunctionRegistry   : Registered SqmFunctionTemplate [NamedSqmFunctionTemplate(locate)] under locate; prior registration was null
2024-10-07T00:01:06.964-03:00 DEBUG 14033 --- [duoc_usuarios] [           main] o.h.q.sqm.function.SqmFunctionRegistry   : Registered SqmFunctionTemplate [NamedSqmFunctionTemplate(character_length)] under character_length; prior registration was null
2024-10-07T00:01:06.964-03:00 DEBUG 14033 --- [duoc_usuarios] [           main] o.h.q.sqm.function.SqmFunctionRegistry   : Registering alternate key : length -> character_length
2024-10-07T00:01:06.964-03:00 DEBUG 14033 --- [duoc_usuarios] [           main] o.h.q.sqm.function.SqmFunctionRegistry   : Registered SqmFunctionTemplate [org.hibernate.dialect.function.LocatePositionEmulation@3458dab6] under position; prior registration was null
2024-10-07T00:01:06.965-03:00 DEBUG 14033 --- [duoc_usuarios] [           main] o.h.q.sqm.function.SqmFunctionRegistry   : Registered SqmFunctionTemplate [org.hibernate.dialect.function.InsertSubstringOverlayEmulation@37e64e37] under overlay; prior registration was null
2024-10-07T00:01:06.965-03:00 DEBUG 14033 --- [duoc_usuarios] [           main] o.h.q.sqm.function.SqmFunctionRegistry   : Registered SqmFunctionTemplate [org.hibernate.dialect.function.TrimFunction@d08f85a] under trim; prior registration was null
2024-10-07T00:01:06.966-03:00 DEBUG 14033 --- [duoc_usuarios] [           main] o.h.q.sqm.function.SqmFunctionRegistry   : Registered SqmFunctionTemplate [org.hibernate.dialect.function.CastFunction@de0c402] under cast; prior registration was null
2024-10-07T00:01:06.966-03:00 DEBUG 14033 --- [duoc_usuarios] [           main] o.h.q.sqm.function.SqmFunctionRegistry   : Registered SqmFunctionTemplate [org.hibernate.query.sqm.function.PatternBasedSqmFunctionDescriptor@24955144] under collate; prior registration was null
2024-10-07T00:01:06.966-03:00 DEBUG 14033 --- [duoc_usuarios] [           main] o.h.q.sqm.function.SqmFunctionRegistry   : Registered SqmFunctionTemplate [org.hibernate.dialect.function.ExtractFunction@71d0b8a4] under extract; prior registration was null
2024-10-07T00:01:06.966-03:00 DEBUG 14033 --- [duoc_usuarios] [           main] o.h.q.sqm.function.SqmFunctionRegistry   : Registered SqmFunctionTemplate [NamedSqmFunctionTemplate(least)] under least; prior registration was null
2024-10-07T00:01:06.966-03:00 DEBUG 14033 --- [duoc_usuarios] [           main] o.h.q.sqm.function.SqmFunctionRegistry   : Registered SqmFunctionTemplate [NamedSqmFunctionTemplate(greatest)] under greatest; prior registration was null
2024-10-07T00:01:06.966-03:00 DEBUG 14033 --- [duoc_usuarios] [           main] o.h.q.sqm.function.SqmFunctionRegistry   : Registered SqmFunctionTemplate [org.hibernate.dialect.function.CoalesceIfnullEmulation@4acc27fd] under ifnull; prior registration was null
2024-10-07T00:01:06.966-03:00 DEBUG 14033 --- [duoc_usuarios] [           main] o.h.q.sqm.function.SqmFunctionRegistry   : Registered SqmFunctionTemplate [NamedSqmFunctionTemplate(lpad)] under lpad; prior registration was null
2024-10-07T00:01:06.966-03:00 DEBUG 14033 --- [duoc_usuarios] [           main] o.h.q.sqm.function.SqmFunctionRegistry   : Registered SqmFunctionTemplate [NamedSqmFunctionTemplate(rpad)] under rpad; prior registration was null
2024-10-07T00:01:06.966-03:00 DEBUG 14033 --- [duoc_usuarios] [           main] o.h.q.sqm.function.SqmFunctionRegistry   : Registered SqmFunctionTemplate [org.hibernate.dialect.function.LpadRpadPadEmulation@19f1be04] under pad; prior registration was null
2024-10-07T00:01:06.967-03:00 DEBUG 14033 --- [duoc_usuarios] [           main] o.h.q.sqm.function.SqmFunctionRegistry   : Registered SqmFunctionTemplate [org.hibernate.dialect.function.CastStrEmulation@2cacd55e] under str; prior registration was null
2024-10-07T00:01:06.968-03:00 DEBUG 14033 --- [duoc_usuarios] [           main] o.h.q.sqm.function.SqmFunctionRegistry   : Registered SqmFunctionTemplate [org.hibernate.dialect.function.FormatFunction@2a16d393] under format; prior registration was null
2024-10-07T00:01:06.968-03:00 DEBUG 14033 --- [duoc_usuarios] [           main] o.h.q.sqm.function.SqmFunctionRegistry   : Registered SqmFunctionTemplate [org.hibernate.dialect.function.TimestampaddFunction@1786150f] under timestampadd; prior registration was null
2024-10-07T00:01:06.968-03:00 DEBUG 14033 --- [duoc_usuarios] [           main] o.h.q.sqm.function.SqmFunctionRegistry   : Registered SqmFunctionTemplate [org.hibernate.dialect.function.TimestampdiffFunction@4e3ffd0] under timestampdiff; prior registration was null
2024-10-07T00:01:06.968-03:00 DEBUG 14033 --- [duoc_usuarios] [           main] o.h.q.sqm.function.SqmFunctionRegistry   : Registering alternate key : dateadd -> timestampadd
2024-10-07T00:01:06.968-03:00 DEBUG 14033 --- [duoc_usuarios] [           main] o.h.q.sqm.function.SqmFunctionRegistry   : Registering alternate key : datediff -> timestampdiff
2024-10-07T00:01:06.968-03:00 DEBUG 14033 --- [duoc_usuarios] [           main] o.h.q.sqm.function.SqmFunctionRegistry   : Registered SqmFunctionTemplate [org.hibernate.dialect.function.CurrentFunction@5f803481] under current_date; prior registration was null
2024-10-07T00:01:06.968-03:00 DEBUG 14033 --- [duoc_usuarios] [           main] o.h.q.sqm.function.SqmFunctionRegistry   : Registered SqmFunctionTemplate [org.hibernate.dialect.function.CurrentFunction@408f70ab] under current_time; prior registration was null
2024-10-07T00:01:06.968-03:00 DEBUG 14033 --- [duoc_usuarios] [           main] o.h.q.sqm.function.SqmFunctionRegistry   : Registered SqmFunctionTemplate [org.hibernate.dialect.function.CurrentFunction@5383bf08] under current_timestamp; prior registration was null
2024-10-07T00:01:06.968-03:00 DEBUG 14033 --- [duoc_usuarios] [           main] o.h.q.sqm.function.SqmFunctionRegistry   : Registering alternate key : current date -> current_date
2024-10-07T00:01:06.968-03:00 DEBUG 14033 --- [duoc_usuarios] [           main] o.h.q.sqm.function.SqmFunctionRegistry   : Registering alternate key : current time -> current_time
2024-10-07T00:01:06.969-03:00 DEBUG 14033 --- [duoc_usuarios] [           main] o.h.q.sqm.function.SqmFunctionRegistry   : Registering alternate key : current timestamp -> current_timestamp
2024-10-07T00:01:06.969-03:00 DEBUG 14033 --- [duoc_usuarios] [           main] o.h.q.sqm.function.SqmFunctionRegistry   : Registered SqmFunctionTemplate [org.hibernate.dialect.function.CurrentFunction@2586e878] under local_date; prior registration was null
2024-10-07T00:01:06.969-03:00 DEBUG 14033 --- [duoc_usuarios] [           main] o.h.q.sqm.function.SqmFunctionRegistry   : Registered SqmFunctionTemplate [org.hibernate.dialect.function.CurrentFunction@7b7cf475] under local_time; prior registration was null
2024-10-07T00:01:06.969-03:00 DEBUG 14033 --- [duoc_usuarios] [           main] o.h.q.sqm.function.SqmFunctionRegistry   : Registered SqmFunctionTemplate [org.hibernate.dialect.function.CurrentFunction@404dc999] under local_datetime; prior registration was null
2024-10-07T00:01:06.969-03:00 DEBUG 14033 --- [duoc_usuarios] [           main] o.h.q.sqm.function.SqmFunctionRegistry   : Registered SqmFunctionTemplate [org.hibernate.dialect.function.CurrentFunction@ef85567] under offset_datetime; prior registration was null
2024-10-07T00:01:06.969-03:00 DEBUG 14033 --- [duoc_usuarios] [           main] o.h.q.sqm.function.SqmFunctionRegistry   : Registering alternate key : local date -> local_date
2024-10-07T00:01:06.969-03:00 DEBUG 14033 --- [duoc_usuarios] [           main] o.h.q.sqm.function.SqmFunctionRegistry   : Registering alternate key : local time -> local_time
2024-10-07T00:01:06.969-03:00 DEBUG 14033 --- [duoc_usuarios] [           main] o.h.q.sqm.function.SqmFunctionRegistry   : Registering alternate key : local datetime -> local_datetime
2024-10-07T00:01:06.969-03:00 DEBUG 14033 --- [duoc_usuarios] [           main] o.h.q.sqm.function.SqmFunctionRegistry   : Registering alternate key : offset datetime -> offset_datetime
2024-10-07T00:01:06.969-03:00 DEBUG 14033 --- [duoc_usuarios] [           main] o.h.q.sqm.function.SqmFunctionRegistry   : Registered SqmFunctionTemplate [org.hibernate.dialect.function.CurrentFunction@1c2fb9e8] under instant; prior registration was null
2024-10-07T00:01:06.969-03:00 DEBUG 14033 --- [duoc_usuarios] [           main] o.h.q.sqm.function.SqmFunctionRegistry   : Registering alternate key : current_instant -> instant
2024-10-07T00:01:06.969-03:00 DEBUG 14033 --- [duoc_usuarios] [           main] o.h.q.sqm.function.SqmFunctionRegistry   : Registered SqmFunctionTemplate [org.hibernate.dialect.function.SqlFunction@35d0749] under sql; prior registration was null
2024-10-07T00:01:06.969-03:00 DEBUG 14033 --- [duoc_usuarios] [           main] o.h.q.sqm.function.SqmFunctionRegistry   : Registered SqmFunctionTemplate [NamedSqmFunctionTemplate(ascii)] under ascii; prior registration was null
2024-10-07T00:01:06.969-03:00 DEBUG 14033 --- [duoc_usuarios] [           main] o.h.q.sqm.function.SqmFunctionRegistry   : Registered SqmFunctionTemplate [NamedSqmFunctionTemplate(chr)] under chr; prior registration was null
2024-10-07T00:01:06.969-03:00 DEBUG 14033 --- [duoc_usuarios] [           main] o.h.q.sqm.function.SqmFunctionRegistry   : Registering alternate key : char -> chr
2024-10-07T00:01:06.969-03:00 DEBUG 14033 --- [duoc_usuarios] [           main] o.h.q.sqm.function.SqmFunctionRegistry   : Registered SqmFunctionTemplate [NamedSqmFunctionTemplate(cosh)] under cosh; prior registration was org.hibernate.query.sqm.function.PatternBasedSqmFunctionDescriptor@4a6ef712
2024-10-07T00:01:06.969-03:00 DEBUG 14033 --- [duoc_usuarios] [           main] o.h.q.sqm.function.SqmFunctionRegistry   : Registered SqmFunctionTemplate [NamedSqmFunctionTemplate(sinh)] under sinh; prior registration was org.hibernate.query.sqm.function.PatternBasedSqmFunctionDescriptor@57f1a1de
2024-10-07T00:01:06.969-03:00 DEBUG 14033 --- [duoc_usuarios] [           main] o.h.q.sqm.function.SqmFunctionRegistry   : Registered SqmFunctionTemplate [NamedSqmFunctionTemplate(tanh)] under tanh; prior registration was org.hibernate.query.sqm.function.PatternBasedSqmFunctionDescriptor@98712fa
2024-10-07T00:01:06.969-03:00 DEBUG 14033 --- [duoc_usuarios] [           main] o.h.q.sqm.function.SqmFunctionRegistry   : Registered SqmFunctionTemplate [NamedSqmFunctionTemplate(log)] under log; prior registration was org.hibernate.query.sqm.function.PatternBasedSqmFunctionDescriptor@3b8d2abe
2024-10-07T00:01:06.969-03:00 DEBUG 14033 --- [duoc_usuarios] [           main] o.h.q.sqm.function.SqmFunctionRegistry   : Registered SqmFunctionTemplate [org.hibernate.query.sqm.function.PatternBasedSqmFunctionDescriptor@621a387f] under log10; prior registration was null
2024-10-07T00:01:06.969-03:00 DEBUG 14033 --- [duoc_usuarios] [           main] o.h.q.sqm.function.SqmFunctionRegistry   : Registered SqmFunctionTemplate [NamedSqmFunctionTemplate(soundex)] under soundex; prior registration was null
2024-10-07T00:01:06.969-03:00 DEBUG 14033 --- [duoc_usuarios] [           main] o.h.q.sqm.function.SqmFunctionRegistry   : Registered SqmFunctionTemplate [NamedSqmFunctionTemplate(ltrim)] under ltrim; prior registration was null
2024-10-07T00:01:06.969-03:00 DEBUG 14033 --- [duoc_usuarios] [           main] o.h.q.sqm.function.SqmFunctionRegistry   : Registered SqmFunctionTemplate [NamedSqmFunctionTemplate(rtrim)] under rtrim; prior registration was null
2024-10-07T00:01:06.969-03:00 DEBUG 14033 --- [duoc_usuarios] [           main] o.h.q.sqm.function.SqmFunctionRegistry   : Registered SqmFunctionTemplate [NamedSqmFunctionTemplate(initcap)] under initcap; prior registration was null
2024-10-07T00:01:06.969-03:00 DEBUG 14033 --- [duoc_usuarios] [           main] o.h.q.sqm.function.SqmFunctionRegistry   : Registered SqmFunctionTemplate [NamedSqmFunctionTemplate(instr)] under instr; prior registration was null
2024-10-07T00:01:06.969-03:00 DEBUG 14033 --- [duoc_usuarios] [           main] o.h.q.sqm.function.SqmFunctionRegistry   : Registered SqmFunctionTemplate [NamedSqmFunctionTemplate(substr)] under substr; prior registration was null
2024-10-07T00:01:06.969-03:00 DEBUG 14033 --- [duoc_usuarios] [           main] o.h.q.sqm.function.SqmFunctionRegistry   : Registered SqmFunctionTemplate [NamedSqmFunctionTemplate(substr)] under substring; prior registration was NamedSqmFunctionTemplate(substring)
2024-10-07T00:01:06.969-03:00 DEBUG 14033 --- [duoc_usuarios] [           main] o.h.q.sqm.function.SqmFunctionRegistry   : Registered SqmFunctionTemplate [org.hibernate.query.sqm.function.PatternBasedSqmFunctionDescriptor@552088cc] under left; prior registration was NamedSqmFunctionTemplate(left)
2024-10-07T00:01:06.969-03:00 DEBUG 14033 --- [duoc_usuarios] [           main] o.h.q.sqm.function.SqmFunctionRegistry   : Registered SqmFunctionTemplate [org.hibernate.query.sqm.function.PatternBasedSqmFunctionDescriptor@57eed461] under right; prior registration was NamedSqmFunctionTemplate(right)
2024-10-07T00:01:06.969-03:00 DEBUG 14033 --- [duoc_usuarios] [           main] o.h.q.sqm.function.SqmFunctionRegistry   : Registered SqmFunctionTemplate [NamedSqmFunctionTemplate(translate)] under translate; prior registration was null
2024-10-07T00:01:06.969-03:00 DEBUG 14033 --- [duoc_usuarios] [           main] o.h.q.sqm.function.SqmFunctionRegistry   : Registered SqmFunctionTemplate [NamedSqmFunctionTemplate(bitand)] under bitand; prior registration was null
2024-10-07T00:01:06.969-03:00 DEBUG 14033 --- [duoc_usuarios] [           main] o.h.q.sqm.function.SqmFunctionRegistry   : Registered SqmFunctionTemplate [NamedSqmFunctionTemplate(last_day)] under last_day; prior registration was null
2024-10-07T00:01:06.969-03:00 DEBUG 14033 --- [duoc_usuarios] [           main] o.h.q.sqm.function.SqmFunctionRegistry   : Registered SqmFunctionTemplate [NamedSqmFunctionTemplate(to_number)] under to_number; prior registration was null
2024-10-07T00:01:06.969-03:00 DEBUG 14033 --- [duoc_usuarios] [           main] o.h.q.sqm.function.SqmFunctionRegistry   : Registered SqmFunctionTemplate [NamedSqmFunctionTemplate(to_char)] under to_char; prior registration was null
2024-10-07T00:01:06.969-03:00 DEBUG 14033 --- [duoc_usuarios] [           main] o.h.q.sqm.function.SqmFunctionRegistry   : Registered SqmFunctionTemplate [NamedSqmFunctionTemplate(to_date)] under to_date; prior registration was null
2024-10-07T00:01:06.970-03:00 DEBUG 14033 --- [duoc_usuarios] [           main] o.h.q.sqm.function.SqmFunctionRegistry   : Registered SqmFunctionTemplate [NamedSqmFunctionTemplate(to_timestamp)] under to_timestamp; prior registration was null
2024-10-07T00:01:06.970-03:00 DEBUG 14033 --- [duoc_usuarios] [           main] o.h.q.sqm.function.SqmFunctionRegistry   : Registered SqmFunctionTemplate [NamedSqmFunctionTemplate(ceil)] under ceil; prior registration was null
2024-10-07T00:01:06.970-03:00 DEBUG 14033 --- [duoc_usuarios] [           main] o.h.q.sqm.function.SqmFunctionRegistry   : Registering alternate key : ceiling -> ceil
2024-10-07T00:01:06.970-03:00 DEBUG 14033 --- [duoc_usuarios] [           main] o.h.q.sqm.function.SqmFunctionRegistry   : Registered SqmFunctionTemplate [org.hibernate.query.sqm.function.PatternBasedSqmFunctionDescriptor@3c62f69a] under concat; prior registration was NamedSqmFunctionTemplate(concat)
2024-10-07T00:01:06.970-03:00 DEBUG 14033 --- [duoc_usuarios] [           main] o.h.q.sqm.function.SqmFunctionRegistry   : Registered SqmFunctionTemplate [NamedSqmFunctionTemplate(rowid)] under rowid; prior registration was null
2024-10-07T00:01:06.970-03:00 DEBUG 14033 --- [duoc_usuarios] [           main] o.h.q.sqm.function.SqmFunctionRegistry   : Registered SqmFunctionTemplate [NamedSqmFunctionTemplate(rownum)] under rownum; prior registration was null
2024-10-07T00:01:06.970-03:00 DEBUG 14033 --- [duoc_usuarios] [           main] o.h.q.sqm.function.SqmFunctionRegistry   : Registered SqmFunctionTemplate [NamedSqmFunctionTemplate(sysdate)] under sysdate; prior registration was null
2024-10-07T00:01:06.970-03:00 DEBUG 14033 --- [duoc_usuarios] [           main] o.h.q.sqm.function.SqmFunctionRegistry   : Registered SqmFunctionTemplate [NamedSqmFunctionTemplate(systimestamp)] under systimestamp; prior registration was null
2024-10-07T00:01:06.970-03:00 DEBUG 14033 --- [duoc_usuarios] [           main] o.h.q.sqm.function.SqmFunctionRegistry   : Registered SqmFunctionTemplate [NamedSqmFunctionTemplate(add_months)] under add_months; prior registration was null
2024-10-07T00:01:06.970-03:00 DEBUG 14033 --- [duoc_usuarios] [           main] o.h.q.sqm.function.SqmFunctionRegistry   : Registered SqmFunctionTemplate [NamedSqmFunctionTemplate(months_between)] under months_between; prior registration was null
2024-10-07T00:01:06.970-03:00 DEBUG 14033 --- [duoc_usuarios] [           main] o.h.q.sqm.function.SqmFunctionRegistry   : Registered SqmFunctionTemplate [org.hibernate.dialect.function.MinMaxCaseEveryAnyEmulation@54ae1240] under every; prior registration was org.hibernate.dialect.function.EveryAnyEmulation@20155dae
2024-10-07T00:01:06.970-03:00 DEBUG 14033 --- [duoc_usuarios] [           main] o.h.q.sqm.function.SqmFunctionRegistry   : Registered SqmFunctionTemplate [org.hibernate.dialect.function.MinMaxCaseEveryAnyEmulation@1c2b65cc] under any; prior registration was org.hibernate.dialect.function.EveryAnyEmulation@6c49ea0c
2024-10-07T00:01:06.970-03:00 DEBUG 14033 --- [duoc_usuarios] [           main] o.h.q.sqm.function.SqmFunctionRegistry   : Registered SqmFunctionTemplate [org.hibernate.query.sqm.function.PatternBasedSqmFunctionDescriptor@390a7532] under repeat; prior registration was null
2024-10-07T00:01:06.970-03:00 DEBUG 14033 --- [duoc_usuarios] [           main] o.h.q.sqm.function.SqmFunctionRegistry   : Registered SqmFunctionTemplate [org.hibernate.query.sqm.function.PatternBasedSqmFunctionDescriptor@595184d8] under radians; prior registration was null
2024-10-07T00:01:06.970-03:00 DEBUG 14033 --- [duoc_usuarios] [           main] o.h.q.sqm.function.SqmFunctionRegistry   : Registered SqmFunctionTemplate [org.hibernate.query.sqm.function.PatternBasedSqmFunctionDescriptor@7d49a1a0] under degrees; prior registration was null
2024-10-07T00:01:06.970-03:00 DEBUG 14033 --- [duoc_usuarios] [           main] o.h.q.sqm.function.SqmFunctionRegistry   : Registered SqmFunctionTemplate [NamedSqmFunctionTemplate(median)] under median; prior registration was null
2024-10-07T00:01:06.970-03:00 DEBUG 14033 --- [duoc_usuarios] [           main] o.h.q.sqm.function.SqmFunctionRegistry   : Registered SqmFunctionTemplate [NamedSqmFunctionTemplate(stddev)] under stddev; prior registration was null
2024-10-07T00:01:06.970-03:00 DEBUG 14033 --- [duoc_usuarios] [           main] o.h.q.sqm.function.SqmFunctionRegistry   : Registered SqmFunctionTemplate [NamedSqmFunctionTemplate(stddev_pop)] under stddev_pop; prior registration was null
2024-10-07T00:01:06.970-03:00 DEBUG 14033 --- [duoc_usuarios] [           main] o.h.q.sqm.function.SqmFunctionRegistry   : Registered SqmFunctionTemplate [NamedSqmFunctionTemplate(stddev_samp)] under stddev_samp; prior registration was null
2024-10-07T00:01:06.970-03:00 DEBUG 14033 --- [duoc_usuarios] [           main] o.h.q.sqm.function.SqmFunctionRegistry   : Registered SqmFunctionTemplate [NamedSqmFunctionTemplate(variance)] under variance; prior registration was null
2024-10-07T00:01:06.970-03:00 DEBUG 14033 --- [duoc_usuarios] [           main] o.h.q.sqm.function.SqmFunctionRegistry   : Registered SqmFunctionTemplate [NamedSqmFunctionTemplate(var_pop)] under var_pop; prior registration was null
2024-10-07T00:01:06.970-03:00 DEBUG 14033 --- [duoc_usuarios] [           main] o.h.q.sqm.function.SqmFunctionRegistry   : Registered SqmFunctionTemplate [NamedSqmFunctionTemplate(var_samp)] under var_samp; prior registration was null
2024-10-07T00:01:06.970-03:00 DEBUG 14033 --- [duoc_usuarios] [           main] o.h.q.sqm.function.SqmFunctionRegistry   : Registered SqmFunctionTemplate [NamedSqmFunctionTemplate(covar_pop)] under covar_pop; prior registration was null
2024-10-07T00:01:06.970-03:00 DEBUG 14033 --- [duoc_usuarios] [           main] o.h.q.sqm.function.SqmFunctionRegistry   : Registered SqmFunctionTemplate [NamedSqmFunctionTemplate(covar_samp)] under covar_samp; prior registration was null
2024-10-07T00:01:06.971-03:00 DEBUG 14033 --- [duoc_usuarios] [           main] o.h.q.sqm.function.SqmFunctionRegistry   : Registered SqmFunctionTemplate [NamedSqmFunctionTemplate(corr)] under corr; prior registration was null
2024-10-07T00:01:06.971-03:00 DEBUG 14033 --- [duoc_usuarios] [           main] o.h.q.sqm.function.SqmFunctionRegistry   : Registered SqmFunctionTemplate [NamedSqmFunctionTemplate(regr_avgx)] under regr_avgx; prior registration was null
2024-10-07T00:01:06.971-03:00 DEBUG 14033 --- [duoc_usuarios] [           main] o.h.q.sqm.function.SqmFunctionRegistry   : Registered SqmFunctionTemplate [NamedSqmFunctionTemplate(regr_avgy)] under regr_avgy; prior registration was null
2024-10-07T00:01:06.971-03:00 DEBUG 14033 --- [duoc_usuarios] [           main] o.h.q.sqm.function.SqmFunctionRegistry   : Registered SqmFunctionTemplate [NamedSqmFunctionTemplate(regr_count)] under regr_count; prior registration was null
2024-10-07T00:01:06.971-03:00 DEBUG 14033 --- [duoc_usuarios] [           main] o.h.q.sqm.function.SqmFunctionRegistry   : Registered SqmFunctionTemplate [NamedSqmFunctionTemplate(regr_intercept)] under regr_intercept; prior registration was null
2024-10-07T00:01:06.971-03:00 DEBUG 14033 --- [duoc_usuarios] [           main] o.h.q.sqm.function.SqmFunctionRegistry   : Registered SqmFunctionTemplate [NamedSqmFunctionTemplate(regr_r2)] under regr_r2; prior registration was null
2024-10-07T00:01:06.971-03:00 DEBUG 14033 --- [duoc_usuarios] [           main] o.h.q.sqm.function.SqmFunctionRegistry   : Registered SqmFunctionTemplate [NamedSqmFunctionTemplate(regr_slope)] under regr_slope; prior registration was null
2024-10-07T00:01:06.971-03:00 DEBUG 14033 --- [duoc_usuarios] [           main] o.h.q.sqm.function.SqmFunctionRegistry   : Registered SqmFunctionTemplate [NamedSqmFunctionTemplate(regr_sxx)] under regr_sxx; prior registration was null
2024-10-07T00:01:06.971-03:00 DEBUG 14033 --- [duoc_usuarios] [           main] o.h.q.sqm.function.SqmFunctionRegistry   : Registered SqmFunctionTemplate [NamedSqmFunctionTemplate(regr_sxy)] under regr_sxy; prior registration was null
2024-10-07T00:01:06.971-03:00 DEBUG 14033 --- [duoc_usuarios] [           main] o.h.q.sqm.function.SqmFunctionRegistry   : Registered SqmFunctionTemplate [NamedSqmFunctionTemplate(regr_syy)] under regr_syy; prior registration was null
2024-10-07T00:01:06.972-03:00 DEBUG 14033 --- [duoc_usuarios] [           main] o.h.q.sqm.function.SqmFunctionRegistry   : Registered SqmFunctionTemplate [org.hibernate.dialect.function.LengthFunction@520ee6b3] under length; prior registration was null
2024-10-07T00:01:06.972-03:00 DEBUG 14033 --- [duoc_usuarios] [           main] o.h.q.sqm.function.SqmFunctionRegistry   : Registering alternate key : character_length -> length
2024-10-07T00:01:06.972-03:00 DEBUG 14033 --- [duoc_usuarios] [           main] o.h.q.sqm.function.SqmFunctionRegistry   : Registered SqmFunctionTemplate [org.hibernate.dialect.function.LengthFunction@15f11bfb] under octet_length; prior registration was null
2024-10-07T00:01:06.972-03:00 DEBUG 14033 --- [duoc_usuarios] [           main] o.h.q.sqm.function.SqmFunctionRegistry   : Registered SqmFunctionTemplate [org.hibernate.dialect.function.LengthFunction@16a499d1] under bit_length; prior registration was null
2024-10-07T00:01:06.972-03:00 DEBUG 14033 --- [duoc_usuarios] [           main] o.h.q.sqm.function.SqmFunctionRegistry   : Registered SqmFunctionTemplate [NamedSqmFunctionTemplate(coalesce)] under coalesce; prior registration was NamedSqmFunctionTemplate(coalesce)
2024-10-07T00:01:06.972-03:00 DEBUG 14033 --- [duoc_usuarios] [           main] o.h.q.sqm.function.SqmFunctionRegistry   : Registered SqmFunctionTemplate [org.hibernate.query.sqm.function.PatternBasedSqmFunctionDescriptor@2bf4fa1] under bitor; prior registration was null
2024-10-07T00:01:06.972-03:00 DEBUG 14033 --- [duoc_usuarios] [           main] o.h.q.sqm.function.SqmFunctionRegistry   : Registered SqmFunctionTemplate [org.hibernate.query.sqm.function.PatternBasedSqmFunctionDescriptor@27210a3b] under bitxor; prior registration was null
2024-10-07T00:01:06.972-03:00 DEBUG 14033 --- [duoc_usuarios] [           main] o.h.q.sqm.function.SqmFunctionRegistry   : Registered SqmFunctionTemplate [org.hibernate.query.sqm.function.MultipatternSqmFunctionDescriptor@5fafa76d] under locate; prior registration was NamedSqmFunctionTemplate(locate)
2024-10-07T00:01:06.973-03:00 DEBUG 14033 --- [duoc_usuarios] [           main] o.h.q.sqm.function.SqmFunctionRegistry   : Registered SqmFunctionTemplate [org.hibernate.dialect.function.ListaggFunction@7c88d04f] under listagg; prior registration was null
2024-10-07T00:01:06.973-03:00 DEBUG 14033 --- [duoc_usuarios] [           main] o.h.q.sqm.function.SqmFunctionRegistry   : Registered SqmFunctionTemplate [NamedSqmFunctionTemplate(row_number)] under row_number; prior registration was null
2024-10-07T00:01:06.973-03:00 DEBUG 14033 --- [duoc_usuarios] [           main] o.h.q.sqm.function.SqmFunctionRegistry   : Registered SqmFunctionTemplate [NamedSqmFunctionTemplate(lag)] under lag; prior registration was null
2024-10-07T00:01:06.973-03:00 DEBUG 14033 --- [duoc_usuarios] [           main] o.h.q.sqm.function.SqmFunctionRegistry   : Registered SqmFunctionTemplate [NamedSqmFunctionTemplate(lead)] under lead; prior registration was null
2024-10-07T00:01:06.973-03:00 DEBUG 14033 --- [duoc_usuarios] [           main] o.h.q.sqm.function.SqmFunctionRegistry   : Registered SqmFunctionTemplate [NamedSqmFunctionTemplate(first_value)] under first_value; prior registration was null
2024-10-07T00:01:06.973-03:00 DEBUG 14033 --- [duoc_usuarios] [           main] o.h.q.sqm.function.SqmFunctionRegistry   : Registered SqmFunctionTemplate [NamedSqmFunctionTemplate(last_value)] under last_value; prior registration was null
2024-10-07T00:01:06.973-03:00 DEBUG 14033 --- [duoc_usuarios] [           main] o.h.q.sqm.function.SqmFunctionRegistry   : Registered SqmFunctionTemplate [NamedSqmFunctionTemplate(nth_value)] under nth_value; prior registration was null
2024-10-07T00:01:06.973-03:00 DEBUG 14033 --- [duoc_usuarios] [           main] o.h.q.sqm.function.SqmFunctionRegistry   : Registered SqmFunctionTemplate [org.hibernate.dialect.function.HypotheticalSetFunction@523ade68] under rank; prior registration was null
2024-10-07T00:01:06.973-03:00 DEBUG 14033 --- [duoc_usuarios] [           main] o.h.q.sqm.function.SqmFunctionRegistry   : Registered SqmFunctionTemplate [org.hibernate.dialect.function.HypotheticalSetFunction@b529d7e] under dense_rank; prior registration was null
2024-10-07T00:01:06.973-03:00 DEBUG 14033 --- [duoc_usuarios] [           main] o.h.q.sqm.function.SqmFunctionRegistry   : Registered SqmFunctionTemplate [org.hibernate.dialect.function.HypotheticalSetFunction@3664c596] under percent_rank; prior registration was null
2024-10-07T00:01:06.973-03:00 DEBUG 14033 --- [duoc_usuarios] [           main] o.h.q.sqm.function.SqmFunctionRegistry   : Registered SqmFunctionTemplate [org.hibernate.dialect.function.HypotheticalSetFunction@40aad17d] under cume_dist; prior registration was null
2024-10-07T00:01:06.976-03:00 DEBUG 14033 --- [duoc_usuarios] [           main] o.h.q.sqm.function.SqmFunctionRegistry   : Registered SqmFunctionTemplate [org.hibernate.dialect.function.InverseDistributionFunction@74450c9b] under mode; prior registration was null
2024-10-07T00:01:06.976-03:00 DEBUG 14033 --- [duoc_usuarios] [           main] o.h.q.sqm.function.SqmFunctionRegistry   : Registered SqmFunctionTemplate [org.hibernate.dialect.function.InverseDistributionFunction@74f89bad] under percentile_cont; prior registration was null
2024-10-07T00:01:06.976-03:00 DEBUG 14033 --- [duoc_usuarios] [           main] o.h.q.sqm.function.SqmFunctionRegistry   : Registered SqmFunctionTemplate [org.hibernate.dialect.function.InverseDistributionFunction@5ad50b02] under percentile_disc; prior registration was null
2024-10-07T00:01:06.976-03:00 DEBUG 14033 --- [duoc_usuarios] [           main] o.h.q.sqm.function.SqmFunctionRegistry   : Registered SqmFunctionTemplate [org.hibernate.dialect.function.ModeStatsModeEmulation@49153009] under mode; prior registration was org.hibernate.dialect.function.InverseDistributionFunction@74450c9b
2024-10-07T00:01:06.978-03:00 DEBUG 14033 --- [duoc_usuarios] [           main] o.h.q.sqm.function.SqmFunctionRegistry   : Registered SqmFunctionTemplate [org.hibernate.dialect.function.OracleTruncFunction@52efb338] under trunc; prior registration was null
2024-10-07T00:01:06.979-03:00 DEBUG 14033 --- [duoc_usuarios] [           main] o.h.q.sqm.function.SqmFunctionRegistry   : Registering alternate key : truncate -> trunc
2024-10-07T00:01:06.980-03:00 DEBUG 14033 --- [duoc_usuarios] [           main] o.h.q.sqm.function.SqmFunctionRegistry   : Registered SqmFunctionTemplate [org.hibernate.dialect.function.array.OracleArrayConstructorFunction@3f2ae973] under array; prior registration was null
2024-10-07T00:01:06.980-03:00 DEBUG 14033 --- [duoc_usuarios] [           main] o.h.q.sqm.function.SqmFunctionRegistry   : Registered SqmFunctionTemplate [org.hibernate.dialect.function.array.OracleArrayConstructorFunction@1a8b22b5] under array_list; prior registration was null
2024-10-07T00:01:06.980-03:00 DEBUG 14033 --- [duoc_usuarios] [           main] o.h.q.sqm.function.SqmFunctionRegistry   : Registered SqmFunctionTemplate [org.hibernate.dialect.function.array.OracleArrayAggEmulation@2b3242a5] under array_agg; prior registration was null
2024-10-07T00:01:06.981-03:00 DEBUG 14033 --- [duoc_usuarios] [           main] o.h.q.sqm.function.SqmFunctionRegistry   : Registered SqmFunctionTemplate [org.hibernate.dialect.function.array.OracleArrayPositionFunction@26f204a4] under array_position; prior registration was null
2024-10-07T00:01:06.983-03:00 DEBUG 14033 --- [duoc_usuarios] [           main] o.h.q.sqm.function.SqmFunctionRegistry   : Registered SqmFunctionTemplate [org.hibernate.dialect.function.array.OracleArrayPositionsFunction@47ae6c18] under array_positions; prior registration was null
2024-10-07T00:01:06.984-03:00 DEBUG 14033 --- [duoc_usuarios] [           main] o.h.q.sqm.function.SqmFunctionRegistry   : Registered SqmFunctionTemplate [org.hibernate.dialect.function.array.OracleArrayPositionsFunction@3dcbbbc] under array_positions_list; prior registration was null
2024-10-07T00:01:06.985-03:00 DEBUG 14033 --- [duoc_usuarios] [           main] o.h.q.sqm.function.SqmFunctionRegistry   : Registered SqmFunctionTemplate [org.hibernate.dialect.function.array.OracleArrayLengthFunction@7e1fb22c] under array_length; prior registration was null
2024-10-07T00:01:06.985-03:00 DEBUG 14033 --- [duoc_usuarios] [           main] o.h.q.sqm.function.SqmFunctionRegistry   : Registered SqmFunctionTemplate [org.hibernate.dialect.function.array.OracleArrayConcatFunction@625db0e0] under array_concat; prior registration was null
2024-10-07T00:01:06.985-03:00 DEBUG 14033 --- [duoc_usuarios] [           main] o.h.q.sqm.function.SqmFunctionRegistry   : Registered SqmFunctionTemplate [org.hibernate.dialect.function.array.OracleArrayConcatElementFunction@25e796fe] under array_prepend; prior registration was null
2024-10-07T00:01:06.985-03:00 DEBUG 14033 --- [duoc_usuarios] [           main] o.h.q.sqm.function.SqmFunctionRegistry   : Registered SqmFunctionTemplate [org.hibernate.dialect.function.array.OracleArrayConcatElementFunction@62c53685] under array_append; prior registration was null
2024-10-07T00:01:06.986-03:00 DEBUG 14033 --- [duoc_usuarios] [           main] o.h.q.sqm.function.SqmFunctionRegistry   : Registered SqmFunctionTemplate [org.hibernate.dialect.function.array.OracleArrayContainsFunction@7d6019d5] under array_contains; prior registration was null
2024-10-07T00:01:06.986-03:00 DEBUG 14033 --- [duoc_usuarios] [           main] o.h.q.sqm.function.SqmFunctionRegistry   : Registered SqmFunctionTemplate [org.hibernate.dialect.function.array.OracleArrayContainsFunction@40b01718] under array_contains_nullable; prior registration was null
2024-10-07T00:01:06.986-03:00 DEBUG 14033 --- [duoc_usuarios] [           main] o.h.q.sqm.function.SqmFunctionRegistry   : Registered SqmFunctionTemplate [org.hibernate.dialect.function.array.OracleArrayOverlapsFunction@338270ea] under array_overlaps; prior registration was null
2024-10-07T00:01:06.986-03:00 DEBUG 14033 --- [duoc_usuarios] [           main] o.h.q.sqm.function.SqmFunctionRegistry   : Registered SqmFunctionTemplate [org.hibernate.dialect.function.array.OracleArrayOverlapsFunction@7f64bd7] under array_overlaps_nullable; prior registration was null
2024-10-07T00:01:06.986-03:00 DEBUG 14033 --- [duoc_usuarios] [           main] o.h.q.sqm.function.SqmFunctionRegistry   : Registered SqmFunctionTemplate [org.hibernate.dialect.function.array.OracleArrayGetFunction@23954300] under array_get; prior registration was null
2024-10-07T00:01:06.987-03:00 DEBUG 14033 --- [duoc_usuarios] [           main] o.h.q.sqm.function.SqmFunctionRegistry   : Registered SqmFunctionTemplate [org.hibernate.dialect.function.array.OracleArraySetFunction@63a7af06] under array_set; prior registration was null
2024-10-07T00:01:06.987-03:00 DEBUG 14033 --- [duoc_usuarios] [           main] o.h.q.sqm.function.SqmFunctionRegistry   : Registered SqmFunctionTemplate [org.hibernate.dialect.function.array.OracleArrayRemoveFunction@31531d0d] under array_remove; prior registration was null
2024-10-07T00:01:06.987-03:00 DEBUG 14033 --- [duoc_usuarios] [           main] o.h.q.sqm.function.SqmFunctionRegistry   : Registered SqmFunctionTemplate [org.hibernate.dialect.function.array.OracleArrayRemoveIndexFunction@175957b6] under array_remove_index; prior registration was null
2024-10-07T00:01:06.987-03:00 DEBUG 14033 --- [duoc_usuarios] [           main] o.h.q.sqm.function.SqmFunctionRegistry   : Registered SqmFunctionTemplate [org.hibernate.dialect.function.array.OracleArraySliceFunction@6081f330] under array_slice; prior registration was null
2024-10-07T00:01:06.987-03:00 DEBUG 14033 --- [duoc_usuarios] [           main] o.h.q.sqm.function.SqmFunctionRegistry   : Registered SqmFunctionTemplate [org.hibernate.dialect.function.array.OracleArrayReplaceFunction@4f9213d2] under array_replace; prior registration was null
2024-10-07T00:01:06.988-03:00 DEBUG 14033 --- [duoc_usuarios] [           main] o.h.q.sqm.function.SqmFunctionRegistry   : Registered SqmFunctionTemplate [org.hibernate.dialect.function.array.OracleArrayTrimFunction@248d2cec] under array_trim; prior registration was null
2024-10-07T00:01:06.988-03:00 DEBUG 14033 --- [duoc_usuarios] [           main] o.h.q.sqm.function.SqmFunctionRegistry   : Registered SqmFunctionTemplate [org.hibernate.dialect.function.array.OracleArrayFillFunction@e7b3e54] under array_fill; prior registration was null
2024-10-07T00:01:06.988-03:00 DEBUG 14033 --- [duoc_usuarios] [           main] o.h.q.sqm.function.SqmFunctionRegistry   : Registered SqmFunctionTemplate [org.hibernate.dialect.function.array.OracleArrayFillFunction@78d61f17] under array_fill_list; prior registration was null
2024-10-07T00:01:06.988-03:00 DEBUG 14033 --- [duoc_usuarios] [           main] o.h.q.sqm.function.SqmFunctionRegistry   : Registered SqmFunctionTemplate [org.hibernate.dialect.function.array.OracleArrayToStringFunction@60f3239f] under array_to_string; prior registration was null
2024-10-07T00:01:06.989-03:00 DEBUG 14033 --- [duoc_usuarios] [           main] org.hibernate.HQL_FUNCTIONS              : abs(NUMERIC arg)
2024-10-07T00:01:06.989-03:00 DEBUG 14033 --- [duoc_usuarios] [           main] org.hibernate.HQL_FUNCTIONS              : Double acos(NUMERIC arg)
2024-10-07T00:01:06.989-03:00 DEBUG 14033 --- [duoc_usuarios] [           main] org.hibernate.HQL_FUNCTIONS              : add_months(DATE datetime, INTEGER months)
2024-10-07T00:01:06.989-03:00 DEBUG 14033 --- [duoc_usuarios] [           main] org.hibernate.HQL_FUNCTIONS              : Boolean any(BOOLEAN arg)
2024-10-07T00:01:06.989-03:00 DEBUG 14033 --- [duoc_usuarios] [           main] org.hibernate.HQL_FUNCTIONS              : array( ... )
2024-10-07T00:01:06.989-03:00 DEBUG 14033 --- [duoc_usuarios] [           main] org.hibernate.HQL_FUNCTIONS              : array_agg(arg)
2024-10-07T00:01:06.989-03:00 DEBUG 14033 --- [duoc_usuarios] [           main] org.hibernate.HQL_FUNCTIONS              : array_append( ... )
2024-10-07T00:01:06.989-03:00 DEBUG 14033 --- [duoc_usuarios] [           main] org.hibernate.HQL_FUNCTIONS              : array_concat( ... )
2024-10-07T00:01:06.989-03:00 DEBUG 14033 --- [duoc_usuarios] [           main] org.hibernate.HQL_FUNCTIONS              : Boolean array_contains(ARRAY haystackArray, OBJECT needleElementOrArray)
2024-10-07T00:01:06.989-03:00 DEBUG 14033 --- [duoc_usuarios] [           main] org.hibernate.HQL_FUNCTIONS              : Boolean array_contains_nullable(ARRAY haystackArray, OBJECT needleElementOrArray)
2024-10-07T00:01:06.989-03:00 DEBUG 14033 --- [duoc_usuarios] [           main] org.hibernate.HQL_FUNCTIONS              : array_fill(OBJECT element, INTEGER elementCount)
2024-10-07T00:01:06.989-03:00 DEBUG 14033 --- [duoc_usuarios] [           main] org.hibernate.HQL_FUNCTIONS              : array_fill_list(OBJECT element, INTEGER elementCount)
2024-10-07T00:01:06.989-03:00 DEBUG 14033 --- [duoc_usuarios] [           main] org.hibernate.HQL_FUNCTIONS              : array_get( ... )
2024-10-07T00:01:06.989-03:00 DEBUG 14033 --- [duoc_usuarios] [           main] org.hibernate.HQL_FUNCTIONS              : Integer array_length(ARRAY array)
2024-10-07T00:01:06.989-03:00 DEBUG 14033 --- [duoc_usuarios] [           main] org.hibernate.HQL_FUNCTIONS              : array_list( ... )
2024-10-07T00:01:06.989-03:00 DEBUG 14033 --- [duoc_usuarios] [           main] org.hibernate.HQL_FUNCTIONS              : Boolean array_overlaps(ARRAY array0, OBJECT array1)
2024-10-07T00:01:06.989-03:00 DEBUG 14033 --- [duoc_usuarios] [           main] org.hibernate.HQL_FUNCTIONS              : Boolean array_overlaps_nullable(ARRAY array0, OBJECT array1)
2024-10-07T00:01:06.989-03:00 DEBUG 14033 --- [duoc_usuarios] [           main] org.hibernate.HQL_FUNCTIONS              : Integer array_position(ARRAY array, OBJECT element[, INTEGER startPosition])
2024-10-07T00:01:06.989-03:00 DEBUG 14033 --- [duoc_usuarios] [           main] org.hibernate.HQL_FUNCTIONS              : int[] array_positions(ARRAY array, OBJECT element)
2024-10-07T00:01:06.989-03:00 DEBUG 14033 --- [duoc_usuarios] [           main] org.hibernate.HQL_FUNCTIONS              : List array_positions_list(ARRAY array, OBJECT element)
2024-10-07T00:01:06.989-03:00 DEBUG 14033 --- [duoc_usuarios] [           main] org.hibernate.HQL_FUNCTIONS              : array_prepend( ... )
2024-10-07T00:01:06.989-03:00 DEBUG 14033 --- [duoc_usuarios] [           main] org.hibernate.HQL_FUNCTIONS              : array_remove( ... )
2024-10-07T00:01:06.989-03:00 DEBUG 14033 --- [duoc_usuarios] [           main] org.hibernate.HQL_FUNCTIONS              : array_remove_index( ... )
2024-10-07T00:01:06.989-03:00 DEBUG 14033 --- [duoc_usuarios] [           main] org.hibernate.HQL_FUNCTIONS              : array_replace( ... )
2024-10-07T00:01:06.989-03:00 DEBUG 14033 --- [duoc_usuarios] [           main] org.hibernate.HQL_FUNCTIONS              : array_set( ... )
2024-10-07T00:01:06.989-03:00 DEBUG 14033 --- [duoc_usuarios] [           main] org.hibernate.HQL_FUNCTIONS              : array_slice( ... )
2024-10-07T00:01:06.989-03:00 DEBUG 14033 --- [duoc_usuarios] [           main] org.hibernate.HQL_FUNCTIONS              : String array_to_string( ... )
2024-10-07T00:01:06.989-03:00 DEBUG 14033 --- [duoc_usuarios] [           main] org.hibernate.HQL_FUNCTIONS              : array_trim( ... )
2024-10-07T00:01:06.989-03:00 DEBUG 14033 --- [duoc_usuarios] [           main] org.hibernate.HQL_FUNCTIONS              : Integer ascii(STRING arg)
2024-10-07T00:01:06.989-03:00 DEBUG 14033 --- [duoc_usuarios] [           main] org.hibernate.HQL_FUNCTIONS              : Double asin(NUMERIC arg)
2024-10-07T00:01:06.989-03:00 DEBUG 14033 --- [duoc_usuarios] [           main] org.hibernate.HQL_FUNCTIONS              : Double atan(NUMERIC arg)
2024-10-07T00:01:06.989-03:00 DEBUG 14033 --- [duoc_usuarios] [           main] org.hibernate.HQL_FUNCTIONS              : Double atan2(NUMERIC arg0, NUMERIC arg1)
2024-10-07T00:01:06.989-03:00 DEBUG 14033 --- [duoc_usuarios] [           main] org.hibernate.HQL_FUNCTIONS              : avg(arg)
2024-10-07T00:01:06.989-03:00 DEBUG 14033 --- [duoc_usuarios] [           main] org.hibernate.HQL_FUNCTIONS              : Integer bit_length(STRING_OR_CLOB arg)
2024-10-07T00:01:06.989-03:00 DEBUG 14033 --- [duoc_usuarios] [           main] org.hibernate.HQL_FUNCTIONS              : bitand(arg0, arg1)
2024-10-07T00:01:06.989-03:00 DEBUG 14033 --- [duoc_usuarios] [           main] org.hibernate.HQL_FUNCTIONS              : bitor(arg0, arg1)
2024-10-07T00:01:06.989-03:00 DEBUG 14033 --- [duoc_usuarios] [           main] org.hibernate.HQL_FUNCTIONS              : bitxor(arg0, arg1)
2024-10-07T00:01:06.989-03:00 DEBUG 14033 --- [duoc_usuarios] [           main] org.hibernate.HQL_FUNCTIONS              : cast(arg as Type)
2024-10-07T00:01:06.990-03:00 DEBUG 14033 --- [duoc_usuarios] [           main] org.hibernate.HQL_FUNCTIONS              : ceil(NUMERIC arg)
2024-10-07T00:01:06.990-03:00 DEBUG 14033 --- [duoc_usuarios] [           main] org.hibernate.HQL_FUNCTIONS              : ceiling(NUMERIC arg)
2024-10-07T00:01:06.990-03:00 DEBUG 14033 --- [duoc_usuarios] [           main] org.hibernate.HQL_FUNCTIONS              : Character char(INTEGER arg)
2024-10-07T00:01:06.990-03:00 DEBUG 14033 --- [duoc_usuarios] [           main] org.hibernate.HQL_FUNCTIONS              : Integer character_length(STRING_OR_CLOB arg)
2024-10-07T00:01:06.990-03:00 DEBUG 14033 --- [duoc_usuarios] [           main] org.hibernate.HQL_FUNCTIONS              : Character chr(INTEGER arg)
2024-10-07T00:01:06.990-03:00 DEBUG 14033 --- [duoc_usuarios] [           main] org.hibernate.HQL_FUNCTIONS              : coalesce(arg0[, arg1[, ...]])
2024-10-07T00:01:06.990-03:00 DEBUG 14033 --- [duoc_usuarios] [           main] org.hibernate.HQL_FUNCTIONS              : String collate(STRING string as COLLATION collation)
2024-10-07T00:01:06.990-03:00 DEBUG 14033 --- [duoc_usuarios] [           main] org.hibernate.HQL_FUNCTIONS              : String concat(STRING string0[, STRING string1[, ...]])
2024-10-07T00:01:06.990-03:00 DEBUG 14033 --- [duoc_usuarios] [           main] org.hibernate.HQL_FUNCTIONS              : Double corr(NUMERIC arg0, NUMERIC arg1)
2024-10-07T00:01:06.990-03:00 DEBUG 14033 --- [duoc_usuarios] [           main] org.hibernate.HQL_FUNCTIONS              : Double cos(NUMERIC arg)
2024-10-07T00:01:06.990-03:00 DEBUG 14033 --- [duoc_usuarios] [           main] org.hibernate.HQL_FUNCTIONS              : Double cosh(NUMERIC arg)
2024-10-07T00:01:06.990-03:00 DEBUG 14033 --- [duoc_usuarios] [           main] org.hibernate.HQL_FUNCTIONS              : Long count([distinct ]{arg|*})
2024-10-07T00:01:06.990-03:00 DEBUG 14033 --- [duoc_usuarios] [           main] org.hibernate.HQL_FUNCTIONS              : Double covar_pop(NUMERIC arg0, NUMERIC arg1)
2024-10-07T00:01:06.990-03:00 DEBUG 14033 --- [duoc_usuarios] [           main] org.hibernate.HQL_FUNCTIONS              : Double covar_samp(NUMERIC arg0, NUMERIC arg1)
2024-10-07T00:01:06.990-03:00 DEBUG 14033 --- [duoc_usuarios] [           main] org.hibernate.HQL_FUNCTIONS              : Double cume_dist([arg0[, ...]])
2024-10-07T00:01:06.990-03:00 DEBUG 14033 --- [duoc_usuarios] [           main] org.hibernate.HQL_FUNCTIONS              : Date current date
2024-10-07T00:01:06.990-03:00 DEBUG 14033 --- [duoc_usuarios] [           main] org.hibernate.HQL_FUNCTIONS              : Time current time
2024-10-07T00:01:06.990-03:00 DEBUG 14033 --- [duoc_usuarios] [           main] org.hibernate.HQL_FUNCTIONS              : Timestamp current timestamp
2024-10-07T00:01:06.990-03:00 DEBUG 14033 --- [duoc_usuarios] [           main] org.hibernate.HQL_FUNCTIONS              : Date current_date
2024-10-07T00:01:06.990-03:00 DEBUG 14033 --- [duoc_usuarios] [           main] org.hibernate.HQL_FUNCTIONS              : Instant current_instant
2024-10-07T00:01:06.990-03:00 DEBUG 14033 --- [duoc_usuarios] [           main] org.hibernate.HQL_FUNCTIONS              : Time current_time
2024-10-07T00:01:06.990-03:00 DEBUG 14033 --- [duoc_usuarios] [           main] org.hibernate.HQL_FUNCTIONS              : Timestamp current_timestamp
2024-10-07T00:01:06.990-03:00 DEBUG 14033 --- [duoc_usuarios] [           main] org.hibernate.HQL_FUNCTIONS              : dateadd(TEMPORAL_UNIT field, INTEGER magnitude, TEMPORAL datetime)
2024-10-07T00:01:06.990-03:00 DEBUG 14033 --- [duoc_usuarios] [           main] org.hibernate.HQL_FUNCTIONS              : Long|Double datediff(TEMPORAL_UNIT field, TEMPORAL start, TEMPORAL end)
2024-10-07T00:01:06.990-03:00 DEBUG 14033 --- [duoc_usuarios] [           main] org.hibernate.HQL_FUNCTIONS              : Double degrees(NUMERIC arg)
2024-10-07T00:01:06.990-03:00 DEBUG 14033 --- [duoc_usuarios] [           main] org.hibernate.HQL_FUNCTIONS              : Long dense_rank([arg0[, ...]])
2024-10-07T00:01:06.990-03:00 DEBUG 14033 --- [duoc_usuarios] [           main] org.hibernate.HQL_FUNCTIONS              : Boolean every(BOOLEAN arg)
2024-10-07T00:01:06.990-03:00 DEBUG 14033 --- [duoc_usuarios] [           main] org.hibernate.HQL_FUNCTIONS              : Double exp(NUMERIC arg)
2024-10-07T00:01:06.990-03:00 DEBUG 14033 --- [duoc_usuarios] [           main] org.hibernate.HQL_FUNCTIONS              : extract(TEMPORAL_UNIT field from TEMPORAL arg)
2024-10-07T00:01:06.990-03:00 DEBUG 14033 --- [duoc_usuarios] [           main] org.hibernate.HQL_FUNCTIONS              : first_valueANY value
2024-10-07T00:01:06.990-03:00 DEBUG 14033 --- [duoc_usuarios] [           main] org.hibernate.HQL_FUNCTIONS              : floor(NUMERIC arg)
2024-10-07T00:01:06.990-03:00 DEBUG 14033 --- [duoc_usuarios] [           main] org.hibernate.HQL_FUNCTIONS              : String format(TEMPORAL datetime as STRING pattern)
2024-10-07T00:01:06.990-03:00 DEBUG 14033 --- [duoc_usuarios] [           main] org.hibernate.HQL_FUNCTIONS              : greatest(COMPARABLE arg0, COMPARABLE arg1[, arg2[, ...]])
2024-10-07T00:01:06.990-03:00 DEBUG 14033 --- [duoc_usuarios] [           main] org.hibernate.HQL_FUNCTIONS              : ifnull(arg0, arg1)
2024-10-07T00:01:06.990-03:00 DEBUG 14033 --- [duoc_usuarios] [           main] org.hibernate.HQL_FUNCTIONS              : String initcap(arg)
2024-10-07T00:01:06.990-03:00 DEBUG 14033 --- [duoc_usuarios] [           main] org.hibernate.HQL_FUNCTIONS              : Instant instant
2024-10-07T00:01:06.990-03:00 DEBUG 14033 --- [duoc_usuarios] [           main] org.hibernate.HQL_FUNCTIONS              : Integer instr(STRING string, STRING pattern[, INTEGER start[, INTEGER occurrence]])
2024-10-07T00:01:06.990-03:00 DEBUG 14033 --- [duoc_usuarios] [           main] org.hibernate.HQL_FUNCTIONS              : lagANY value[, INTEGER offset[, ANY default]]
2024-10-07T00:01:06.990-03:00 DEBUG 14033 --- [duoc_usuarios] [           main] org.hibernate.HQL_FUNCTIONS              : Date last_day(DATE arg)
2024-10-07T00:01:06.990-03:00 DEBUG 14033 --- [duoc_usuarios] [           main] org.hibernate.HQL_FUNCTIONS              : last_valueANY value
2024-10-07T00:01:06.990-03:00 DEBUG 14033 --- [duoc_usuarios] [           main] org.hibernate.HQL_FUNCTIONS              : leadANY value[, INTEGER offset[, ANY default]]
2024-10-07T00:01:06.990-03:00 DEBUG 14033 --- [duoc_usuarios] [           main] org.hibernate.HQL_FUNCTIONS              : least(COMPARABLE arg0, COMPARABLE arg1[, arg2[, ...]])
2024-10-07T00:01:06.990-03:00 DEBUG 14033 --- [duoc_usuarios] [           main] org.hibernate.HQL_FUNCTIONS              : String left(STRING string, INTEGER length)
2024-10-07T00:01:06.990-03:00 DEBUG 14033 --- [duoc_usuarios] [           main] org.hibernate.HQL_FUNCTIONS              : Integer length(STRING_OR_CLOB arg)
2024-10-07T00:01:06.990-03:00 DEBUG 14033 --- [duoc_usuarios] [           main] org.hibernate.HQL_FUNCTIONS              : String listagg(STRING arg0, STRING arg1)
2024-10-07T00:01:06.990-03:00 DEBUG 14033 --- [duoc_usuarios] [           main] org.hibernate.HQL_FUNCTIONS              : Double ln(NUMERIC arg)
2024-10-07T00:01:06.990-03:00 DEBUG 14033 --- [duoc_usuarios] [           main] org.hibernate.HQL_FUNCTIONS              : LocalDate local date
2024-10-07T00:01:06.990-03:00 DEBUG 14033 --- [duoc_usuarios] [           main] org.hibernate.HQL_FUNCTIONS              : LocalDateTime local datetime
2024-10-07T00:01:06.990-03:00 DEBUG 14033 --- [duoc_usuarios] [           main] org.hibernate.HQL_FUNCTIONS              : LocalTime local time
2024-10-07T00:01:06.990-03:00 DEBUG 14033 --- [duoc_usuarios] [           main] org.hibernate.HQL_FUNCTIONS              : LocalDate local_date
2024-10-07T00:01:06.990-03:00 DEBUG 14033 --- [duoc_usuarios] [           main] org.hibernate.HQL_FUNCTIONS              : LocalDateTime local_datetime
2024-10-07T00:01:06.990-03:00 DEBUG 14033 --- [duoc_usuarios] [           main] org.hibernate.HQL_FUNCTIONS              : LocalTime local_time
2024-10-07T00:01:06.990-03:00 DEBUG 14033 --- [duoc_usuarios] [           main] org.hibernate.HQL_FUNCTIONS              : Integer locate(pattern, string[, start])
2024-10-07T00:01:06.990-03:00 DEBUG 14033 --- [duoc_usuarios] [           main] org.hibernate.HQL_FUNCTIONS              : Double log(NUMERIC arg0[, NUMERIC arg1])
2024-10-07T00:01:06.990-03:00 DEBUG 14033 --- [duoc_usuarios] [           main] org.hibernate.HQL_FUNCTIONS              : Double log10(NUMERIC arg)
2024-10-07T00:01:06.990-03:00 DEBUG 14033 --- [duoc_usuarios] [           main] org.hibernate.HQL_FUNCTIONS              : String lower(STRING string)
2024-10-07T00:01:06.990-03:00 DEBUG 14033 --- [duoc_usuarios] [           main] org.hibernate.HQL_FUNCTIONS              : String lpad(STRING string, INTEGER length[, STRING padding])
2024-10-07T00:01:06.991-03:00 DEBUG 14033 --- [duoc_usuarios] [           main] org.hibernate.HQL_FUNCTIONS              : String ltrim(STRING string[, STRING characters])
2024-10-07T00:01:06.991-03:00 DEBUG 14033 --- [duoc_usuarios] [           main] org.hibernate.HQL_FUNCTIONS              : max(COMPARABLE arg)
2024-10-07T00:01:06.991-03:00 DEBUG 14033 --- [duoc_usuarios] [           main] org.hibernate.HQL_FUNCTIONS              : Double median(NUMERIC arg)
2024-10-07T00:01:06.991-03:00 DEBUG 14033 --- [duoc_usuarios] [           main] org.hibernate.HQL_FUNCTIONS              : min(COMPARABLE arg)
2024-10-07T00:01:06.991-03:00 DEBUG 14033 --- [duoc_usuarios] [           main] org.hibernate.HQL_FUNCTIONS              : Integer mod(INTEGER arg0, INTEGER arg1)
2024-10-07T00:01:06.991-03:00 DEBUG 14033 --- [duoc_usuarios] [           main] org.hibernate.HQL_FUNCTIONS              : mode()
2024-10-07T00:01:06.991-03:00 DEBUG 14033 --- [duoc_usuarios] [           main] org.hibernate.HQL_FUNCTIONS              : Integer months_between(DATE end, DATE start)
2024-10-07T00:01:06.991-03:00 DEBUG 14033 --- [duoc_usuarios] [           main] org.hibernate.HQL_FUNCTIONS              : nth_valueANY value, INTEGER nth
2024-10-07T00:01:06.991-03:00 DEBUG 14033 --- [duoc_usuarios] [           main] org.hibernate.HQL_FUNCTIONS              : nullif(arg0, arg1)
2024-10-07T00:01:06.991-03:00 DEBUG 14033 --- [duoc_usuarios] [           main] org.hibernate.HQL_FUNCTIONS              : Integer octet_length(STRING_OR_CLOB arg)
2024-10-07T00:01:06.991-03:00 DEBUG 14033 --- [duoc_usuarios] [           main] org.hibernate.HQL_FUNCTIONS              : OffsetDateTime offset datetime
2024-10-07T00:01:06.991-03:00 DEBUG 14033 --- [duoc_usuarios] [           main] org.hibernate.HQL_FUNCTIONS              : OffsetDateTime offset_datetime
2024-10-07T00:01:06.991-03:00 DEBUG 14033 --- [duoc_usuarios] [           main] org.hibernate.HQL_FUNCTIONS              : String overlay(STRING string placing STRING replacement from INTEGER start[ for INTEGER length])
2024-10-07T00:01:06.991-03:00 DEBUG 14033 --- [duoc_usuarios] [           main] org.hibernate.HQL_FUNCTIONS              : String pad(STRING string with INTEGER length {leading|trailing}[ STRING character])
2024-10-07T00:01:06.991-03:00 DEBUG 14033 --- [duoc_usuarios] [           main] org.hibernate.HQL_FUNCTIONS              : Double percent_rank([arg0[, ...]])
2024-10-07T00:01:06.991-03:00 DEBUG 14033 --- [duoc_usuarios] [           main] org.hibernate.HQL_FUNCTIONS              : percentile_cont(NUMERIC arg)
2024-10-07T00:01:06.991-03:00 DEBUG 14033 --- [duoc_usuarios] [           main] org.hibernate.HQL_FUNCTIONS              : percentile_disc(NUMERIC arg)
2024-10-07T00:01:06.991-03:00 DEBUG 14033 --- [duoc_usuarios] [           main] org.hibernate.HQL_FUNCTIONS              : Double pi
2024-10-07T00:01:06.991-03:00 DEBUG 14033 --- [duoc_usuarios] [           main] org.hibernate.HQL_FUNCTIONS              : Integer position(STRING pattern in STRING string)
2024-10-07T00:01:06.991-03:00 DEBUG 14033 --- [duoc_usuarios] [           main] org.hibernate.HQL_FUNCTIONS              : Double power(NUMERIC arg0, NUMERIC arg1)
2024-10-07T00:01:06.991-03:00 DEBUG 14033 --- [duoc_usuarios] [           main] org.hibernate.HQL_FUNCTIONS              : Double radians(NUMERIC arg)
2024-10-07T00:01:06.991-03:00 DEBUG 14033 --- [duoc_usuarios] [           main] org.hibernate.HQL_FUNCTIONS              : Long rank([arg0[, ...]])
2024-10-07T00:01:06.991-03:00 DEBUG 14033 --- [duoc_usuarios] [           main] org.hibernate.HQL_FUNCTIONS              : Double regr_avgx(NUMERIC arg0, NUMERIC arg1)
2024-10-07T00:01:06.991-03:00 DEBUG 14033 --- [duoc_usuarios] [           main] org.hibernate.HQL_FUNCTIONS              : Double regr_avgy(NUMERIC arg0, NUMERIC arg1)
2024-10-07T00:01:06.991-03:00 DEBUG 14033 --- [duoc_usuarios] [           main] org.hibernate.HQL_FUNCTIONS              : Double regr_count(NUMERIC arg0, NUMERIC arg1)
2024-10-07T00:01:06.991-03:00 DEBUG 14033 --- [duoc_usuarios] [           main] org.hibernate.HQL_FUNCTIONS              : Double regr_intercept(NUMERIC arg0, NUMERIC arg1)
2024-10-07T00:01:06.991-03:00 DEBUG 14033 --- [duoc_usuarios] [           main] org.hibernate.HQL_FUNCTIONS              : Double regr_r2(NUMERIC arg0, NUMERIC arg1)
2024-10-07T00:01:06.991-03:00 DEBUG 14033 --- [duoc_usuarios] [           main] org.hibernate.HQL_FUNCTIONS              : Double regr_slope(NUMERIC arg0, NUMERIC arg1)
2024-10-07T00:01:06.991-03:00 DEBUG 14033 --- [duoc_usuarios] [           main] org.hibernate.HQL_FUNCTIONS              : Double regr_sxx(NUMERIC arg0, NUMERIC arg1)
2024-10-07T00:01:06.991-03:00 DEBUG 14033 --- [duoc_usuarios] [           main] org.hibernate.HQL_FUNCTIONS              : Double regr_sxy(NUMERIC arg0, NUMERIC arg1)
2024-10-07T00:01:06.991-03:00 DEBUG 14033 --- [duoc_usuarios] [           main] org.hibernate.HQL_FUNCTIONS              : Double regr_syy(NUMERIC arg0, NUMERIC arg1)
2024-10-07T00:01:06.991-03:00 DEBUG 14033 --- [duoc_usuarios] [           main] org.hibernate.HQL_FUNCTIONS              : String repeat(STRING string, INTEGER times)
2024-10-07T00:01:06.991-03:00 DEBUG 14033 --- [duoc_usuarios] [           main] org.hibernate.HQL_FUNCTIONS              : String replace(STRING string, STRING pattern, STRING replacement)
2024-10-07T00:01:06.991-03:00 DEBUG 14033 --- [duoc_usuarios] [           main] org.hibernate.HQL_FUNCTIONS              : String right(STRING string, INTEGER length)
2024-10-07T00:01:06.991-03:00 DEBUG 14033 --- [duoc_usuarios] [           main] org.hibernate.HQL_FUNCTIONS              : round(NUMERIC number[, INTEGER places])
2024-10-07T00:01:06.991-03:00 DEBUG 14033 --- [duoc_usuarios] [           main] org.hibernate.HQL_FUNCTIONS              : Long row_number()
2024-10-07T00:01:06.991-03:00 DEBUG 14033 --- [duoc_usuarios] [           main] org.hibernate.HQL_FUNCTIONS              : Long rowid
2024-10-07T00:01:06.991-03:00 DEBUG 14033 --- [duoc_usuarios] [           main] org.hibernate.HQL_FUNCTIONS              : Long rownum
2024-10-07T00:01:06.991-03:00 DEBUG 14033 --- [duoc_usuarios] [           main] org.hibernate.HQL_FUNCTIONS              : String rpad(STRING string, INTEGER length[, STRING padding])
2024-10-07T00:01:06.991-03:00 DEBUG 14033 --- [duoc_usuarios] [           main] org.hibernate.HQL_FUNCTIONS              : String rtrim(STRING string[, STRING characters])
2024-10-07T00:01:06.991-03:00 DEBUG 14033 --- [duoc_usuarios] [           main] org.hibernate.HQL_FUNCTIONS              : Integer sign(NUMERIC arg)
2024-10-07T00:01:06.991-03:00 DEBUG 14033 --- [duoc_usuarios] [           main] org.hibernate.HQL_FUNCTIONS              : Double sin(NUMERIC arg)
2024-10-07T00:01:06.991-03:00 DEBUG 14033 --- [duoc_usuarios] [           main] org.hibernate.HQL_FUNCTIONS              : Double sinh(NUMERIC arg)
2024-10-07T00:01:06.991-03:00 DEBUG 14033 --- [duoc_usuarios] [           main] org.hibernate.HQL_FUNCTIONS              : String soundex(arg)
2024-10-07T00:01:06.991-03:00 DEBUG 14033 --- [duoc_usuarios] [           main] org.hibernate.HQL_FUNCTIONS              : Object sql
2024-10-07T00:01:06.991-03:00 DEBUG 14033 --- [duoc_usuarios] [           main] org.hibernate.HQL_FUNCTIONS              : Double sqrt(NUMERIC arg)
2024-10-07T00:01:06.991-03:00 DEBUG 14033 --- [duoc_usuarios] [           main] org.hibernate.HQL_FUNCTIONS              : Double stddev(NUMERIC arg)
2024-10-07T00:01:06.991-03:00 DEBUG 14033 --- [duoc_usuarios] [           main] org.hibernate.HQL_FUNCTIONS              : Double stddev_pop(NUMERIC arg)
2024-10-07T00:01:06.991-03:00 DEBUG 14033 --- [duoc_usuarios] [           main] org.hibernate.HQL_FUNCTIONS              : Double stddev_samp(NUMERIC arg)
2024-10-07T00:01:06.991-03:00 DEBUG 14033 --- [duoc_usuarios] [           main] org.hibernate.HQL_FUNCTIONS              : String str(arg)
2024-10-07T00:01:06.991-03:00 DEBUG 14033 --- [duoc_usuarios] [           main] org.hibernate.HQL_FUNCTIONS              : String substr(STRING string, INTEGER start[, INTEGER length])
2024-10-07T00:01:06.991-03:00 DEBUG 14033 --- [duoc_usuarios] [           main] org.hibernate.HQL_FUNCTIONS              : String substring(STRING string{ from|,} INTEGER start[{ for|,} INTEGER length])
2024-10-07T00:01:06.991-03:00 DEBUG 14033 --- [duoc_usuarios] [           main] org.hibernate.HQL_FUNCTIONS              : sum(arg)
2024-10-07T00:01:06.991-03:00 DEBUG 14033 --- [duoc_usuarios] [           main] org.hibernate.HQL_FUNCTIONS              : Timestamp sysdate
2024-10-07T00:01:06.991-03:00 DEBUG 14033 --- [duoc_usuarios] [           main] org.hibernate.HQL_FUNCTIONS              : Timestamp systimestamp
2024-10-07T00:01:06.991-03:00 DEBUG 14033 --- [duoc_usuarios] [           main] org.hibernate.HQL_FUNCTIONS              : Double tan(NUMERIC arg)
2024-10-07T00:01:06.992-03:00 DEBUG 14033 --- [duoc_usuarios] [           main] org.hibernate.HQL_FUNCTIONS              : Double tanh(NUMERIC arg)
2024-10-07T00:01:06.992-03:00 DEBUG 14033 --- [duoc_usuarios] [           main] org.hibernate.HQL_FUNCTIONS              : timestampadd(TEMPORAL_UNIT field, INTEGER magnitude, TEMPORAL datetime)
2024-10-07T00:01:06.992-03:00 DEBUG 14033 --- [duoc_usuarios] [           main] org.hibernate.HQL_FUNCTIONS              : Long|Double timestampdiff(TEMPORAL_UNIT field, TEMPORAL start, TEMPORAL end)
2024-10-07T00:01:06.992-03:00 DEBUG 14033 --- [duoc_usuarios] [           main] org.hibernate.HQL_FUNCTIONS              : String to_char(ANY arg0[, STRING arg1, STRING arg2])
2024-10-07T00:01:06.992-03:00 DEBUG 14033 --- [duoc_usuarios] [           main] org.hibernate.HQL_FUNCTIONS              : Date to_date(STRING arg0[, STRING arg1, STRING arg2])
2024-10-07T00:01:06.992-03:00 DEBUG 14033 --- [duoc_usuarios] [           main] org.hibernate.HQL_FUNCTIONS              : Double to_number(STRING arg0[, STRING arg1, STRING arg2])
2024-10-07T00:01:06.992-03:00 DEBUG 14033 --- [duoc_usuarios] [           main] org.hibernate.HQL_FUNCTIONS              : Timestamp to_timestamp(STRING arg0[, STRING arg1, STRING arg2])
2024-10-07T00:01:06.992-03:00 DEBUG 14033 --- [duoc_usuarios] [           main] org.hibernate.HQL_FUNCTIONS              : String translate(STRING arg0, STRING arg1, STRING arg2)
2024-10-07T00:01:06.992-03:00 DEBUG 14033 --- [duoc_usuarios] [           main] org.hibernate.HQL_FUNCTIONS              : String trim([[{leading|trailing|both} ][STRING arg0 ]from] STRING arg1)
2024-10-07T00:01:06.992-03:00 DEBUG 14033 --- [duoc_usuarios] [           main] org.hibernate.HQL_FUNCTIONS              : trunc( ... )
2024-10-07T00:01:06.992-03:00 DEBUG 14033 --- [duoc_usuarios] [           main] org.hibernate.HQL_FUNCTIONS              : truncate( ... )
2024-10-07T00:01:06.992-03:00 DEBUG 14033 --- [duoc_usuarios] [           main] org.hibernate.HQL_FUNCTIONS              : String upper(STRING string)
2024-10-07T00:01:06.992-03:00 DEBUG 14033 --- [duoc_usuarios] [           main] org.hibernate.HQL_FUNCTIONS              : Double var_pop(NUMERIC arg)
2024-10-07T00:01:06.992-03:00 DEBUG 14033 --- [duoc_usuarios] [           main] org.hibernate.HQL_FUNCTIONS              : Double var_samp(NUMERIC arg)
2024-10-07T00:01:06.992-03:00 DEBUG 14033 --- [duoc_usuarios] [           main] org.hibernate.HQL_FUNCTIONS              : Double variance(NUMERIC arg)
2024-10-07T00:01:06.995-03:00 DEBUG 14033 --- [duoc_usuarios] [           main] org.hibernate.orm.query.plan.cache       : Starting QueryInterpretationCache(2048)
2024-10-07T00:01:07.042-03:00 DEBUG 14033 --- [duoc_usuarios] [           main] .h.s.i.SessionFactoryServiceRegistryImpl : EventListenerRegistry access via ServiceRegistry is deprecated.  Use `sessionFactory.getEventEngine().getListenerRegistry()` instead
2024-10-07T00:01:07.044-03:00 DEBUG 14033 --- [duoc_usuarios] [           main] h.e.i.EntityCopyObserverFactoryInitiator : Configured EntityCopyObserver strategy: disallow
2024-10-07T00:01:07.096-03:00 DEBUG 14033 --- [duoc_usuarios] [           main] o.h.boot.internal.ClassLoaderAccessImpl  : Not known whether passed class name [com.nathan.duoc_usuarios.dto.UsuarioDto] is safe
2024-10-07T00:01:07.096-03:00 DEBUG 14033 --- [duoc_usuarios] [           main] o.h.boot.internal.ClassLoaderAccessImpl  : No temp ClassLoader provided; using live ClassLoader for loading potentially unsafe class : com.nathan.duoc_usuarios.dto.UsuarioDto
2024-10-07T00:01:07.202-03:00 DEBUG 14033 --- [duoc_usuarios] [           main] o.h.b.i.bytebuddy.BytecodeProviderImpl   : HHH000513: Unable to create the ReflectionOptimizer for [com.nathan.duoc_usuarios.dto.UsuarioDto]: private accessor [alias]
2024-10-07T00:01:07.221-03:00 DEBUG 14033 --- [duoc_usuarios] [           main] o.hibernate.orm.model.mapping.creation   : Starting post-init callbacks
2024-10-07T00:01:07.222-03:00 DEBUG 14033 --- [duoc_usuarios] [           main] o.hibernate.orm.model.mapping.creation   : Starting PostInitCallbackEntry : Entity(com.nathan.duoc_usuarios.dto.UsuarioDto) `staticFetchableList` generator
2024-10-07T00:01:07.259-03:00 DEBUG 14033 --- [duoc_usuarios] [           main] org.hibernate.orm.sql.ast.create         : Created new SQL alias : ud1_0
2024-10-07T00:01:07.260-03:00 DEBUG 14033 --- [duoc_usuarios] [           main] org.hibernate.orm.sql.ast.create         : Registration of TableGroup [StandardTableGroup(com.nathan.duoc_usuarios.dto.UsuarioDto)] with identifierForTableGroup [com.nathan.duoc_usuarios.dto.UsuarioDto] for NavigablePath [com.nathan.duoc_usuarios.dto.UsuarioDto] 
2024-10-07T00:01:07.266-03:00 DEBUG 14033 --- [duoc_usuarios] [           main] org.hibernate.orm.results.graph.AST      : DomainResult Graph:
 \-EntityResultImpl [com.nathan.duoc_usuarios.dto.UsuarioDto]
 |  +-BasicFetch [com.nathan.duoc_usuarios.dto.UsuarioDto.alias]
 |  +-BasicFetch [com.nathan.duoc_usuarios.dto.UsuarioDto.apellidos]
 |  +-BasicFetch [com.nathan.duoc_usuarios.dto.UsuarioDto.direccion]
 |  +-BasicFetch [com.nathan.duoc_usuarios.dto.UsuarioDto.keyWord]
 |  +-BasicFetch [com.nathan.duoc_usuarios.dto.UsuarioDto.nombres]
 |  +-BasicFetch [com.nathan.duoc_usuarios.dto.UsuarioDto.password]
 |  +-BasicFetch [com.nathan.duoc_usuarios.dto.UsuarioDto.rol]
 |  \-BasicFetch [com.nathan.duoc_usuarios.dto.UsuarioDto.vigencia]

2024-10-07T00:01:07.268-03:00 DEBUG 14033 --- [duoc_usuarios] [           main] org.hibernate.orm.sql.ast.tree           : SQL AST Tree:
    SelectStatement {
      FromClause {
        StandardTableGroup (ud1 : com.nathan.duoc_usuarios.dto.UsuarioDto) {
          primaryTableReference : us_usuario as ud1_0
        }
      }
    }

2024-10-07T00:01:07.271-03:00 DEBUG 14033 --- [duoc_usuarios] [           main] o.h.p.entity.AbstractEntityPersister     : Static SQL for entity: com.nathan.duoc_usuarios.dto.UsuarioDto
2024-10-07T00:01:07.272-03:00 DEBUG 14033 --- [duoc_usuarios] [           main] o.h.p.entity.AbstractEntityPersister     :  Version select: select usuario_id from us_usuario where usuario_id=?
2024-10-07T00:01:07.272-03:00 DEBUG 14033 --- [duoc_usuarios] [           main] o.h.p.entity.AbstractEntityPersister     :  Insert (0): insert into us_usuario (alias,apellidos,direccion,key_word,nombres,password,rol_id,vigencia,usuario_id) values (?,?,?,?,?,?,?,?,?)
2024-10-07T00:01:07.272-03:00 DEBUG 14033 --- [duoc_usuarios] [           main] o.h.p.entity.AbstractEntityPersister     :  Update (0): update us_usuario set alias=?,apellidos=?,direccion=?,key_word=?,nombres=?,password=?,rol_id=?,vigencia=? where usuario_id=?
2024-10-07T00:01:07.272-03:00 DEBUG 14033 --- [duoc_usuarios] [           main] o.h.p.entity.AbstractEntityPersister     :  Delete (0): delete from us_usuario where usuario_id=?
2024-10-07T00:01:07.286-03:00  INFO 14033 --- [duoc_usuarios] [           main] o.h.e.t.j.p.i.JtaPlatformInitiator       : HHH000489: No JTA platform available (set 'hibernate.transaction.jta.platform' to enable JTA platform integration)
2024-10-07T00:01:07.287-03:00 DEBUG 14033 --- [duoc_usuarios] [           main] o.h.type.spi.TypeConfiguration$Scope     : Scoping TypeConfiguration [org.hibernate.type.spi.TypeConfiguration@6b030101] to SessionFactoryImplementor [org.hibernate.internal.SessionFactoryImpl@76eee0b1]
2024-10-07T00:01:07.287-03:00 DEBUG 14033 --- [duoc_usuarios] [           main] o.h.query.named.NamedObjectRepository    : Checking 0 named HQL queries
2024-10-07T00:01:07.287-03:00 DEBUG 14033 --- [duoc_usuarios] [           main] o.h.query.named.NamedObjectRepository    : Checking 0 named SQL queries
2024-10-07T00:01:07.288-03:00 DEBUG 14033 --- [duoc_usuarios] [           main] .h.t.s.s.SchemaManagementToolCoordinator : No schema actions specified for contributor `orm`; doing nothing
2024-10-07T00:01:07.288-03:00 DEBUG 14033 --- [duoc_usuarios] [           main] .h.t.s.s.SchemaManagementToolCoordinator : No actions found; doing nothing
2024-10-07T00:01:07.288-03:00 DEBUG 14033 --- [duoc_usuarios] [           main] o.h.internal.SessionFactoryRegistry      : Initializing SessionFactoryRegistry : org.hibernate.internal.SessionFactoryRegistry@1701beb3
2024-10-07T00:01:07.288-03:00 DEBUG 14033 --- [duoc_usuarios] [           main] o.h.internal.SessionFactoryRegistry      : Registering SessionFactory: 3b202f4d-6e41-4b0b-856e-905a7da3dc82 (<unnamed>)
2024-10-07T00:01:07.288-03:00 DEBUG 14033 --- [duoc_usuarios] [           main] o.h.internal.SessionFactoryRegistry      : Not binding SessionFactory to JNDI, no JNDI name configured
2024-10-07T00:01:07.288-03:00 DEBUG 14033 --- [duoc_usuarios] [           main] o.hibernate.internal.SessionFactoryImpl  : Instantiated SessionFactory
2024-10-07T00:01:07.288-03:00  INFO 14033 --- [duoc_usuarios] [           main] j.LocalContainerEntityManagerFactoryBean : Initialized JPA EntityManagerFactory for persistence unit 'default'
2024-10-07T00:01:07.291-03:00 DEBUG 14033 --- [duoc_usuarios] [           main] o.s.b.f.s.DefaultListableBeanFactory     : Creating shared instance of singleton bean 'duocUsuariosApplication'
2024-10-07T00:01:07.292-03:00 DEBUG 14033 --- [duoc_usuarios] [           main] o.s.b.f.s.DefaultListableBeanFactory     : Creating shared instance of singleton bean 'org.springframework.boot.test.autoconfigure.jdbc.TestDatabaseAutoConfiguration'
2024-10-07T00:01:07.293-03:00 DEBUG 14033 --- [duoc_usuarios] [           main] o.s.b.f.s.DefaultListableBeanFactory     : Creating shared instance of singleton bean 'org.springframework.boot.autoconfigure.jdbc.metadata.DataSourcePoolMetadataProvidersConfiguration'
2024-10-07T00:01:07.293-03:00 DEBUG 14033 --- [duoc_usuarios] [           main] o.s.b.f.s.DefaultListableBeanFactory     : Creating shared instance of singleton bean 'org.springframework.boot.autoconfigure.jdbc.DataSourceAutoConfiguration'
2024-10-07T00:01:07.293-03:00 DEBUG 14033 --- [duoc_usuarios] [           main] o.s.b.f.s.DefaultListableBeanFactory     : Creating shared instance of singleton bean 'org.springframework.boot.context.properties.EnableConfigurationPropertiesRegistrar.methodValidationExcludeFilter'
2024-10-07T00:01:07.295-03:00 DEBUG 14033 --- [duoc_usuarios] [           main] o.s.b.f.s.DefaultListableBeanFactory     : Creating shared instance of singleton bean 'org.springframework.boot.autoconfigure.orm.jpa.JpaBaseConfiguration$PersistenceManagedTypesConfiguration'
2024-10-07T00:01:07.295-03:00 DEBUG 14033 --- [duoc_usuarios] [           main] o.s.b.f.s.DefaultListableBeanFactory     : Creating shared instance of singleton bean 'transactionManager'
2024-10-07T00:01:07.301-03:00 DEBUG 14033 --- [duoc_usuarios] [           main] o.s.b.f.s.DefaultListableBeanFactory     : Creating shared instance of singleton bean 'org.springframework.boot.autoconfigure.orm.jpa.HibernateJpaAutoConfiguration'
2024-10-07T00:01:07.302-03:00 DEBUG 14033 --- [duoc_usuarios] [           main] o.s.b.f.s.DefaultListableBeanFactory     : Creating shared instance of singleton bean 'org.springframework.boot.autoconfigure.data.jpa.JpaRepositoriesAutoConfiguration'
2024-10-07T00:01:07.302-03:00 DEBUG 14033 --- [duoc_usuarios] [           main] o.s.b.f.s.DefaultListableBeanFactory     : Creating shared instance of singleton bean 'jpaSharedEM_entityManagerFactory'
2024-10-07T00:01:07.321-03:00 DEBUG 14033 --- [duoc_usuarios] [           main] o.s.b.f.s.DefaultListableBeanFactory     : Creating shared instance of singleton bean 'org.springframework.data.jpa.util.JpaMetamodelCacheCleanup'
2024-10-07T00:01:07.322-03:00 DEBUG 14033 --- [duoc_usuarios] [           main] o.s.b.f.s.DefaultListableBeanFactory     : Creating shared instance of singleton bean 'org.springframework.data.jpa.repository.support.JpaEvaluationContextExtension'
2024-10-07T00:01:07.323-03:00 DEBUG 14033 --- [duoc_usuarios] [           main] o.s.b.f.s.DefaultListableBeanFactory     : Creating shared instance of singleton bean 'jpa.named-queries#0'
2024-10-07T00:01:07.325-03:00 DEBUG 14033 --- [duoc_usuarios] [           main] o.s.b.f.s.DefaultListableBeanFactory     : Creating shared instance of singleton bean 'jpa.UsuarioRepository.fragments#0'
2024-10-07T00:01:07.325-03:00 DEBUG 14033 --- [duoc_usuarios] [           main] o.s.b.f.s.DefaultListableBeanFactory     : Creating shared instance of singleton bean 'usuarioRepository'
2024-10-07T00:01:07.336-03:00 DEBUG 14033 --- [duoc_usuarios] [           main] o.s.b.f.s.DefaultListableBeanFactory     : Creating shared instance of singleton bean 'jpaMappingContext'
2024-10-07T00:01:07.336-03:00 DEBUG 14033 --- [duoc_usuarios] [           main] .c.JpaMetamodelMappingContextFactoryBean : Initializing JpaMetamodelMappingContext…
2024-10-07T00:01:07.344-03:00 DEBUG 14033 --- [duoc_usuarios] [           main] .c.JpaMetamodelMappingContextFactoryBean : Finished initializing JpaMetamodelMappingContext
2024-10-07T00:01:07.361-03:00 DEBUG 14033 --- [duoc_usuarios] [           main] tor$SharedEntityManagerInvocationHandler : Creating new EntityManager for shared EntityManager invocation
2024-10-07T00:01:07.375-03:00 DEBUG 14033 --- [duoc_usuarios] [           main] o.h.stat.internal.StatisticsInitiator    : Statistics initialized [enabled=false]
2024-10-07T00:01:07.377-03:00 DEBUG 14033 --- [duoc_usuarios] [           main] tor$SharedEntityManagerInvocationHandler : Creating new EntityManager for shared EntityManager invocation
2024-10-07T00:01:07.405-03:00 DEBUG 14033 --- [duoc_usuarios] [           main] o.s.d.r.c.s.RepositoryFactorySupport     : Initializing repository instance for com.nathan.duoc_usuarios.repository.UsuarioRepository…
2024-10-07T00:01:07.414-03:00 DEBUG 14033 --- [duoc_usuarios] [           main] tor$SharedEntityManagerInvocationHandler : Creating new EntityManager for shared EntityManager invocation
2024-10-07T00:01:07.432-03:00 DEBUG 14033 --- [duoc_usuarios] [           main] o.s.d.r.c.s.RepositoryFactorySupport     : Finished creation of repository instance for com.nathan.duoc_usuarios.repository.UsuarioRepository.
2024-10-07T00:01:07.433-03:00 DEBUG 14033 --- [duoc_usuarios] [           main] o.s.b.f.s.DefaultListableBeanFactory     : Creating shared instance of singleton bean 'data-jpa.repository-aot-processor#0'
2024-10-07T00:01:07.435-03:00 DEBUG 14033 --- [duoc_usuarios] [           main] o.s.b.f.s.DefaultListableBeanFactory     : Creating shared instance of singleton bean 'org.springframework.boot.autoconfigure.jdbc.JdbcTemplateConfiguration'
2024-10-07T00:01:07.435-03:00 DEBUG 14033 --- [duoc_usuarios] [           main] o.s.b.f.s.DefaultListableBeanFactory     : Creating shared instance of singleton bean 'jdbcTemplate'
2024-10-07T00:01:07.436-03:00 DEBUG 14033 --- [duoc_usuarios] [           main] o.s.b.f.s.DefaultListableBeanFactory     : Creating shared instance of singleton bean 'spring.jdbc-org.springframework.boot.autoconfigure.jdbc.JdbcProperties'
2024-10-07T00:01:07.436-03:00 DEBUG 14033 --- [duoc_usuarios] [           main] o.s.b.f.s.DefaultListableBeanFactory     : Autowiring by type from bean name 'jdbcTemplate' via factory method to bean named 'dataSource'
2024-10-07T00:01:07.436-03:00 DEBUG 14033 --- [duoc_usuarios] [           main] o.s.b.f.s.DefaultListableBeanFactory     : Autowiring by type from bean name 'jdbcTemplate' via factory method to bean named 'spring.jdbc-org.springframework.boot.autoconfigure.jdbc.JdbcProperties'
2024-10-07T00:01:07.443-03:00 DEBUG 14033 --- [duoc_usuarios] [           main] o.s.b.f.s.DefaultListableBeanFactory     : Creating shared instance of singleton bean 'org.springframework.boot.autoconfigure.jdbc.NamedParameterJdbcTemplateConfiguration'
2024-10-07T00:01:07.443-03:00 DEBUG 14033 --- [duoc_usuarios] [           main] o.s.b.f.s.DefaultListableBeanFactory     : Creating shared instance of singleton bean 'namedParameterJdbcTemplate'
2024-10-07T00:01:07.443-03:00 DEBUG 14033 --- [duoc_usuarios] [           main] o.s.b.f.s.DefaultListableBeanFactory     : Autowiring by type from bean name 'namedParameterJdbcTemplate' via factory method to bean named 'jdbcTemplate'
2024-10-07T00:01:07.445-03:00 DEBUG 14033 --- [duoc_usuarios] [           main] o.s.b.f.s.DefaultListableBeanFactory     : Creating shared instance of singleton bean 'org.springframework.boot.autoconfigure.jdbc.JdbcTemplateAutoConfiguration'
2024-10-07T00:01:07.446-03:00 DEBUG 14033 --- [duoc_usuarios] [           main] o.s.b.f.s.DefaultListableBeanFactory     : Creating shared instance of singleton bean 'org.springframework.boot.autoconfigure.jdbc.JdbcClientAutoConfiguration'
2024-10-07T00:01:07.446-03:00 DEBUG 14033 --- [duoc_usuarios] [           main] o.s.b.f.s.DefaultListableBeanFactory     : Creating shared instance of singleton bean 'jdbcClient'
2024-10-07T00:01:07.446-03:00 DEBUG 14033 --- [duoc_usuarios] [           main] o.s.b.f.s.DefaultListableBeanFactory     : Autowiring by type from bean name 'jdbcClient' via factory method to bean named 'namedParameterJdbcTemplate'
2024-10-07T00:01:07.447-03:00 DEBUG 14033 --- [duoc_usuarios] [           main] o.s.b.f.s.DefaultListableBeanFactory     : Creating shared instance of singleton bean 'org.springframework.boot.autoconfigure.sql.init.SqlInitializationAutoConfiguration'
2024-10-07T00:01:07.447-03:00 DEBUG 14033 --- [duoc_usuarios] [           main] o.s.b.f.s.DefaultListableBeanFactory     : Creating shared instance of singleton bean 'org.springframework.boot.autoconfigure.jdbc.DataSourceTransactionManagerAutoConfiguration$JdbcTransactionManagerConfiguration'
2024-10-07T00:01:07.447-03:00 DEBUG 14033 --- [duoc_usuarios] [           main] o.s.b.f.s.DefaultListableBeanFactory     : Creating shared instance of singleton bean 'org.springframework.boot.autoconfigure.jdbc.DataSourceTransactionManagerAutoConfiguration'
2024-10-07T00:01:07.447-03:00 DEBUG 14033 --- [duoc_usuarios] [           main] o.s.b.f.s.DefaultListableBeanFactory     : Creating shared instance of singleton bean 'org.springframework.boot.autoconfigure.transaction.TransactionAutoConfiguration$EnableTransactionManagementConfiguration$CglibAutoProxyConfiguration'
2024-10-07T00:01:07.447-03:00 DEBUG 14033 --- [duoc_usuarios] [           main] o.s.b.f.s.DefaultListableBeanFactory     : Creating shared instance of singleton bean 'org.springframework.boot.autoconfigure.transaction.TransactionAutoConfiguration$EnableTransactionManagementConfiguration'
2024-10-07T00:01:07.448-03:00 DEBUG 14033 --- [duoc_usuarios] [           main] o.s.b.f.s.DefaultListableBeanFactory     : Creating shared instance of singleton bean 'org.springframework.boot.autoconfigure.transaction.TransactionAutoConfiguration$TransactionTemplateConfiguration'
2024-10-07T00:01:07.448-03:00 DEBUG 14033 --- [duoc_usuarios] [           main] o.s.b.f.s.DefaultListableBeanFactory     : Creating shared instance of singleton bean 'transactionTemplate'
2024-10-07T00:01:07.448-03:00 DEBUG 14033 --- [duoc_usuarios] [           main] o.s.b.f.s.DefaultListableBeanFactory     : Autowiring by type from bean name 'transactionTemplate' via factory method to bean named 'transactionManager'
2024-10-07T00:01:07.449-03:00 DEBUG 14033 --- [duoc_usuarios] [           main] o.s.b.f.s.DefaultListableBeanFactory     : Creating shared instance of singleton bean 'org.springframework.boot.autoconfigure.transaction.TransactionAutoConfiguration'
2024-10-07T00:01:07.449-03:00 DEBUG 14033 --- [duoc_usuarios] [           main] o.s.b.f.s.DefaultListableBeanFactory     : Creating shared instance of singleton bean 'org.springframework.boot.test.autoconfigure.orm.jpa.TestEntityManagerAutoConfiguration'
2024-10-07T00:01:07.449-03:00 DEBUG 14033 --- [duoc_usuarios] [           main] o.s.b.f.s.DefaultListableBeanFactory     : Creating shared instance of singleton bean 'testEntityManager'
2024-10-07T00:01:07.450-03:00 DEBUG 14033 --- [duoc_usuarios] [           main] o.s.b.f.s.DefaultListableBeanFactory     : Autowiring by type from bean name 'testEntityManager' via factory method to bean named 'entityManagerFactory'
2024-10-07T00:01:07.455-03:00 DEBUG 14033 --- [duoc_usuarios] [           main] o.s.c.support.DefaultLifecycleProcessor  : Starting beans in phase -2147483647
2024-10-07T00:01:07.455-03:00 DEBUG 14033 --- [duoc_usuarios] [           main] o.s.c.support.DefaultLifecycleProcessor  : Successfully started bean 'springBootLoggingLifecycle'
2024-10-07T00:01:07.457-03:00 DEBUG 14033 --- [duoc_usuarios] [           main] .s.b.a.l.ConditionEvaluationReportLogger : 


============================
CONDITIONS EVALUATION REPORT
============================


Positive matches:
-----------------

   DataSourceAutoConfiguration matched:
      - @ConditionalOnClass found required classes 'javax.sql.DataSource', 'org.springframework.jdbc.datasource.embedded.EmbeddedDatabaseType' (OnClassCondition)
      - @ConditionalOnMissingBean (types: io.r2dbc.spi.ConnectionFactory; SearchStrategy: all) did not find any beans (OnBeanCondition)

   DataSourceAutoConfiguration.PooledDataSourceConfiguration matched:
      - AnyNestedCondition 1 matched 1 did not; NestedCondition on DataSourceAutoConfiguration.PooledDataSourceCondition.PooledDataSourceAvailable PooledDataSource found supported DataSource; NestedCondition on DataSourceAutoConfiguration.PooledDataSourceCondition.ExplicitType @ConditionalOnProperty (spring.datasource.type) did not find property 'type' (DataSourceAutoConfiguration.PooledDataSourceCondition)
      - @ConditionalOnMissingBean (types: javax.sql.DataSource,javax.sql.XADataSource; SearchStrategy: all) did not find any beans (OnBeanCondition)

   DataSourceAutoConfiguration.PooledDataSourceConfiguration#jdbcConnectionDetails matched:
      - @ConditionalOnMissingBean (types: org.springframework.boot.autoconfigure.jdbc.JdbcConnectionDetails; SearchStrategy: all) did not find any beans (OnBeanCondition)

   DataSourceConfiguration.Hikari matched:
      - @ConditionalOnClass found required class 'com.zaxxer.hikari.HikariDataSource' (OnClassCondition)
      - @ConditionalOnProperty (spring.datasource.type=com.zaxxer.hikari.HikariDataSource) matched (OnPropertyCondition)
      - @ConditionalOnMissingBean (types: javax.sql.DataSource; SearchStrategy: all) did not find any beans (OnBeanCondition)

   DataSourceInitializationConfiguration matched:
      - @ConditionalOnClass found required class 'org.springframework.jdbc.datasource.init.DatabasePopulator' (OnClassCondition)
      - @ConditionalOnSingleCandidate (types: javax.sql.DataSource; SearchStrategy: all) found a single bean 'dataSource'; @ConditionalOnMissingBean (types: org.springframework.boot.autoconfigure.sql.init.SqlDataSourceScriptDatabaseInitializer,org.springframework.boot.autoconfigure.sql.init.SqlR2dbcScriptDatabaseInitializer; SearchStrategy: all) did not find any beans (OnBeanCondition)

   DataSourcePoolMetadataProvidersConfiguration.HikariPoolDataSourceMetadataProviderConfiguration matched:
      - @ConditionalOnClass found required class 'com.zaxxer.hikari.HikariDataSource' (OnClassCondition)

   DataSourceTransactionManagerAutoConfiguration matched:
      - @ConditionalOnClass found required classes 'javax.sql.DataSource', 'org.springframework.jdbc.core.JdbcTemplate', 'org.springframework.transaction.TransactionManager' (OnClassCondition)

   DataSourceTransactionManagerAutoConfiguration.JdbcTransactionManagerConfiguration matched:
      - @ConditionalOnSingleCandidate (types: javax.sql.DataSource; SearchStrategy: all) found a single bean 'dataSource' (OnBeanCondition)

   HibernateJpaAutoConfiguration matched:
      - @ConditionalOnClass found required classes 'org.springframework.orm.jpa.LocalContainerEntityManagerFactoryBean', 'jakarta.persistence.EntityManager', 'org.hibernate.engine.spi.SessionImplementor' (OnClassCondition)

   HibernateJpaConfiguration matched:
      - @ConditionalOnSingleCandidate (types: javax.sql.DataSource; SearchStrategy: all) found a single bean 'dataSource' (OnBeanCondition)

   JdbcClientAutoConfiguration matched:
      - @ConditionalOnSingleCandidate (types: org.springframework.jdbc.core.namedparam.NamedParameterJdbcTemplate; SearchStrategy: all) found a single bean 'namedParameterJdbcTemplate'; @ConditionalOnMissingBean (types: org.springframework.jdbc.core.simple.JdbcClient; SearchStrategy: all) did not find any beans (OnBeanCondition)

   JdbcTemplateAutoConfiguration matched:
      - @ConditionalOnClass found required classes 'javax.sql.DataSource', 'org.springframework.jdbc.core.JdbcTemplate' (OnClassCondition)
      - @ConditionalOnSingleCandidate (types: javax.sql.DataSource; SearchStrategy: all) found a single bean 'dataSource' (OnBeanCondition)

   JdbcTemplateConfiguration matched:
      - @ConditionalOnMissingBean (types: org.springframework.jdbc.core.JdbcOperations; SearchStrategy: all) did not find any beans (OnBeanCondition)

   JpaBaseConfiguration#entityManagerFactory matched:
      - @ConditionalOnMissingBean (types: org.springframework.orm.jpa.LocalContainerEntityManagerFactoryBean,jakarta.persistence.EntityManagerFactory; SearchStrategy: all) did not find any beans (OnBeanCondition)

   JpaBaseConfiguration#entityManagerFactoryBuilder matched:
      - @ConditionalOnMissingBean (types: org.springframework.boot.orm.jpa.EntityManagerFactoryBuilder; SearchStrategy: all) did not find any beans (OnBeanCondition)

   JpaBaseConfiguration#jpaVendorAdapter matched:
      - @ConditionalOnMissingBean (types: org.springframework.orm.jpa.JpaVendorAdapter; SearchStrategy: all) did not find any beans (OnBeanCondition)

   JpaBaseConfiguration#transactionManager matched:
      - @ConditionalOnMissingBean (types: org.springframework.transaction.TransactionManager; SearchStrategy: all) did not find any beans (OnBeanCondition)

   JpaBaseConfiguration.PersistenceManagedTypesConfiguration matched:
      - @ConditionalOnMissingBean (types: org.springframework.orm.jpa.LocalContainerEntityManagerFactoryBean,jakarta.persistence.EntityManagerFactory; SearchStrategy: all) did not find any beans (OnBeanCondition)

   JpaBaseConfiguration.PersistenceManagedTypesConfiguration#persistenceManagedTypes matched:
      - @ConditionalOnMissingBean (types: org.springframework.orm.jpa.persistenceunit.PersistenceManagedTypes; SearchStrategy: all) did not find any beans (OnBeanCondition)

   JpaRepositoriesAutoConfiguration matched:
      - @ConditionalOnClass found required class 'org.springframework.data.jpa.repository.JpaRepository' (OnClassCondition)
      - @ConditionalOnProperty (spring.data.jpa.repositories.enabled=true) matched (OnPropertyCondition)
      - @ConditionalOnBean (types: javax.sql.DataSource; SearchStrategy: all) found bean 'dataSource'; @ConditionalOnMissingBean (types: org.springframework.data.jpa.repository.support.JpaRepositoryFactoryBean,org.springframework.data.jpa.repository.config.JpaRepositoryConfigExtension; SearchStrategy: all) did not find any beans (OnBeanCondition)

   NamedParameterJdbcTemplateConfiguration matched:
      - @ConditionalOnSingleCandidate (types: org.springframework.jdbc.core.JdbcTemplate; SearchStrategy: all) found a single bean 'jdbcTemplate'; @ConditionalOnMissingBean (types: org.springframework.jdbc.core.namedparam.NamedParameterJdbcOperations; SearchStrategy: all) did not find any beans (OnBeanCondition)

   NoOpCacheConfiguration matched:
      - Cache org.springframework.boot.autoconfigure.cache.NoOpCacheConfiguration NONE cache type (CacheCondition)

   SqlInitializationAutoConfiguration matched:
      - @ConditionalOnProperty (spring.sql.init.enabled) matched (OnPropertyCondition)
      - NoneNestedConditions 0 matched 1 did not; NestedCondition on SqlInitializationAutoConfiguration.SqlInitializationModeCondition.ModeIsNever @ConditionalOnProperty (spring.sql.init.mode=never) did not find property 'mode' (SqlInitializationAutoConfiguration.SqlInitializationModeCondition)

   TestEntityManagerAutoConfiguration matched:
      - @ConditionalOnClass found required class 'jakarta.persistence.EntityManagerFactory' (OnClassCondition)

   TestEntityManagerAutoConfiguration#testEntityManager matched:
      - @ConditionalOnMissingBean (types: org.springframework.boot.test.autoconfigure.orm.jpa.TestEntityManager; SearchStrategy: all) did not find any beans (OnBeanCondition)

   TransactionAutoConfiguration matched:
      - @ConditionalOnClass found required class 'org.springframework.transaction.PlatformTransactionManager' (OnClassCondition)

   TransactionAutoConfiguration.EnableTransactionManagementConfiguration matched:
      - @ConditionalOnBean (types: org.springframework.transaction.TransactionManager; SearchStrategy: all) found bean 'transactionManager'; @ConditionalOnMissingBean (types: org.springframework.transaction.annotation.AbstractTransactionManagementConfiguration; SearchStrategy: all) did not find any beans (OnBeanCondition)

   TransactionAutoConfiguration.EnableTransactionManagementConfiguration.CglibAutoProxyConfiguration matched:
      - @ConditionalOnProperty (spring.aop.proxy-target-class=true) matched (OnPropertyCondition)

   TransactionAutoConfiguration.TransactionTemplateConfiguration matched:
      - @ConditionalOnSingleCandidate (types: org.springframework.transaction.PlatformTransactionManager; SearchStrategy: all) found a single bean 'transactionManager' (OnBeanCondition)

   TransactionAutoConfiguration.TransactionTemplateConfiguration#transactionTemplate matched:
      - @ConditionalOnMissingBean (types: org.springframework.transaction.support.TransactionOperations; SearchStrategy: all) did not find any beans (OnBeanCondition)


Negative matches:
-----------------

   Cache2kCacheConfiguration:
      Did not match:
         - @ConditionalOnClass did not find required class 'org.cache2k.Cache2kBuilder' (OnClassCondition)

   CacheAutoConfiguration:
      Did not match:
         - @ConditionalOnBean (types: org.springframework.cache.interceptor.CacheAspectSupport; SearchStrategy: all) did not find any beans of type org.springframework.cache.interceptor.CacheAspectSupport (OnBeanCondition)
      Matched:
         - @ConditionalOnClass found required class 'org.springframework.cache.CacheManager' (OnClassCondition)

   CacheAutoConfiguration.CacheManagerEntityManagerFactoryDependsOnPostProcessor:
      Did not match:
         - Ancestor org.springframework.boot.autoconfigure.cache.CacheAutoConfiguration did not match (ConditionEvaluationReport.AncestorsMatchedCondition)
      Matched:
         - @ConditionalOnClass found required class 'org.springframework.orm.jpa.LocalContainerEntityManagerFactoryBean' (OnClassCondition)

   CaffeineCacheConfiguration:
      Did not match:
         - @ConditionalOnClass did not find required class 'com.github.benmanes.caffeine.cache.Caffeine' (OnClassCondition)

   CouchbaseCacheConfiguration:
      Did not match:
         - @ConditionalOnClass did not find required class 'com.couchbase.client.java.Cluster' (OnClassCondition)

   DataSourceAutoConfiguration.EmbeddedDatabaseConfiguration:
      Did not match:
         - EmbeddedDataSource spring.datasource.url is set (DataSourceAutoConfiguration.EmbeddedDatabaseCondition)

   DataSourceCheckpointRestoreConfiguration:
      Did not match:
         - @ConditionalOnClass did not find required class 'org.crac.Resource' (OnClassCondition)

   DataSourceConfiguration.Dbcp2:
      Did not match:
         - @ConditionalOnClass did not find required class 'org.apache.commons.dbcp2.BasicDataSource' (OnClassCondition)

   DataSourceConfiguration.Generic:
      Did not match:
         - @ConditionalOnProperty (spring.datasource.type) did not find property 'spring.datasource.type' (OnPropertyCondition)

   DataSourceConfiguration.OracleUcp:
      Did not match:
         - @ConditionalOnClass did not find required class 'oracle.ucp.jdbc.PoolDataSourceImpl' (OnClassCondition)

   DataSourceConfiguration.Tomcat:
      Did not match:
         - @ConditionalOnClass did not find required class 'org.apache.tomcat.jdbc.pool.DataSource' (OnClassCondition)

   DataSourceJmxConfiguration:
      Did not match:
         - @ConditionalOnProperty (spring.jmx.enabled=true) found different value in property 'enabled' (OnPropertyCondition)

   DataSourcePoolMetadataProvidersConfiguration.CommonsDbcp2PoolDataSourceMetadataProviderConfiguration:
      Did not match:
         - @ConditionalOnClass did not find required class 'org.apache.commons.dbcp2.BasicDataSource' (OnClassCondition)

   DataSourcePoolMetadataProvidersConfiguration.OracleUcpPoolDataSourceMetadataProviderConfiguration:
      Did not match:
         - @ConditionalOnClass did not find required class 'oracle.ucp.jdbc.PoolDataSource' (OnClassCondition)

   DataSourcePoolMetadataProvidersConfiguration.TomcatDataSourcePoolMetadataProviderConfiguration:
      Did not match:
         - @ConditionalOnClass did not find required class 'org.apache.tomcat.jdbc.pool.DataSource' (OnClassCondition)

   DataSourceTransactionManagerAutoConfiguration.JdbcTransactionManagerConfiguration#transactionManager:
      Did not match:
         - @ConditionalOnMissingBean (types: org.springframework.transaction.TransactionManager; SearchStrategy: all) found beans of type 'org.springframework.transaction.TransactionManager' transactionManager (OnBeanCondition)

   FlywayAutoConfiguration:
      Did not match:
         - @ConditionalOnClass did not find required class 'org.flywaydb.core.Flyway' (OnClassCondition)

   GenericCacheConfiguration:
      Did not match:
         - Cache org.springframework.boot.autoconfigure.cache.GenericCacheConfiguration unknown cache type (CacheCondition)

   HazelcastCacheConfiguration:
      Did not match:
         - @ConditionalOnClass did not find required class 'com.hazelcast.core.HazelcastInstance' (OnClassCondition)

   InfinispanCacheConfiguration:
      Did not match:
         - @ConditionalOnClass did not find required class 'org.infinispan.spring.embedded.provider.SpringEmbeddedCacheManager' (OnClassCondition)

   JCacheCacheConfiguration:
      Did not match:
         - @ConditionalOnClass did not find required class 'javax.cache.Caching' (OnClassCondition)

   JpaBaseConfiguration.JpaWebConfiguration:
      Did not match:
         - not a servlet web application (OnWebApplicationCondition)
      Matched:
         - @ConditionalOnClass found required class 'org.springframework.web.servlet.config.annotation.WebMvcConfigurer' (OnClassCondition)

   JpaRepositoriesAutoConfiguration#entityManagerFactoryBootstrapExecutorCustomizer:
      Did not match:
         - AnyNestedCondition 0 matched 2 did not; NestedCondition on JpaRepositoriesAutoConfiguration.BootstrapExecutorCondition.LazyBootstrapMode @ConditionalOnProperty (spring.data.jpa.repositories.bootstrap-mode=lazy) found different value in property 'bootstrap-mode'; NestedCondition on JpaRepositoriesAutoConfiguration.BootstrapExecutorCondition.DeferredBootstrapMode @ConditionalOnProperty (spring.data.jpa.repositories.bootstrap-mode=deferred) found different value in property 'bootstrap-mode' (JpaRepositoriesAutoConfiguration.BootstrapExecutorCondition)

   LiquibaseAutoConfiguration:
      Did not match:
         - @ConditionalOnClass did not find required class 'liquibase.change.DatabaseChange' (OnClassCondition)

   R2dbcInitializationConfiguration:
      Did not match:
         - @ConditionalOnClass did not find required classes 'io.r2dbc.spi.ConnectionFactory', 'org.springframework.r2dbc.connection.init.DatabasePopulator' (OnClassCondition)

   RedisCacheConfiguration:
      Did not match:
         - @ConditionalOnClass did not find required class 'org.springframework.data.redis.connection.RedisConnectionFactory' (OnClassCondition)

   SimpleCacheConfiguration:
      Did not match:
         - Cache org.springframework.boot.autoconfigure.cache.SimpleCacheConfiguration unknown cache type (CacheCondition)

   TestDatabaseAutoConfiguration#dataSource:
      Did not match:
         - @ConditionalOnProperty (spring.test.database.replace=AUTO_CONFIGURED) found different value in property 'replace' (OnPropertyCondition)

   TestDatabaseAutoConfiguration#embeddedDataSourceBeanFactoryPostProcessor:
      Did not match:
         - @ConditionalOnProperty (spring.test.database.replace=ANY) found different value in property 'replace' (OnPropertyCondition)

   TransactionAutoConfiguration#transactionalOperator:
      Did not match:
         - @ConditionalOnSingleCandidate (types: org.springframework.transaction.ReactiveTransactionManager; SearchStrategy: all) did not find any beans (OnBeanCondition)

   TransactionAutoConfiguration.AspectJTransactionManagementConfiguration:
      Did not match:
         - @ConditionalOnBean (types: org.springframework.transaction.aspectj.AbstractTransactionAspect; SearchStrategy: all) did not find any beans of type org.springframework.transaction.aspectj.AbstractTransactionAspect (OnBeanCondition)

   TransactionAutoConfiguration.EnableTransactionManagementConfiguration.JdkDynamicAutoProxyConfiguration:
      Did not match:
         - @ConditionalOnProperty (spring.aop.proxy-target-class=false) did not find property 'proxy-target-class' (OnPropertyCondition)


Exclusions:
-----------

    None


Unconditional classes:
----------------------

    org.springframework.boot.test.autoconfigure.jdbc.TestDatabaseAutoConfiguration



2024-10-07T00:01:07.458-03:00  INFO 14033 --- [duoc_usuarios] [           main] c.n.d.repository.UsuasrioRepositoryTest  : Started UsuasrioRepositoryTest in 2.819 seconds (process running for 3.473)
2024-10-07T00:01:07.460-03:00 DEBUG 14033 --- [duoc_usuarios] [           main] o.s.boot.devtools.restart.Restarter      : Creating new Restarter for thread Thread[#1,main,5,main]
2024-10-07T00:01:07.461-03:00 DEBUG 14033 --- [duoc_usuarios] [           main] org.springframework.test.context.cache   : Spring test ApplicationContext cache statistics: [DefaultContextCache@36dc6b9 size = 1, maxSize = 32, parentContextCount = 0, hitCount = 0, missCount = 1, failureCount = 0]
2024-10-07T00:01:07.463-03:00 DEBUG 14033 --- [duoc_usuarios] [           main] org.springframework.test.context.cache   : Spring test ApplicationContext cache statistics: [DefaultContextCache@36dc6b9 size = 1, maxSize = 32, parentContextCount = 0, hitCount = 1, missCount = 1, failureCount = 0]
2024-10-07T00:01:07.465-03:00 DEBUG 14033 --- [duoc_usuarios] [           main] sContextBeforeModesTestExecutionListener : Before test method: class [UsuasrioRepositoryTest], method [guardarUsuarioTest], class annotated with @DirtiesContext [false] with mode [null], method annotated with @DirtiesContext [false] with mode [null]
2024-10-07T00:01:07.467-03:00 DEBUG 14033 --- [duoc_usuarios] [           main] t.c.t.TransactionalTestExecutionListener : Explicit transaction definition [PROPAGATION_REQUIRED,ISOLATION_DEFAULT] found for test class [com.nathan.duoc_usuarios.repository.UsuasrioRepositoryTest] and test method [guardarUsuarioTest]
2024-10-07T00:01:07.467-03:00 DEBUG 14033 --- [duoc_usuarios] [           main] org.springframework.test.context.cache   : Spring test ApplicationContext cache statistics: [DefaultContextCache@36dc6b9 size = 1, maxSize = 32, parentContextCount = 0, hitCount = 2, missCount = 1, failureCount = 0]
2024-10-07T00:01:07.468-03:00 DEBUG 14033 --- [duoc_usuarios] [           main] t.c.t.TransactionalTestExecutionListener : No method-level @Rollback override: using default rollback [true] for test method [public void com.nathan.duoc_usuarios.repository.UsuasrioRepositoryTest.guardarUsuarioTest()]
2024-10-07T00:01:07.468-03:00 DEBUG 14033 --- [duoc_usuarios] [           main] o.s.orm.jpa.JpaTransactionManager        : Creating new transaction with name [com.nathan.duoc_usuarios.repository.UsuasrioRepositoryTest.guardarUsuarioTest]: PROPAGATION_REQUIRED,ISOLATION_DEFAULT
2024-10-07T00:01:07.468-03:00 DEBUG 14033 --- [duoc_usuarios] [           main] o.s.orm.jpa.JpaTransactionManager        : Opened new EntityManager [SessionImpl(1332370633<open>)] for JPA transaction
2024-10-07T00:01:07.470-03:00 DEBUG 14033 --- [duoc_usuarios] [           main] o.h.e.t.internal.TransactionImpl         : On TransactionImpl creation, JpaCompliance#isJpaTransactionComplianceEnabled == false
2024-10-07T00:01:07.470-03:00 DEBUG 14033 --- [duoc_usuarios] [           main] o.h.e.t.internal.TransactionImpl         : begin
2024-10-07T00:01:07.480-03:00 DEBUG 14033 --- [duoc_usuarios] [           main] o.s.orm.jpa.JpaTransactionManager        : Exposing JPA transaction as JDBC [org.springframework.orm.jpa.vendor.HibernateJpaDialect$HibernateConnectionHandle@69d2c460]
2024-10-07T00:01:07.481-03:00 DEBUG 14033 --- [duoc_usuarios] [           main] o.s.t.c.transaction.TransactionContext   : Began transaction (1) for test class [com.nathan.duoc_usuarios.repository.UsuasrioRepositoryTest]; test method [guardarUsuarioTest]; transaction manager [org.springframework.orm.jpa.JpaTransactionManager@3bf41cd0]; rollback [true]
2024-10-07T00:01:07.481-03:00 DEBUG 14033 --- [duoc_usuarios] [           main] org.springframework.test.context.cache   : Spring test ApplicationContext cache statistics: [DefaultContextCache@36dc6b9 size = 1, maxSize = 32, parentContextCount = 0, hitCount = 3, missCount = 1, failureCount = 0]
2024-10-07T00:01:07.482-03:00 DEBUG 14033 --- [duoc_usuarios] [           main] org.springframework.test.context.cache   : Spring test ApplicationContext cache statistics: [DefaultContextCache@36dc6b9 size = 1, maxSize = 32, parentContextCount = 0, hitCount = 4, missCount = 1, failureCount = 0]
2024-10-07T00:01:07.875-03:00 DEBUG 14033 --- [duoc_usuarios] [           main] org.springframework.test.context.cache   : Spring test ApplicationContext cache statistics: [DefaultContextCache@36dc6b9 size = 1, maxSize = 32, parentContextCount = 0, hitCount = 5, missCount = 1, failureCount = 0]
2024-10-07T00:01:07.879-03:00 DEBUG 14033 --- [duoc_usuarios] [           main] o.s.orm.jpa.JpaTransactionManager        : Found thread-bound EntityManager [SessionImpl(1332370633<open>)] for JPA transaction
2024-10-07T00:01:07.879-03:00 DEBUG 14033 --- [duoc_usuarios] [           main] o.s.orm.jpa.JpaTransactionManager        : Participating in existing transaction
2024-10-07T00:01:07.881-03:00 DEBUG 14033 --- [duoc_usuarios] [           main] o.h.j.internal.PersistenceUnitUtilImpl   : jakarta.persistence.PersistenceUnitUtil.getIdentifier is only intended to work with enhanced entities (although Hibernate also adapts this support to its proxies); however the passed entity was not enhanced (nor a proxy).. may not be able to read identifier
2024-10-07T00:01:07.885-03:00 DEBUG 14033 --- [duoc_usuarios] [           main] org.hibernate.SQL                        : select seq_usuario_id.nextval from dual
Hibernate: select seq_usuario_id.nextval from dual
2024-10-07T00:01:07.912-03:00 DEBUG 14033 --- [duoc_usuarios] [           main] o.h.id.enhanced.SequenceStructure        : Sequence value obtained: 3
2024-10-07T00:01:07.912-03:00 DEBUG 14033 --- [duoc_usuarios] [           main] o.h.e.i.AbstractSaveEventListener        : Generated identifier: 3, using strategy: org.hibernate.id.enhanced.SequenceStyleGenerator
2024-10-07T00:01:07.920-03:00 DEBUG 14033 --- [duoc_usuarios] [           main] org.springframework.test.context.cache   : Spring test ApplicationContext cache statistics: [DefaultContextCache@36dc6b9 size = 1, maxSize = 32, parentContextCount = 0, hitCount = 6, missCount = 1, failureCount = 0]
2024-10-07T00:01:07.920-03:00 DEBUG 14033 --- [duoc_usuarios] [           main] org.springframework.test.context.cache   : Spring test ApplicationContext cache statistics: [DefaultContextCache@36dc6b9 size = 1, maxSize = 32, parentContextCount = 0, hitCount = 7, missCount = 1, failureCount = 0]
2024-10-07T00:01:07.920-03:00 DEBUG 14033 --- [duoc_usuarios] [           main] org.springframework.test.context.cache   : Spring test ApplicationContext cache statistics: [DefaultContextCache@36dc6b9 size = 1, maxSize = 32, parentContextCount = 0, hitCount = 8, missCount = 1, failureCount = 0]
2024-10-07T00:01:07.921-03:00 DEBUG 14033 --- [duoc_usuarios] [           main] org.springframework.test.context.cache   : Spring test ApplicationContext cache statistics: [DefaultContextCache@36dc6b9 size = 1, maxSize = 32, parentContextCount = 0, hitCount = 9, missCount = 1, failureCount = 0]
2024-10-07T00:01:07.921-03:00 DEBUG 14033 --- [duoc_usuarios] [           main] org.springframework.test.context.cache   : Spring test ApplicationContext cache statistics: [DefaultContextCache@36dc6b9 size = 1, maxSize = 32, parentContextCount = 0, hitCount = 10, missCount = 1, failureCount = 0]
2024-10-07T00:01:07.924-03:00 DEBUG 14033 --- [duoc_usuarios] [           main] org.springframework.test.context.cache   : Spring test ApplicationContext cache statistics: [DefaultContextCache@36dc6b9 size = 1, maxSize = 32, parentContextCount = 0, hitCount = 11, missCount = 1, failureCount = 0]
2024-10-07T00:01:07.925-03:00 DEBUG 14033 --- [duoc_usuarios] [           main] o.s.orm.jpa.JpaTransactionManager        : Initiating transaction rollback
2024-10-07T00:01:07.925-03:00 DEBUG 14033 --- [duoc_usuarios] [           main] o.s.orm.jpa.JpaTransactionManager        : Rolling back JPA transaction on EntityManager [SessionImpl(1332370633<open>)]
2024-10-07T00:01:07.925-03:00 DEBUG 14033 --- [duoc_usuarios] [           main] o.h.e.t.internal.TransactionImpl         : rolling back
2024-10-07T00:01:07.939-03:00 DEBUG 14033 --- [duoc_usuarios] [           main] o.s.orm.jpa.JpaTransactionManager        : Closing JPA EntityManager [SessionImpl(1332370633<open>)] after transaction
2024-10-07T00:01:07.939-03:00 DEBUG 14033 --- [duoc_usuarios] [           main] o.s.t.c.transaction.TransactionContext   : Rolled back transaction (1) for test class [com.nathan.duoc_usuarios.repository.UsuasrioRepositoryTest]; test method [guardarUsuarioTest]
2024-10-07T00:01:07.941-03:00 DEBUG 14033 --- [duoc_usuarios] [           main] .c.s.DirtiesContextTestExecutionListener : After test method: class [UsuasrioRepositoryTest], method [guardarUsuarioTest], class annotated with @DirtiesContext [false] with mode [null], method annotated with @DirtiesContext [false] with mode [null]
]]></system-out>
    <system-err><![CDATA[WARNING: A Java agent has been loaded dynamically (/Users/jonathanbernal/.m2/repository/net/bytebuddy/byte-buddy-agent/1.14.19/byte-buddy-agent-1.14.19.jar)
WARNING: If a serviceability tool is in use, please run with -XX:+EnableDynamicAgentLoading to hide this warning
WARNING: If a serviceability tool is not in use, please run with -Djdk.instrument.traceUsage for more information
WARNING: Dynamic loading of agents will be disallowed by default in a future release
]]></system-err>
  </testcase>
</testsuite>